2018-03-22 20:05:45,974 - base.py[line:152] - WARNING: Not Found: /favicon.ico
2018-03-22 20:39:50,416 - exception.py[line:135] - ERROR: Internal Server Error: /showDetail/
Traceback (most recent call last):
  File "/usr/local/lib/python3.5/dist-packages/django/template/base.py", line 507, in parse
    compile_func = self.tags[command]
KeyError: 'endfor'

During handling of the above exception, another exception occurred:

Traceback (most recent call last):
  File "/usr/local/lib/python3.5/dist-packages/django/core/handlers/exception.py", line 41, in inner
    response = get_response(request)
  File "/usr/local/lib/python3.5/dist-packages/django/core/handlers/base.py", line 187, in _get_response
    response = self.process_exception_by_middleware(e, request)
  File "/usr/local/lib/python3.5/dist-packages/django/core/handlers/base.py", line 185, in _get_response
    response = wrapped_callback(request, *callback_args, **callback_kwargs)
  File "/usr/local/lib/python3.5/dist-packages/django/views/decorators/csrf.py", line 58, in wrapped_view
    return view_func(*args, **kwargs)
  File "/home/alex/PycharmProjects/dangjianyun/dangjiansite/views.py", line 783, in showDetail
    return render(request, 'showDetail.html', ret)
  File "/usr/local/lib/python3.5/dist-packages/django/shortcuts.py", line 30, in render
    content = loader.render_to_string(template_name, context, request, using=using)
  File "/usr/local/lib/python3.5/dist-packages/django/template/loader.py", line 67, in render_to_string
    template = get_template(template_name, using=using)
  File "/usr/local/lib/python3.5/dist-packages/django/template/loader.py", line 21, in get_template
    return engine.get_template(template_name)
  File "/usr/local/lib/python3.5/dist-packages/django/template/backends/django.py", line 39, in get_template
    return Template(self.engine.get_template(template_name), self)
  File "/usr/local/lib/python3.5/dist-packages/django/template/engine.py", line 162, in get_template
    template, origin = self.find_template(template_name)
  File "/usr/local/lib/python3.5/dist-packages/django/template/engine.py", line 136, in find_template
    name, template_dirs=dirs, skip=skip,
  File "/usr/local/lib/python3.5/dist-packages/django/template/loaders/base.py", line 44, in get_template
    contents, origin, origin.template_name, self.engine,
  File "/usr/local/lib/python3.5/dist-packages/django/template/base.py", line 191, in __init__
    self.nodelist = self.compile_nodelist()
  File "/usr/local/lib/python3.5/dist-packages/django/template/base.py", line 230, in compile_nodelist
    return parser.parse()
  File "/usr/local/lib/python3.5/dist-packages/django/template/base.py", line 509, in parse
    self.invalid_block_tag(token, command, parse_until)
  File "/usr/local/lib/python3.5/dist-packages/django/template/base.py", line 571, in invalid_block_tag
    "or load this tag?" % (token.lineno, command)
django.template.exceptions.TemplateSyntaxError: Invalid block tag on line 52: 'endfor'. Did you forget to register or load this tag?
2018-03-22 20:39:51,691 - exception.py[line:135] - ERROR: Internal Server Error: /showDetail/
Traceback (most recent call last):
  File "/usr/local/lib/python3.5/dist-packages/django/template/base.py", line 507, in parse
    compile_func = self.tags[command]
KeyError: 'endfor'

During handling of the above exception, another exception occurred:

Traceback (most recent call last):
  File "/usr/local/lib/python3.5/dist-packages/django/core/handlers/exception.py", line 41, in inner
    response = get_response(request)
  File "/usr/local/lib/python3.5/dist-packages/django/core/handlers/base.py", line 187, in _get_response
    response = self.process_exception_by_middleware(e, request)
  File "/usr/local/lib/python3.5/dist-packages/django/core/handlers/base.py", line 185, in _get_response
    response = wrapped_callback(request, *callback_args, **callback_kwargs)
  File "/usr/local/lib/python3.5/dist-packages/django/views/decorators/csrf.py", line 58, in wrapped_view
    return view_func(*args, **kwargs)
  File "/home/alex/PycharmProjects/dangjianyun/dangjiansite/views.py", line 783, in showDetail
    return render(request, 'showDetail.html', ret)
  File "/usr/local/lib/python3.5/dist-packages/django/shortcuts.py", line 30, in render
    content = loader.render_to_string(template_name, context, request, using=using)
  File "/usr/local/lib/python3.5/dist-packages/django/template/loader.py", line 67, in render_to_string
    template = get_template(template_name, using=using)
  File "/usr/local/lib/python3.5/dist-packages/django/template/loader.py", line 21, in get_template
    return engine.get_template(template_name)
  File "/usr/local/lib/python3.5/dist-packages/django/template/backends/django.py", line 39, in get_template
    return Template(self.engine.get_template(template_name), self)
  File "/usr/local/lib/python3.5/dist-packages/django/template/engine.py", line 162, in get_template
    template, origin = self.find_template(template_name)
  File "/usr/local/lib/python3.5/dist-packages/django/template/engine.py", line 136, in find_template
    name, template_dirs=dirs, skip=skip,
  File "/usr/local/lib/python3.5/dist-packages/django/template/loaders/base.py", line 44, in get_template
    contents, origin, origin.template_name, self.engine,
  File "/usr/local/lib/python3.5/dist-packages/django/template/base.py", line 191, in __init__
    self.nodelist = self.compile_nodelist()
  File "/usr/local/lib/python3.5/dist-packages/django/template/base.py", line 230, in compile_nodelist
    return parser.parse()
  File "/usr/local/lib/python3.5/dist-packages/django/template/base.py", line 509, in parse
    self.invalid_block_tag(token, command, parse_until)
  File "/usr/local/lib/python3.5/dist-packages/django/template/base.py", line 571, in invalid_block_tag
    "or load this tag?" % (token.lineno, command)
django.template.exceptions.TemplateSyntaxError: Invalid block tag on line 52: 'endfor'. Did you forget to register or load this tag?
2018-03-22 21:34:12,869 - base.py[line:152] - WARNING: Not Found: /adduser/
2018-03-22 21:34:57,246 - exception.py[line:135] - ERROR: Internal Server Error: /adduser/
Traceback (most recent call last):
  File "/usr/local/lib/python3.5/dist-packages/django/core/handlers/exception.py", line 41, in inner
    response = get_response(request)
  File "/usr/local/lib/python3.5/dist-packages/django/core/handlers/base.py", line 198, in _get_response
    "returned None instead." % (callback.__module__, view_name)
ValueError: The view dangjiansite.views.adduser didn't return an HttpResponse object. It returned None instead.
2018-03-23 13:17:50,870 - base.py[line:152] - WARNING: Not Found: /
2018-03-23 13:50:22,833 - base.py[line:152] - WARNING: Not Found: /
2018-03-23 14:03:48,504 - base.py[line:152] - WARNING: Not Found: /l
2018-03-23 14:03:51,051 - base.py[line:152] - WARNING: Not Found: /
2018-03-23 22:30:09,317 - base.py[line:152] - WARNING: Not Found: /
2018-03-23 22:30:09,338 - base.py[line:152] - WARNING: Not Found: /
2018-03-23 22:30:09,416 - base.py[line:152] - WARNING: Not Found: /
2018-03-23 22:30:14,875 - base.py[line:152] - WARNING: Not Found: /
2018-03-23 22:30:17,179 - base.py[line:152] - WARNING: Not Found: /
2018-03-23 22:30:17,202 - base.py[line:152] - WARNING: Not Found: /
2018-03-23 22:30:17,214 - base.py[line:152] - WARNING: Not Found: /
2018-03-23 22:30:17,270 - base.py[line:152] - WARNING: Not Found: /
2018-03-23 23:22:46,043 - base.py[line:152] - WARNING: Not Found: /static/css/mycss.css
2018-03-23 23:22:46,320 - base.py[line:152] - WARNING: Not Found: /favicon.ico
2018-03-23 23:22:57,624 - base.py[line:152] - WARNING: Not Found: /adduser/
2018-03-23 23:23:41,196 - base.py[line:152] - WARNING: Not Found: /reserch
2018-03-23 23:23:53,352 - base.py[line:152] - WARNING: Not Found: /static/admin/js/vendor/jquery/jquery.min.js
2018-03-23 23:23:53,355 - base.py[line:152] - WARNING: Not Found: /static/admin/js/vendor/xregexp/xregexp.min.js
2018-03-23 23:23:53,357 - base.py[line:152] - WARNING: Not Found: /static/admin/js/prepopulate.min.js
2018-03-23 23:23:53,358 - base.py[line:152] - WARNING: Not Found: /static/admin/js/actions.min.js
2018-03-23 23:23:53,377 - base.py[line:152] - WARNING: Not Found: /static/admin/js/vendor/jquery/jquery.min.js
2018-03-23 23:23:53,383 - base.py[line:152] - WARNING: Not Found: /static/admin/js/actions.min.js
2018-03-23 23:23:53,395 - base.py[line:152] - WARNING: Not Found: /static/admin/js/prepopulate.min.js
2018-03-23 23:23:53,407 - base.py[line:152] - WARNING: Not Found: /static/admin/js/vendor/xregexp/xregexp.min.js
2018-03-23 23:24:00,353 - base.py[line:152] - WARNING: Not Found: /static/admin/js/vendor/jquery/jquery.min.js
2018-03-23 23:24:00,355 - base.py[line:152] - WARNING: Not Found: /static/admin/js/actions.min.js
2018-03-23 23:24:00,358 - base.py[line:152] - WARNING: Not Found: /static/admin/js/prepopulate.min.js
2018-03-23 23:24:00,361 - base.py[line:152] - WARNING: Not Found: /static/admin/js/vendor/xregexp/xregexp.min.js
2018-03-23 23:24:00,366 - base.py[line:152] - WARNING: Not Found: /static/admin/js/vendor/jquery/jquery.min.js
2018-03-23 23:24:00,370 - base.py[line:152] - WARNING: Not Found: /static/admin/js/actions.min.js
2018-03-23 23:24:00,374 - base.py[line:152] - WARNING: Not Found: /static/admin/js/prepopulate.min.js
2018-03-23 23:24:00,379 - base.py[line:152] - WARNING: Not Found: /static/admin/js/vendor/xregexp/xregexp.min.js
2018-03-23 23:26:09,951 - exception.py[line:135] - ERROR: Internal Server Error: /adduser/
Traceback (most recent call last):
  File "/usr/local/lib/python3.5/dist-packages/django/core/handlers/exception.py", line 41, in inner
    response = get_response(request)
  File "/usr/local/lib/python3.5/dist-packages/django/core/handlers/base.py", line 198, in _get_response
    "returned None instead." % (callback.__module__, view_name)
ValueError: The view dangjiansite.views.adduser didn't return an HttpResponse object. It returned None instead.
2018-03-23 23:26:19,218 - base.py[line:152] - WARNING: Not Found: /static/admin/js/vendor/jquery/jquery.min.js
2018-03-23 23:26:19,219 - base.py[line:152] - WARNING: Not Found: /static/admin/js/actions.min.js
2018-03-23 23:26:19,222 - base.py[line:152] - WARNING: Not Found: /static/admin/js/prepopulate.min.js
2018-03-23 23:26:19,226 - base.py[line:152] - WARNING: Not Found: /static/admin/js/vendor/xregexp/xregexp.min.js
2018-03-23 23:26:19,246 - base.py[line:152] - WARNING: Not Found: /static/admin/js/vendor/jquery/jquery.min.js
2018-03-23 23:26:19,253 - base.py[line:152] - WARNING: Not Found: /static/admin/js/actions.min.js
2018-03-23 23:26:19,258 - base.py[line:152] - WARNING: Not Found: /static/admin/js/prepopulate.min.js
2018-03-23 23:26:19,262 - base.py[line:152] - WARNING: Not Found: /static/admin/js/vendor/xregexp/xregexp.min.js
2018-03-23 23:26:23,280 - base.py[line:152] - WARNING: Not Found: /static/admin/js/actions.min.js
2018-03-23 23:26:23,282 - base.py[line:152] - WARNING: Not Found: /static/admin/js/vendor/jquery/jquery.min.js
2018-03-23 23:26:23,286 - base.py[line:152] - WARNING: Not Found: /static/admin/js/prepopulate.min.js
2018-03-23 23:26:23,294 - base.py[line:152] - WARNING: Not Found: /static/admin/js/vendor/xregexp/xregexp.min.js
2018-03-23 23:26:23,301 - base.py[line:152] - WARNING: Not Found: /static/admin/js/vendor/jquery/jquery.min.js
2018-03-23 23:26:23,311 - base.py[line:152] - WARNING: Not Found: /static/admin/js/actions.min.js
2018-03-23 23:26:23,318 - base.py[line:152] - WARNING: Not Found: /static/admin/js/prepopulate.min.js
2018-03-23 23:26:23,322 - base.py[line:152] - WARNING: Not Found: /static/admin/js/vendor/xregexp/xregexp.min.js
2018-03-23 23:26:37,848 - base.py[line:152] - WARNING: Not Found: /static/admin/css/base.css
2018-03-23 23:26:37,849 - base.py[line:152] - WARNING: Not Found: /static/admin/css/changelists.css
2018-03-23 23:26:37,857 - base.py[line:152] - WARNING: Not Found: /static/admin/js/core.js
2018-03-23 23:26:37,859 - base.py[line:152] - WARNING: Not Found: /static/admin/js/vendor/jquery/jquery.min.js
2018-03-23 23:26:37,860 - base.py[line:152] - WARNING: Not Found: /static/admin/js/jquery.init.js
2018-03-23 23:26:37,864 - base.py[line:152] - WARNING: Not Found: /static/admin/js/admin/RelatedObjectLookups.js
2018-03-23 23:26:37,870 - base.py[line:152] - WARNING: Not Found: /static/admin/js/actions.min.js
2018-03-23 23:26:37,879 - base.py[line:152] - WARNING: Not Found: /static/admin/js/urlify.js
2018-03-23 23:26:37,882 - base.py[line:152] - WARNING: Not Found: /static/admin/js/vendor/xregexp/xregexp.min.js
2018-03-23 23:26:37,883 - base.py[line:152] - WARNING: Not Found: /static/admin/js/prepopulate.min.js
2018-03-23 23:26:37,906 - base.py[line:152] - WARNING: Not Found: /static/admin/js/core.js
2018-03-23 23:26:37,909 - base.py[line:152] - WARNING: Not Found: /static/admin/js/vendor/jquery/jquery.min.js
2018-03-23 23:26:37,912 - base.py[line:152] - WARNING: Not Found: /static/admin/js/jquery.init.js
2018-03-23 23:26:37,916 - base.py[line:152] - WARNING: Not Found: /static/admin/js/admin/RelatedObjectLookups.js
2018-03-23 23:26:37,920 - base.py[line:152] - WARNING: Not Found: /static/admin/js/actions.min.js
2018-03-23 23:26:37,923 - base.py[line:152] - WARNING: Not Found: /static/admin/js/urlify.js
2018-03-23 23:26:37,926 - base.py[line:152] - WARNING: Not Found: /static/admin/js/prepopulate.min.js
2018-03-23 23:26:37,931 - base.py[line:152] - WARNING: Not Found: /static/admin/js/vendor/xregexp/xregexp.min.js
2018-03-23 23:26:38,774 - base.py[line:152] - WARNING: Not Found: /static/admin/css/base.css
2018-03-23 23:26:38,775 - base.py[line:152] - WARNING: Not Found: /static/admin/css/changelists.css
2018-03-23 23:26:38,780 - base.py[line:152] - WARNING: Not Found: /static/admin/js/core.js
2018-03-23 23:26:38,785 - base.py[line:152] - WARNING: Not Found: /static/admin/js/vendor/jquery/jquery.min.js
2018-03-23 23:26:38,787 - base.py[line:152] - WARNING: Not Found: /static/admin/js/admin/RelatedObjectLookups.js
2018-03-23 23:26:38,788 - base.py[line:152] - WARNING: Not Found: /static/admin/js/actions.min.js
2018-03-23 23:26:38,789 - base.py[line:152] - WARNING: Not Found: /static/admin/js/jquery.init.js
2018-03-23 23:26:38,798 - base.py[line:152] - WARNING: Not Found: /static/admin/js/urlify.js
2018-03-23 23:26:38,800 - base.py[line:152] - WARNING: Not Found: /static/admin/js/prepopulate.min.js
2018-03-23 23:26:38,804 - base.py[line:152] - WARNING: Not Found: /static/admin/js/vendor/xregexp/xregexp.min.js
2018-03-23 23:26:38,808 - base.py[line:152] - WARNING: Not Found: /static/admin/js/core.js
2018-03-23 23:26:38,812 - base.py[line:152] - WARNING: Not Found: /static/admin/js/vendor/jquery/jquery.min.js
2018-03-23 23:26:38,817 - base.py[line:152] - WARNING: Not Found: /static/admin/js/jquery.init.js
2018-03-23 23:26:38,826 - base.py[line:152] - WARNING: Not Found: /static/admin/js/admin/RelatedObjectLookups.js
2018-03-23 23:26:38,828 - base.py[line:152] - WARNING: Not Found: /static/admin/js/actions.min.js
2018-03-23 23:26:38,834 - base.py[line:152] - WARNING: Not Found: /static/admin/js/urlify.js
2018-03-23 23:26:38,838 - base.py[line:152] - WARNING: Not Found: /static/admin/js/prepopulate.min.js
2018-03-23 23:26:38,842 - base.py[line:152] - WARNING: Not Found: /static/admin/js/vendor/xregexp/xregexp.min.js
2018-03-23 23:26:39,486 - base.py[line:152] - WARNING: Not Found: /static/admin/css/base.css
2018-03-23 23:26:39,489 - base.py[line:152] - WARNING: Not Found: /static/admin/css/changelists.css
2018-03-23 23:26:39,493 - base.py[line:152] - WARNING: Not Found: /static/admin/js/vendor/jquery/jquery.min.js
2018-03-23 23:26:39,495 - base.py[line:152] - WARNING: Not Found: /static/admin/js/core.js
2018-03-23 23:26:39,497 - base.py[line:152] - WARNING: Not Found: /static/admin/js/jquery.init.js
2018-03-23 23:26:39,499 - base.py[line:152] - WARNING: Not Found: /static/admin/js/admin/RelatedObjectLookups.js
2018-03-23 23:26:39,502 - base.py[line:152] - WARNING: Not Found: /static/admin/js/actions.min.js
2018-03-23 23:26:39,514 - base.py[line:152] - WARNING: Not Found: /static/admin/js/urlify.js
2018-03-23 23:26:39,515 - base.py[line:152] - WARNING: Not Found: /static/admin/js/prepopulate.min.js
2018-03-23 23:26:39,520 - base.py[line:152] - WARNING: Not Found: /static/admin/js/vendor/xregexp/xregexp.min.js
2018-03-23 23:26:39,522 - base.py[line:152] - WARNING: Not Found: /static/admin/js/core.js
2018-03-23 23:26:39,530 - base.py[line:152] - WARNING: Not Found: /static/admin/js/vendor/jquery/jquery.min.js
2018-03-23 23:26:39,535 - base.py[line:152] - WARNING: Not Found: /static/admin/js/jquery.init.js
2018-03-23 23:26:39,538 - base.py[line:152] - WARNING: Not Found: /static/admin/js/admin/RelatedObjectLookups.js
2018-03-23 23:26:39,540 - base.py[line:152] - WARNING: Not Found: /static/admin/js/actions.min.js
2018-03-23 23:26:39,544 - base.py[line:152] - WARNING: Not Found: /static/admin/js/urlify.js
2018-03-23 23:26:39,548 - base.py[line:152] - WARNING: Not Found: /static/admin/js/prepopulate.min.js
2018-03-23 23:26:39,552 - base.py[line:152] - WARNING: Not Found: /static/admin/js/vendor/xregexp/xregexp.min.js
2018-03-23 23:26:40,096 - base.py[line:152] - WARNING: Not Found: /static/admin/css/base.css
2018-03-23 23:26:40,100 - base.py[line:152] - WARNING: Not Found: /static/admin/css/changelists.css
2018-03-23 23:26:40,102 - base.py[line:152] - WARNING: Not Found: /static/admin/js/vendor/jquery/jquery.min.js
2018-03-23 23:26:40,103 - base.py[line:152] - WARNING: Not Found: /static/admin/js/jquery.init.js
2018-03-23 23:26:40,104 - base.py[line:152] - WARNING: Not Found: /static/admin/js/core.js
2018-03-23 23:26:40,113 - base.py[line:152] - WARNING: Not Found: /static/admin/js/admin/RelatedObjectLookups.js
2018-03-23 23:26:40,115 - base.py[line:152] - WARNING: Not Found: /static/admin/js/actions.min.js
2018-03-23 23:26:40,117 - base.py[line:152] - WARNING: Not Found: /static/admin/js/urlify.js
2018-03-23 23:26:40,121 - base.py[line:152] - WARNING: Not Found: /static/admin/js/prepopulate.min.js
2018-03-23 23:26:40,126 - base.py[line:152] - WARNING: Not Found: /static/admin/js/vendor/xregexp/xregexp.min.js
2018-03-23 23:26:40,137 - base.py[line:152] - WARNING: Not Found: /static/admin/js/core.js
2018-03-23 23:26:40,141 - base.py[line:152] - WARNING: Not Found: /static/admin/js/vendor/jquery/jquery.min.js
2018-03-23 23:26:40,144 - base.py[line:152] - WARNING: Not Found: /static/admin/js/jquery.init.js
2018-03-23 23:26:40,147 - base.py[line:152] - WARNING: Not Found: /static/admin/js/admin/RelatedObjectLookups.js
2018-03-23 23:26:40,151 - base.py[line:152] - WARNING: Not Found: /static/admin/js/actions.min.js
2018-03-23 23:26:40,230 - base.py[line:152] - WARNING: Not Found: /static/admin/css/base.css
2018-03-23 23:26:40,232 - base.py[line:152] - WARNING: Not Found: /static/admin/css/changelists.css
2018-03-23 23:26:40,238 - base.py[line:152] - WARNING: Not Found: /static/admin/js/core.js
2018-03-23 23:26:40,244 - base.py[line:152] - WARNING: Not Found: /static/admin/js/vendor/jquery/jquery.min.js
2018-03-23 23:26:40,245 - base.py[line:152] - WARNING: Not Found: /static/admin/js/jquery.init.js
2018-03-23 23:26:40,247 - base.py[line:152] - WARNING: Not Found: /static/admin/js/admin/RelatedObjectLookups.js
2018-03-23 23:26:40,250 - base.py[line:152] - WARNING: Not Found: /static/admin/js/actions.min.js
2018-03-23 23:26:40,257 - base.py[line:152] - WARNING: Not Found: /static/admin/js/urlify.js
2018-03-23 23:26:40,261 - base.py[line:152] - WARNING: Not Found: /static/admin/js/prepopulate.min.js
2018-03-23 23:26:40,264 - base.py[line:152] - WARNING: Not Found: /static/admin/js/vendor/xregexp/xregexp.min.js
2018-03-23 23:26:40,271 - base.py[line:152] - WARNING: Not Found: /static/admin/js/core.js
2018-03-23 23:26:40,274 - base.py[line:152] - WARNING: Not Found: /static/admin/js/vendor/jquery/jquery.min.js
2018-03-23 23:26:40,277 - base.py[line:152] - WARNING: Not Found: /static/admin/js/jquery.init.js
2018-03-23 23:26:40,281 - base.py[line:152] - WARNING: Not Found: /static/admin/js/admin/RelatedObjectLookups.js
2018-03-23 23:26:40,290 - base.py[line:152] - WARNING: Not Found: /static/admin/js/actions.min.js
2018-03-23 23:26:40,293 - base.py[line:152] - WARNING: Not Found: /static/admin/js/urlify.js
2018-03-23 23:26:40,296 - base.py[line:152] - WARNING: Not Found: /static/admin/js/prepopulate.min.js
2018-03-23 23:26:40,299 - base.py[line:152] - WARNING: Not Found: /static/admin/js/vendor/xregexp/xregexp.min.js
2018-03-23 23:26:45,782 - base.py[line:152] - WARNING: Not Found: /static/admin/css/base.css
2018-03-23 23:26:45,788 - base.py[line:152] - WARNING: Not Found: /static/admin/css/changelists.css
2018-03-23 23:26:45,798 - base.py[line:152] - WARNING: Not Found: /static/admin/js/core.js
2018-03-23 23:26:45,799 - base.py[line:152] - WARNING: Not Found: /static/admin/js/jquery.init.js
2018-03-23 23:26:45,803 - base.py[line:152] - WARNING: Not Found: /static/admin/js/vendor/jquery/jquery.min.js
2018-03-23 23:26:45,806 - base.py[line:152] - WARNING: Not Found: /static/admin/js/actions.min.js
2018-03-23 23:26:45,807 - base.py[line:152] - WARNING: Not Found: /static/admin/js/admin/RelatedObjectLookups.js
2018-03-23 23:26:45,814 - base.py[line:152] - WARNING: Not Found: /static/admin/js/prepopulate.min.js
2018-03-23 23:26:45,817 - base.py[line:152] - WARNING: Not Found: /static/admin/js/vendor/xregexp/xregexp.min.js
2018-03-23 23:26:45,821 - base.py[line:152] - WARNING: Not Found: /static/admin/js/urlify.js
2018-03-23 23:26:45,830 - base.py[line:152] - WARNING: Not Found: /static/admin/js/core.js
2018-03-23 23:26:45,835 - base.py[line:152] - WARNING: Not Found: /static/admin/js/vendor/jquery/jquery.min.js
2018-03-23 23:26:45,846 - base.py[line:152] - WARNING: Not Found: /static/admin/js/jquery.init.js
2018-03-23 23:26:45,859 - base.py[line:152] - WARNING: Not Found: /static/admin/js/admin/RelatedObjectLookups.js
2018-03-23 23:26:45,864 - base.py[line:152] - WARNING: Not Found: /static/admin/js/actions.min.js
2018-03-23 23:26:45,869 - base.py[line:152] - WARNING: Not Found: /static/admin/js/urlify.js
2018-03-23 23:26:45,876 - base.py[line:152] - WARNING: Not Found: /static/admin/js/prepopulate.min.js
2018-03-23 23:26:45,880 - base.py[line:152] - WARNING: Not Found: /static/admin/js/vendor/xregexp/xregexp.min.js
2018-03-23 23:26:47,067 - base.py[line:152] - WARNING: Not Found: /static/admin/css/base.css
2018-03-23 23:26:47,070 - base.py[line:152] - WARNING: Not Found: /static/admin/css/dashboard.css
2018-03-23 23:26:53,681 - base.py[line:152] - WARNING: Not Found: /static/css/mycss.css
2018-03-23 23:27:40,660 - base.py[line:152] - WARNING: Not Found: /static/css/mycss.css
2018-03-23 23:28:01,773 - base.py[line:152] - WARNING: Not Found: /static/css/mycss.css
2018-03-23 23:28:07,890 - base.py[line:152] - WARNING: Not Found: /static/css/mycss.css
2018-03-23 23:28:09,158 - base.py[line:152] - WARNING: Not Found: /static/css/mycss.css
2018-03-23 23:28:13,647 - base.py[line:152] - WARNING: Not Found: /static/css/mycss.css
2018-03-23 23:28:21,756 - base.py[line:152] - WARNING: Not Found: /static/css/mycss.css
2018-03-23 23:28:29,137 - base.py[line:152] - WARNING: Not Found: /static/css/mycss.css
2018-03-23 23:28:30,151 - base.py[line:152] - WARNING: Not Found: /static/css/mycss.css
2018-03-23 23:28:30,952 - base.py[line:152] - WARNING: Not Found: /static/css/mycss.css
2018-03-23 23:28:36,633 - base.py[line:152] - WARNING: Not Found: /static/css/mycss.css
2018-03-23 23:31:31,977 - base.py[line:152] - WARNING: Not Found: /static/css/mycss.css
