2018-03-22 20:05:45,974 - base.py[line:152] - WARNING: Not Found: /favicon.ico
2018-03-22 20:39:50,416 - exception.py[line:135] - ERROR: Internal Server Error: /showDetail/
Traceback (most recent call last):
  File "/usr/local/lib/python3.5/dist-packages/django/template/base.py", line 507, in parse
    compile_func = self.tags[command]
KeyError: 'endfor'

During handling of the above exception, another exception occurred:

Traceback (most recent call last):
  File "/usr/local/lib/python3.5/dist-packages/django/core/handlers/exception.py", line 41, in inner
    response = get_response(request)
  File "/usr/local/lib/python3.5/dist-packages/django/core/handlers/base.py", line 187, in _get_response
    response = self.process_exception_by_middleware(e, request)
  File "/usr/local/lib/python3.5/dist-packages/django/core/handlers/base.py", line 185, in _get_response
    response = wrapped_callback(request, *callback_args, **callback_kwargs)
  File "/usr/local/lib/python3.5/dist-packages/django/views/decorators/csrf.py", line 58, in wrapped_view
    return view_func(*args, **kwargs)
  File "/home/alex/PycharmProjects/dangjianyun/dangjiansite/views.py", line 783, in showDetail
    return render(request, 'showDetail.html', ret)
  File "/usr/local/lib/python3.5/dist-packages/django/shortcuts.py", line 30, in render
    content = loader.render_to_string(template_name, context, request, using=using)
  File "/usr/local/lib/python3.5/dist-packages/django/template/loader.py", line 67, in render_to_string
    template = get_template(template_name, using=using)
  File "/usr/local/lib/python3.5/dist-packages/django/template/loader.py", line 21, in get_template
    return engine.get_template(template_name)
  File "/usr/local/lib/python3.5/dist-packages/django/template/backends/django.py", line 39, in get_template
    return Template(self.engine.get_template(template_name), self)
  File "/usr/local/lib/python3.5/dist-packages/django/template/engine.py", line 162, in get_template
    template, origin = self.find_template(template_name)
  File "/usr/local/lib/python3.5/dist-packages/django/template/engine.py", line 136, in find_template
    name, template_dirs=dirs, skip=skip,
  File "/usr/local/lib/python3.5/dist-packages/django/template/loaders/base.py", line 44, in get_template
    contents, origin, origin.template_name, self.engine,
  File "/usr/local/lib/python3.5/dist-packages/django/template/base.py", line 191, in __init__
    self.nodelist = self.compile_nodelist()
  File "/usr/local/lib/python3.5/dist-packages/django/template/base.py", line 230, in compile_nodelist
    return parser.parse()
  File "/usr/local/lib/python3.5/dist-packages/django/template/base.py", line 509, in parse
    self.invalid_block_tag(token, command, parse_until)
  File "/usr/local/lib/python3.5/dist-packages/django/template/base.py", line 571, in invalid_block_tag
    "or load this tag?" % (token.lineno, command)
django.template.exceptions.TemplateSyntaxError: Invalid block tag on line 52: 'endfor'. Did you forget to register or load this tag?
2018-03-22 20:39:51,691 - exception.py[line:135] - ERROR: Internal Server Error: /showDetail/
Traceback (most recent call last):
  File "/usr/local/lib/python3.5/dist-packages/django/template/base.py", line 507, in parse
    compile_func = self.tags[command]
KeyError: 'endfor'

During handling of the above exception, another exception occurred:

Traceback (most recent call last):
  File "/usr/local/lib/python3.5/dist-packages/django/core/handlers/exception.py", line 41, in inner
    response = get_response(request)
  File "/usr/local/lib/python3.5/dist-packages/django/core/handlers/base.py", line 187, in _get_response
    response = self.process_exception_by_middleware(e, request)
  File "/usr/local/lib/python3.5/dist-packages/django/core/handlers/base.py", line 185, in _get_response
    response = wrapped_callback(request, *callback_args, **callback_kwargs)
  File "/usr/local/lib/python3.5/dist-packages/django/views/decorators/csrf.py", line 58, in wrapped_view
    return view_func(*args, **kwargs)
  File "/home/alex/PycharmProjects/dangjianyun/dangjiansite/views.py", line 783, in showDetail
    return render(request, 'showDetail.html', ret)
  File "/usr/local/lib/python3.5/dist-packages/django/shortcuts.py", line 30, in render
    content = loader.render_to_string(template_name, context, request, using=using)
  File "/usr/local/lib/python3.5/dist-packages/django/template/loader.py", line 67, in render_to_string
    template = get_template(template_name, using=using)
  File "/usr/local/lib/python3.5/dist-packages/django/template/loader.py", line 21, in get_template
    return engine.get_template(template_name)
  File "/usr/local/lib/python3.5/dist-packages/django/template/backends/django.py", line 39, in get_template
    return Template(self.engine.get_template(template_name), self)
  File "/usr/local/lib/python3.5/dist-packages/django/template/engine.py", line 162, in get_template
    template, origin = self.find_template(template_name)
  File "/usr/local/lib/python3.5/dist-packages/django/template/engine.py", line 136, in find_template
    name, template_dirs=dirs, skip=skip,
  File "/usr/local/lib/python3.5/dist-packages/django/template/loaders/base.py", line 44, in get_template
    contents, origin, origin.template_name, self.engine,
  File "/usr/local/lib/python3.5/dist-packages/django/template/base.py", line 191, in __init__
    self.nodelist = self.compile_nodelist()
  File "/usr/local/lib/python3.5/dist-packages/django/template/base.py", line 230, in compile_nodelist
    return parser.parse()
  File "/usr/local/lib/python3.5/dist-packages/django/template/base.py", line 509, in parse
    self.invalid_block_tag(token, command, parse_until)
  File "/usr/local/lib/python3.5/dist-packages/django/template/base.py", line 571, in invalid_block_tag
    "or load this tag?" % (token.lineno, command)
django.template.exceptions.TemplateSyntaxError: Invalid block tag on line 52: 'endfor'. Did you forget to register or load this tag?
2018-03-22 21:34:12,869 - base.py[line:152] - WARNING: Not Found: /adduser/
2018-03-22 21:34:57,246 - exception.py[line:135] - ERROR: Internal Server Error: /adduser/
Traceback (most recent call last):
  File "/usr/local/lib/python3.5/dist-packages/django/core/handlers/exception.py", line 41, in inner
    response = get_response(request)
  File "/usr/local/lib/python3.5/dist-packages/django/core/handlers/base.py", line 198, in _get_response
    "returned None instead." % (callback.__module__, view_name)
ValueError: The view dangjiansite.views.adduser didn't return an HttpResponse object. It returned None instead.
2018-03-23 13:17:50,870 - base.py[line:152] - WARNING: Not Found: /
2018-03-23 13:50:22,833 - base.py[line:152] - WARNING: Not Found: /
2018-03-23 14:03:48,504 - base.py[line:152] - WARNING: Not Found: /l
2018-03-23 14:03:51,051 - base.py[line:152] - WARNING: Not Found: /
2018-03-23 22:30:09,317 - base.py[line:152] - WARNING: Not Found: /
2018-03-23 22:30:09,338 - base.py[line:152] - WARNING: Not Found: /
2018-03-23 22:30:09,416 - base.py[line:152] - WARNING: Not Found: /
2018-03-23 22:30:14,875 - base.py[line:152] - WARNING: Not Found: /
2018-03-23 22:30:17,179 - base.py[line:152] - WARNING: Not Found: /
2018-03-23 22:30:17,202 - base.py[line:152] - WARNING: Not Found: /
2018-03-23 22:30:17,214 - base.py[line:152] - WARNING: Not Found: /
2018-03-23 22:30:17,270 - base.py[line:152] - WARNING: Not Found: /
2018-03-23 23:22:46,043 - base.py[line:152] - WARNING: Not Found: /static/css/mycss.css
2018-03-23 23:22:46,320 - base.py[line:152] - WARNING: Not Found: /favicon.ico
2018-03-23 23:22:57,624 - base.py[line:152] - WARNING: Not Found: /adduser/
2018-03-23 23:23:41,196 - base.py[line:152] - WARNING: Not Found: /reserch
2018-03-23 23:23:53,352 - base.py[line:152] - WARNING: Not Found: /static/admin/js/vendor/jquery/jquery.min.js
2018-03-23 23:23:53,355 - base.py[line:152] - WARNING: Not Found: /static/admin/js/vendor/xregexp/xregexp.min.js
2018-03-23 23:23:53,357 - base.py[line:152] - WARNING: Not Found: /static/admin/js/prepopulate.min.js
2018-03-23 23:23:53,358 - base.py[line:152] - WARNING: Not Found: /static/admin/js/actions.min.js
2018-03-23 23:23:53,377 - base.py[line:152] - WARNING: Not Found: /static/admin/js/vendor/jquery/jquery.min.js
2018-03-23 23:23:53,383 - base.py[line:152] - WARNING: Not Found: /static/admin/js/actions.min.js
2018-03-23 23:23:53,395 - base.py[line:152] - WARNING: Not Found: /static/admin/js/prepopulate.min.js
2018-03-23 23:23:53,407 - base.py[line:152] - WARNING: Not Found: /static/admin/js/vendor/xregexp/xregexp.min.js
2018-03-23 23:24:00,353 - base.py[line:152] - WARNING: Not Found: /static/admin/js/vendor/jquery/jquery.min.js
2018-03-23 23:24:00,355 - base.py[line:152] - WARNING: Not Found: /static/admin/js/actions.min.js
2018-03-23 23:24:00,358 - base.py[line:152] - WARNING: Not Found: /static/admin/js/prepopulate.min.js
2018-03-23 23:24:00,361 - base.py[line:152] - WARNING: Not Found: /static/admin/js/vendor/xregexp/xregexp.min.js
2018-03-23 23:24:00,366 - base.py[line:152] - WARNING: Not Found: /static/admin/js/vendor/jquery/jquery.min.js
2018-03-23 23:24:00,370 - base.py[line:152] - WARNING: Not Found: /static/admin/js/actions.min.js
2018-03-23 23:24:00,374 - base.py[line:152] - WARNING: Not Found: /static/admin/js/prepopulate.min.js
2018-03-23 23:24:00,379 - base.py[line:152] - WARNING: Not Found: /static/admin/js/vendor/xregexp/xregexp.min.js
2018-03-23 23:26:09,951 - exception.py[line:135] - ERROR: Internal Server Error: /adduser/
Traceback (most recent call last):
  File "/usr/local/lib/python3.5/dist-packages/django/core/handlers/exception.py", line 41, in inner
    response = get_response(request)
  File "/usr/local/lib/python3.5/dist-packages/django/core/handlers/base.py", line 198, in _get_response
    "returned None instead." % (callback.__module__, view_name)
ValueError: The view dangjiansite.views.adduser didn't return an HttpResponse object. It returned None instead.
2018-03-23 23:26:19,218 - base.py[line:152] - WARNING: Not Found: /static/admin/js/vendor/jquery/jquery.min.js
2018-03-23 23:26:19,219 - base.py[line:152] - WARNING: Not Found: /static/admin/js/actions.min.js
2018-03-23 23:26:19,222 - base.py[line:152] - WARNING: Not Found: /static/admin/js/prepopulate.min.js
2018-03-23 23:26:19,226 - base.py[line:152] - WARNING: Not Found: /static/admin/js/vendor/xregexp/xregexp.min.js
2018-03-23 23:26:19,246 - base.py[line:152] - WARNING: Not Found: /static/admin/js/vendor/jquery/jquery.min.js
2018-03-23 23:26:19,253 - base.py[line:152] - WARNING: Not Found: /static/admin/js/actions.min.js
2018-03-23 23:26:19,258 - base.py[line:152] - WARNING: Not Found: /static/admin/js/prepopulate.min.js
2018-03-23 23:26:19,262 - base.py[line:152] - WARNING: Not Found: /static/admin/js/vendor/xregexp/xregexp.min.js
2018-03-23 23:26:23,280 - base.py[line:152] - WARNING: Not Found: /static/admin/js/actions.min.js
2018-03-23 23:26:23,282 - base.py[line:152] - WARNING: Not Found: /static/admin/js/vendor/jquery/jquery.min.js
2018-03-23 23:26:23,286 - base.py[line:152] - WARNING: Not Found: /static/admin/js/prepopulate.min.js
2018-03-23 23:26:23,294 - base.py[line:152] - WARNING: Not Found: /static/admin/js/vendor/xregexp/xregexp.min.js
2018-03-23 23:26:23,301 - base.py[line:152] - WARNING: Not Found: /static/admin/js/vendor/jquery/jquery.min.js
2018-03-23 23:26:23,311 - base.py[line:152] - WARNING: Not Found: /static/admin/js/actions.min.js
2018-03-23 23:26:23,318 - base.py[line:152] - WARNING: Not Found: /static/admin/js/prepopulate.min.js
2018-03-23 23:26:23,322 - base.py[line:152] - WARNING: Not Found: /static/admin/js/vendor/xregexp/xregexp.min.js
2018-03-23 23:26:37,848 - base.py[line:152] - WARNING: Not Found: /static/admin/css/base.css
2018-03-23 23:26:37,849 - base.py[line:152] - WARNING: Not Found: /static/admin/css/changelists.css
2018-03-23 23:26:37,857 - base.py[line:152] - WARNING: Not Found: /static/admin/js/core.js
2018-03-23 23:26:37,859 - base.py[line:152] - WARNING: Not Found: /static/admin/js/vendor/jquery/jquery.min.js
2018-03-23 23:26:37,860 - base.py[line:152] - WARNING: Not Found: /static/admin/js/jquery.init.js
2018-03-23 23:26:37,864 - base.py[line:152] - WARNING: Not Found: /static/admin/js/admin/RelatedObjectLookups.js
2018-03-23 23:26:37,870 - base.py[line:152] - WARNING: Not Found: /static/admin/js/actions.min.js
2018-03-23 23:26:37,879 - base.py[line:152] - WARNING: Not Found: /static/admin/js/urlify.js
2018-03-23 23:26:37,882 - base.py[line:152] - WARNING: Not Found: /static/admin/js/vendor/xregexp/xregexp.min.js
2018-03-23 23:26:37,883 - base.py[line:152] - WARNING: Not Found: /static/admin/js/prepopulate.min.js
2018-03-23 23:26:37,906 - base.py[line:152] - WARNING: Not Found: /static/admin/js/core.js
2018-03-23 23:26:37,909 - base.py[line:152] - WARNING: Not Found: /static/admin/js/vendor/jquery/jquery.min.js
2018-03-23 23:26:37,912 - base.py[line:152] - WARNING: Not Found: /static/admin/js/jquery.init.js
2018-03-23 23:26:37,916 - base.py[line:152] - WARNING: Not Found: /static/admin/js/admin/RelatedObjectLookups.js
2018-03-23 23:26:37,920 - base.py[line:152] - WARNING: Not Found: /static/admin/js/actions.min.js
2018-03-23 23:26:37,923 - base.py[line:152] - WARNING: Not Found: /static/admin/js/urlify.js
2018-03-23 23:26:37,926 - base.py[line:152] - WARNING: Not Found: /static/admin/js/prepopulate.min.js
2018-03-23 23:26:37,931 - base.py[line:152] - WARNING: Not Found: /static/admin/js/vendor/xregexp/xregexp.min.js
2018-03-23 23:26:38,774 - base.py[line:152] - WARNING: Not Found: /static/admin/css/base.css
2018-03-23 23:26:38,775 - base.py[line:152] - WARNING: Not Found: /static/admin/css/changelists.css
2018-03-23 23:26:38,780 - base.py[line:152] - WARNING: Not Found: /static/admin/js/core.js
2018-03-23 23:26:38,785 - base.py[line:152] - WARNING: Not Found: /static/admin/js/vendor/jquery/jquery.min.js
2018-03-23 23:26:38,787 - base.py[line:152] - WARNING: Not Found: /static/admin/js/admin/RelatedObjectLookups.js
2018-03-23 23:26:38,788 - base.py[line:152] - WARNING: Not Found: /static/admin/js/actions.min.js
2018-03-23 23:26:38,789 - base.py[line:152] - WARNING: Not Found: /static/admin/js/jquery.init.js
2018-03-23 23:26:38,798 - base.py[line:152] - WARNING: Not Found: /static/admin/js/urlify.js
2018-03-23 23:26:38,800 - base.py[line:152] - WARNING: Not Found: /static/admin/js/prepopulate.min.js
2018-03-23 23:26:38,804 - base.py[line:152] - WARNING: Not Found: /static/admin/js/vendor/xregexp/xregexp.min.js
2018-03-23 23:26:38,808 - base.py[line:152] - WARNING: Not Found: /static/admin/js/core.js
2018-03-23 23:26:38,812 - base.py[line:152] - WARNING: Not Found: /static/admin/js/vendor/jquery/jquery.min.js
2018-03-23 23:26:38,817 - base.py[line:152] - WARNING: Not Found: /static/admin/js/jquery.init.js
2018-03-23 23:26:38,826 - base.py[line:152] - WARNING: Not Found: /static/admin/js/admin/RelatedObjectLookups.js
2018-03-23 23:26:38,828 - base.py[line:152] - WARNING: Not Found: /static/admin/js/actions.min.js
2018-03-23 23:26:38,834 - base.py[line:152] - WARNING: Not Found: /static/admin/js/urlify.js
2018-03-23 23:26:38,838 - base.py[line:152] - WARNING: Not Found: /static/admin/js/prepopulate.min.js
2018-03-23 23:26:38,842 - base.py[line:152] - WARNING: Not Found: /static/admin/js/vendor/xregexp/xregexp.min.js
2018-03-23 23:26:39,486 - base.py[line:152] - WARNING: Not Found: /static/admin/css/base.css
2018-03-23 23:26:39,489 - base.py[line:152] - WARNING: Not Found: /static/admin/css/changelists.css
2018-03-23 23:26:39,493 - base.py[line:152] - WARNING: Not Found: /static/admin/js/vendor/jquery/jquery.min.js
2018-03-23 23:26:39,495 - base.py[line:152] - WARNING: Not Found: /static/admin/js/core.js
2018-03-23 23:26:39,497 - base.py[line:152] - WARNING: Not Found: /static/admin/js/jquery.init.js
2018-03-23 23:26:39,499 - base.py[line:152] - WARNING: Not Found: /static/admin/js/admin/RelatedObjectLookups.js
2018-03-23 23:26:39,502 - base.py[line:152] - WARNING: Not Found: /static/admin/js/actions.min.js
2018-03-23 23:26:39,514 - base.py[line:152] - WARNING: Not Found: /static/admin/js/urlify.js
2018-03-23 23:26:39,515 - base.py[line:152] - WARNING: Not Found: /static/admin/js/prepopulate.min.js
2018-03-23 23:26:39,520 - base.py[line:152] - WARNING: Not Found: /static/admin/js/vendor/xregexp/xregexp.min.js
2018-03-23 23:26:39,522 - base.py[line:152] - WARNING: Not Found: /static/admin/js/core.js
2018-03-23 23:26:39,530 - base.py[line:152] - WARNING: Not Found: /static/admin/js/vendor/jquery/jquery.min.js
2018-03-23 23:26:39,535 - base.py[line:152] - WARNING: Not Found: /static/admin/js/jquery.init.js
2018-03-23 23:26:39,538 - base.py[line:152] - WARNING: Not Found: /static/admin/js/admin/RelatedObjectLookups.js
2018-03-23 23:26:39,540 - base.py[line:152] - WARNING: Not Found: /static/admin/js/actions.min.js
2018-03-23 23:26:39,544 - base.py[line:152] - WARNING: Not Found: /static/admin/js/urlify.js
2018-03-23 23:26:39,548 - base.py[line:152] - WARNING: Not Found: /static/admin/js/prepopulate.min.js
2018-03-23 23:26:39,552 - base.py[line:152] - WARNING: Not Found: /static/admin/js/vendor/xregexp/xregexp.min.js
2018-03-23 23:26:40,096 - base.py[line:152] - WARNING: Not Found: /static/admin/css/base.css
2018-03-23 23:26:40,100 - base.py[line:152] - WARNING: Not Found: /static/admin/css/changelists.css
2018-03-23 23:26:40,102 - base.py[line:152] - WARNING: Not Found: /static/admin/js/vendor/jquery/jquery.min.js
2018-03-23 23:26:40,103 - base.py[line:152] - WARNING: Not Found: /static/admin/js/jquery.init.js
2018-03-23 23:26:40,104 - base.py[line:152] - WARNING: Not Found: /static/admin/js/core.js
2018-03-23 23:26:40,113 - base.py[line:152] - WARNING: Not Found: /static/admin/js/admin/RelatedObjectLookups.js
2018-03-23 23:26:40,115 - base.py[line:152] - WARNING: Not Found: /static/admin/js/actions.min.js
2018-03-23 23:26:40,117 - base.py[line:152] - WARNING: Not Found: /static/admin/js/urlify.js
2018-03-23 23:26:40,121 - base.py[line:152] - WARNING: Not Found: /static/admin/js/prepopulate.min.js
2018-03-23 23:26:40,126 - base.py[line:152] - WARNING: Not Found: /static/admin/js/vendor/xregexp/xregexp.min.js
2018-03-23 23:26:40,137 - base.py[line:152] - WARNING: Not Found: /static/admin/js/core.js
2018-03-23 23:26:40,141 - base.py[line:152] - WARNING: Not Found: /static/admin/js/vendor/jquery/jquery.min.js
2018-03-23 23:26:40,144 - base.py[line:152] - WARNING: Not Found: /static/admin/js/jquery.init.js
2018-03-23 23:26:40,147 - base.py[line:152] - WARNING: Not Found: /static/admin/js/admin/RelatedObjectLookups.js
2018-03-23 23:26:40,151 - base.py[line:152] - WARNING: Not Found: /static/admin/js/actions.min.js
2018-03-23 23:26:40,230 - base.py[line:152] - WARNING: Not Found: /static/admin/css/base.css
2018-03-23 23:26:40,232 - base.py[line:152] - WARNING: Not Found: /static/admin/css/changelists.css
2018-03-23 23:26:40,238 - base.py[line:152] - WARNING: Not Found: /static/admin/js/core.js
2018-03-23 23:26:40,244 - base.py[line:152] - WARNING: Not Found: /static/admin/js/vendor/jquery/jquery.min.js
2018-03-23 23:26:40,245 - base.py[line:152] - WARNING: Not Found: /static/admin/js/jquery.init.js
2018-03-23 23:26:40,247 - base.py[line:152] - WARNING: Not Found: /static/admin/js/admin/RelatedObjectLookups.js
2018-03-23 23:26:40,250 - base.py[line:152] - WARNING: Not Found: /static/admin/js/actions.min.js
2018-03-23 23:26:40,257 - base.py[line:152] - WARNING: Not Found: /static/admin/js/urlify.js
2018-03-23 23:26:40,261 - base.py[line:152] - WARNING: Not Found: /static/admin/js/prepopulate.min.js
2018-03-23 23:26:40,264 - base.py[line:152] - WARNING: Not Found: /static/admin/js/vendor/xregexp/xregexp.min.js
2018-03-23 23:26:40,271 - base.py[line:152] - WARNING: Not Found: /static/admin/js/core.js
2018-03-23 23:26:40,274 - base.py[line:152] - WARNING: Not Found: /static/admin/js/vendor/jquery/jquery.min.js
2018-03-23 23:26:40,277 - base.py[line:152] - WARNING: Not Found: /static/admin/js/jquery.init.js
2018-03-23 23:26:40,281 - base.py[line:152] - WARNING: Not Found: /static/admin/js/admin/RelatedObjectLookups.js
2018-03-23 23:26:40,290 - base.py[line:152] - WARNING: Not Found: /static/admin/js/actions.min.js
2018-03-23 23:26:40,293 - base.py[line:152] - WARNING: Not Found: /static/admin/js/urlify.js
2018-03-23 23:26:40,296 - base.py[line:152] - WARNING: Not Found: /static/admin/js/prepopulate.min.js
2018-03-23 23:26:40,299 - base.py[line:152] - WARNING: Not Found: /static/admin/js/vendor/xregexp/xregexp.min.js
2018-03-23 23:26:45,782 - base.py[line:152] - WARNING: Not Found: /static/admin/css/base.css
2018-03-23 23:26:45,788 - base.py[line:152] - WARNING: Not Found: /static/admin/css/changelists.css
2018-03-23 23:26:45,798 - base.py[line:152] - WARNING: Not Found: /static/admin/js/core.js
2018-03-23 23:26:45,799 - base.py[line:152] - WARNING: Not Found: /static/admin/js/jquery.init.js
2018-03-23 23:26:45,803 - base.py[line:152] - WARNING: Not Found: /static/admin/js/vendor/jquery/jquery.min.js
2018-03-23 23:26:45,806 - base.py[line:152] - WARNING: Not Found: /static/admin/js/actions.min.js
2018-03-23 23:26:45,807 - base.py[line:152] - WARNING: Not Found: /static/admin/js/admin/RelatedObjectLookups.js
2018-03-23 23:26:45,814 - base.py[line:152] - WARNING: Not Found: /static/admin/js/prepopulate.min.js
2018-03-23 23:26:45,817 - base.py[line:152] - WARNING: Not Found: /static/admin/js/vendor/xregexp/xregexp.min.js
2018-03-23 23:26:45,821 - base.py[line:152] - WARNING: Not Found: /static/admin/js/urlify.js
2018-03-23 23:26:45,830 - base.py[line:152] - WARNING: Not Found: /static/admin/js/core.js
2018-03-23 23:26:45,835 - base.py[line:152] - WARNING: Not Found: /static/admin/js/vendor/jquery/jquery.min.js
2018-03-23 23:26:45,846 - base.py[line:152] - WARNING: Not Found: /static/admin/js/jquery.init.js
2018-03-23 23:26:45,859 - base.py[line:152] - WARNING: Not Found: /static/admin/js/admin/RelatedObjectLookups.js
2018-03-23 23:26:45,864 - base.py[line:152] - WARNING: Not Found: /static/admin/js/actions.min.js
2018-03-23 23:26:45,869 - base.py[line:152] - WARNING: Not Found: /static/admin/js/urlify.js
2018-03-23 23:26:45,876 - base.py[line:152] - WARNING: Not Found: /static/admin/js/prepopulate.min.js
2018-03-23 23:26:45,880 - base.py[line:152] - WARNING: Not Found: /static/admin/js/vendor/xregexp/xregexp.min.js
2018-03-23 23:26:47,067 - base.py[line:152] - WARNING: Not Found: /static/admin/css/base.css
2018-03-23 23:26:47,070 - base.py[line:152] - WARNING: Not Found: /static/admin/css/dashboard.css
2018-03-23 23:26:53,681 - base.py[line:152] - WARNING: Not Found: /static/css/mycss.css
2018-03-23 23:27:40,660 - base.py[line:152] - WARNING: Not Found: /static/css/mycss.css
2018-03-23 23:28:01,773 - base.py[line:152] - WARNING: Not Found: /static/css/mycss.css
2018-03-23 23:28:07,890 - base.py[line:152] - WARNING: Not Found: /static/css/mycss.css
2018-03-23 23:28:09,158 - base.py[line:152] - WARNING: Not Found: /static/css/mycss.css
2018-03-23 23:28:13,647 - base.py[line:152] - WARNING: Not Found: /static/css/mycss.css
2018-03-23 23:28:21,756 - base.py[line:152] - WARNING: Not Found: /static/css/mycss.css
2018-03-23 23:28:29,137 - base.py[line:152] - WARNING: Not Found: /static/css/mycss.css
2018-03-23 23:28:30,151 - base.py[line:152] - WARNING: Not Found: /static/css/mycss.css
2018-03-23 23:28:30,952 - base.py[line:152] - WARNING: Not Found: /static/css/mycss.css
2018-03-23 23:28:36,633 - base.py[line:152] - WARNING: Not Found: /static/css/mycss.css
2018-03-23 23:31:31,977 - base.py[line:152] - WARNING: Not Found: /static/css/mycss.css
2018-03-24 00:03:09,873 - base.py[line:152] - WARNING: Not Found: /static/css/mycss.css
2018-03-24 22:43:53,081 - base.py[line:152] - WARNING: Not Found: /static/admin/css/base.css
2018-03-24 22:43:53,111 - base.py[line:152] - WARNING: Not Found: /favicon.ico
2018-03-24 22:43:55,814 - base.py[line:152] - WARNING: Not Found: /static/admin/css/base.css
2018-03-24 22:44:04,760 - base.py[line:152] - WARNING: Not Found: /static/admin/css/base.css
2018-03-24 22:44:04,767 - base.py[line:152] - WARNING: Not Found: /static/admin/css/dashboard.css
2018-03-24 22:44:12,080 - base.py[line:152] - WARNING: Not Found: /static/admin/css/base.css
2018-03-24 22:44:12,088 - base.py[line:152] - WARNING: Not Found: /static/admin/css/changelists.css
2018-03-24 22:44:12,095 - base.py[line:152] - WARNING: Not Found: /static/admin/js/core.js
2018-03-24 22:44:12,097 - base.py[line:152] - WARNING: Not Found: /static/admin/js/vendor/jquery/jquery.min.js
2018-03-24 22:44:12,098 - base.py[line:152] - WARNING: Not Found: /static/admin/js/jquery.init.js
2018-03-24 22:44:12,100 - base.py[line:152] - WARNING: Not Found: /static/admin/js/admin/RelatedObjectLookups.js
2018-03-24 22:44:12,108 - base.py[line:152] - WARNING: Not Found: /static/admin/js/prepopulate.min.js
2018-03-24 22:44:12,118 - base.py[line:152] - WARNING: Not Found: /static/admin/js/urlify.js
2018-03-24 22:44:12,119 - base.py[line:152] - WARNING: Not Found: /static/admin/js/actions.min.js
2018-03-24 22:44:12,116 - base.py[line:152] - WARNING: Not Found: /static/admin/js/vendor/xregexp/xregexp.min.js
2018-03-24 22:44:12,125 - base.py[line:152] - WARNING: Not Found: /static/admin/js/core.js
2018-03-24 22:44:12,135 - base.py[line:152] - WARNING: Not Found: /static/admin/js/vendor/jquery/jquery.min.js
2018-03-24 22:44:12,139 - base.py[line:152] - WARNING: Not Found: /static/admin/js/jquery.init.js
2018-03-24 22:44:12,142 - base.py[line:152] - WARNING: Not Found: /static/admin/js/admin/RelatedObjectLookups.js
2018-03-24 22:44:12,156 - base.py[line:152] - WARNING: Not Found: /static/admin/js/actions.min.js
2018-03-24 22:44:12,160 - base.py[line:152] - WARNING: Not Found: /static/admin/js/urlify.js
2018-03-24 22:44:12,164 - base.py[line:152] - WARNING: Not Found: /static/admin/js/prepopulate.min.js
2018-03-24 22:44:12,177 - base.py[line:152] - WARNING: Not Found: /static/admin/js/vendor/xregexp/xregexp.min.js
2018-03-24 22:44:17,070 - base.py[line:152] - WARNING: Not Found: /static/admin/css/base.css
2018-03-24 22:44:17,075 - base.py[line:152] - WARNING: Not Found: /static/admin/js/core.js
2018-03-24 22:44:17,078 - base.py[line:152] - WARNING: Not Found: /static/admin/js/vendor/jquery/jquery.min.js
2018-03-24 22:44:17,081 - base.py[line:152] - WARNING: Not Found: /static/admin/js/jquery.init.js
2018-03-24 22:44:17,083 - base.py[line:152] - WARNING: Not Found: /static/admin/js/admin/RelatedObjectLookups.js
2018-03-24 22:44:17,086 - base.py[line:152] - WARNING: Not Found: /static/admin/js/actions.min.js
2018-03-24 22:44:17,093 - base.py[line:152] - WARNING: Not Found: /static/admin/js/urlify.js
2018-03-24 22:44:17,103 - base.py[line:152] - WARNING: Not Found: /static/admin/js/vendor/xregexp/xregexp.min.js
2018-03-24 22:44:17,106 - base.py[line:152] - WARNING: Not Found: /static/admin/js/prepopulate.min.js
2018-03-24 22:44:17,116 - base.py[line:152] - WARNING: Not Found: /static/admin/js/core.js
2018-03-24 22:44:17,119 - base.py[line:152] - WARNING: Not Found: /static/admin/js/vendor/jquery/jquery.min.js
2018-03-24 22:44:17,126 - base.py[line:152] - WARNING: Not Found: /static/admin/js/jquery.init.js
2018-03-24 22:44:17,131 - base.py[line:152] - WARNING: Not Found: /static/admin/js/admin/RelatedObjectLookups.js
2018-03-24 22:44:17,136 - base.py[line:152] - WARNING: Not Found: /static/admin/js/actions.min.js
2018-03-24 22:44:17,147 - base.py[line:152] - WARNING: Not Found: /static/admin/js/urlify.js
2018-03-24 22:44:17,152 - base.py[line:152] - WARNING: Not Found: /static/admin/js/prepopulate.min.js
2018-03-24 22:44:17,158 - base.py[line:152] - WARNING: Not Found: /static/admin/js/vendor/xregexp/xregexp.min.js
2018-03-24 22:44:22,727 - base.py[line:152] - WARNING: Not Found: /static/admin/css/base.css
2018-03-24 22:44:22,729 - base.py[line:152] - WARNING: Not Found: /static/admin/js/core.js
2018-03-24 22:44:22,732 - base.py[line:152] - WARNING: Not Found: /static/admin/js/vendor/jquery/jquery.min.js
2018-03-24 22:44:22,737 - base.py[line:152] - WARNING: Not Found: /static/admin/js/admin/RelatedObjectLookups.js
2018-03-24 22:44:22,738 - base.py[line:152] - WARNING: Not Found: /static/admin/js/jquery.init.js
2018-03-24 22:44:22,743 - base.py[line:152] - WARNING: Not Found: /static/admin/js/actions.min.js
2018-03-24 22:44:22,745 - base.py[line:152] - WARNING: Not Found: /static/admin/js/urlify.js
2018-03-24 22:44:22,747 - base.py[line:152] - WARNING: Not Found: /static/admin/js/prepopulate.min.js
2018-03-24 22:44:22,753 - base.py[line:152] - WARNING: Not Found: /static/admin/js/vendor/xregexp/xregexp.min.js
2018-03-24 22:44:22,755 - base.py[line:152] - WARNING: Not Found: /static/admin/js/admin/RelatedObjectLookups.js
2018-03-24 22:44:22,759 - base.py[line:152] - WARNING: Not Found: /static/admin/js/actions.min.js
2018-03-24 22:44:22,762 - base.py[line:152] - WARNING: Not Found: /static/admin/js/urlify.js
2018-03-24 22:44:22,772 - base.py[line:152] - WARNING: Not Found: /static/admin/js/prepopulate.min.js
2018-03-24 22:44:22,775 - base.py[line:152] - WARNING: Not Found: /static/admin/js/vendor/xregexp/xregexp.min.js
2018-03-24 22:44:24,352 - base.py[line:152] - WARNING: Not Found: /static/admin/css/base.css
2018-03-24 22:44:24,354 - base.py[line:152] - WARNING: Not Found: /static/admin/css/changelists.css
2018-03-24 22:44:24,363 - base.py[line:152] - WARNING: Not Found: /static/admin/js/core.js
2018-03-24 22:44:24,366 - base.py[line:152] - WARNING: Not Found: /static/admin/js/vendor/jquery/jquery.min.js
2018-03-24 22:44:24,368 - base.py[line:152] - WARNING: Not Found: /static/admin/js/admin/RelatedObjectLookups.js
2018-03-24 22:44:24,369 - base.py[line:152] - WARNING: Not Found: /static/admin/js/jquery.init.js
2018-03-24 22:44:24,372 - base.py[line:152] - WARNING: Not Found: /static/admin/js/urlify.js
2018-03-24 22:44:24,373 - base.py[line:152] - WARNING: Not Found: /static/admin/js/actions.min.js
2018-03-24 22:44:24,375 - base.py[line:152] - WARNING: Not Found: /static/admin/js/prepopulate.min.js
2018-03-24 22:44:24,377 - base.py[line:152] - WARNING: Not Found: /static/admin/js/vendor/xregexp/xregexp.min.js
2018-03-24 22:44:24,395 - base.py[line:152] - WARNING: Not Found: /static/admin/js/core.js
2018-03-24 22:44:24,399 - base.py[line:152] - WARNING: Not Found: /static/admin/js/vendor/jquery/jquery.min.js
2018-03-24 22:44:24,408 - base.py[line:152] - WARNING: Not Found: /static/admin/js/jquery.init.js
2018-03-24 22:44:24,414 - base.py[line:152] - WARNING: Not Found: /static/admin/js/admin/RelatedObjectLookups.js
2018-03-24 22:44:24,417 - base.py[line:152] - WARNING: Not Found: /static/admin/js/actions.min.js
2018-03-24 22:44:24,424 - base.py[line:152] - WARNING: Not Found: /static/admin/js/urlify.js
2018-03-24 22:44:24,434 - base.py[line:152] - WARNING: Not Found: /static/admin/js/prepopulate.min.js
2018-03-24 22:44:24,439 - base.py[line:152] - WARNING: Not Found: /static/admin/js/vendor/xregexp/xregexp.min.js
2018-03-24 22:44:26,110 - base.py[line:152] - WARNING: Not Found: /static/admin/css/base.css
2018-03-24 22:44:26,114 - base.py[line:152] - WARNING: Not Found: /static/admin/js/core.js
2018-03-24 22:44:26,115 - base.py[line:152] - WARNING: Not Found: /static/admin/js/vendor/jquery/jquery.min.js
2018-03-24 22:44:26,122 - base.py[line:152] - WARNING: Not Found: /static/admin/js/jquery.init.js
2018-03-24 22:44:26,124 - base.py[line:152] - WARNING: Not Found: /static/admin/js/admin/RelatedObjectLookups.js
2018-03-24 22:44:26,129 - base.py[line:152] - WARNING: Not Found: /static/admin/js/actions.min.js
2018-03-24 22:44:26,132 - base.py[line:152] - WARNING: Not Found: /static/admin/js/urlify.js
2018-03-24 22:44:26,135 - base.py[line:152] - WARNING: Not Found: /static/admin/js/prepopulate.min.js
2018-03-24 22:44:26,137 - base.py[line:152] - WARNING: Not Found: /static/admin/js/vendor/xregexp/xregexp.min.js
2018-03-24 22:44:26,154 - base.py[line:152] - WARNING: Not Found: /static/admin/js/core.js
2018-03-24 22:44:26,158 - base.py[line:152] - WARNING: Not Found: /static/admin/js/vendor/jquery/jquery.min.js
2018-03-24 22:44:26,178 - base.py[line:152] - WARNING: Not Found: /static/admin/js/jquery.init.js
2018-03-24 22:44:26,191 - base.py[line:152] - WARNING: Not Found: /static/admin/js/admin/RelatedObjectLookups.js
2018-03-24 22:44:26,197 - base.py[line:152] - WARNING: Not Found: /static/admin/js/actions.min.js
2018-03-24 22:44:26,200 - base.py[line:152] - WARNING: Not Found: /static/admin/js/urlify.js
2018-03-24 22:44:26,217 - base.py[line:152] - WARNING: Not Found: /static/admin/js/prepopulate.min.js
2018-03-24 22:44:26,223 - base.py[line:152] - WARNING: Not Found: /static/admin/js/vendor/xregexp/xregexp.min.js
2018-03-24 22:51:02,742 - base.py[line:152] - WARNING: Not Found: /static/admin/css/changelists.css
2018-03-24 22:51:02,743 - base.py[line:152] - WARNING: Not Found: /static/admin/css/base.css
2018-03-24 22:51:02,744 - base.py[line:152] - WARNING: Not Found: /static/admin/js/core.js
2018-03-24 22:51:02,746 - base.py[line:152] - WARNING: Not Found: /static/admin/js/jquery.init.js
2018-03-24 22:51:02,746 - base.py[line:152] - WARNING: Not Found: /static/admin/js/vendor/jquery/jquery.min.js
2018-03-24 22:51:02,751 - base.py[line:152] - WARNING: Not Found: /static/admin/js/admin/RelatedObjectLookups.js
2018-03-24 22:51:02,757 - base.py[line:152] - WARNING: Not Found: /static/admin/js/actions.min.js
2018-03-24 22:51:02,759 - base.py[line:152] - WARNING: Not Found: /static/admin/js/urlify.js
2018-03-24 22:51:02,763 - base.py[line:152] - WARNING: Not Found: /static/admin/js/prepopulate.min.js
2018-03-24 22:51:02,772 - base.py[line:152] - WARNING: Not Found: /static/admin/js/vendor/xregexp/xregexp.min.js
2018-03-24 22:51:02,774 - base.py[line:152] - WARNING: Not Found: /static/admin/js/core.js
2018-03-24 22:51:02,780 - base.py[line:152] - WARNING: Not Found: /static/admin/js/vendor/jquery/jquery.min.js
2018-03-24 22:51:02,783 - base.py[line:152] - WARNING: Not Found: /static/admin/js/jquery.init.js
2018-03-24 22:51:02,788 - base.py[line:152] - WARNING: Not Found: /static/admin/js/admin/RelatedObjectLookups.js
2018-03-24 22:51:02,792 - base.py[line:152] - WARNING: Not Found: /static/admin/js/actions.min.js
2018-03-24 22:51:02,797 - base.py[line:152] - WARNING: Not Found: /static/admin/js/urlify.js
2018-03-24 22:51:02,802 - base.py[line:152] - WARNING: Not Found: /static/admin/js/prepopulate.min.js
2018-03-24 22:51:02,805 - base.py[line:152] - WARNING: Not Found: /static/admin/js/vendor/xregexp/xregexp.min.js
2018-03-24 22:51:03,889 - base.py[line:152] - WARNING: Not Found: /static/admin/css/base.css
2018-03-24 22:51:03,894 - base.py[line:152] - WARNING: Not Found: /static/admin/js/core.js
2018-03-24 22:51:03,896 - base.py[line:152] - WARNING: Not Found: /static/admin/js/vendor/jquery/jquery.min.js
2018-03-24 22:51:03,897 - base.py[line:152] - WARNING: Not Found: /static/admin/js/jquery.init.js
2018-03-24 22:51:03,906 - base.py[line:152] - WARNING: Not Found: /static/admin/js/actions.min.js
2018-03-24 22:51:03,907 - base.py[line:152] - WARNING: Not Found: /static/admin/js/admin/RelatedObjectLookups.js
2018-03-24 22:51:03,910 - base.py[line:152] - WARNING: Not Found: /static/admin/js/urlify.js
2018-03-24 22:51:03,914 - base.py[line:152] - WARNING: Not Found: /static/admin/js/prepopulate.min.js
2018-03-24 22:51:03,917 - base.py[line:152] - WARNING: Not Found: /static/admin/js/vendor/xregexp/xregexp.min.js
2018-03-24 22:51:03,920 - base.py[line:152] - WARNING: Not Found: /static/admin/js/core.js
2018-03-24 22:51:03,926 - base.py[line:152] - WARNING: Not Found: /static/admin/js/vendor/jquery/jquery.min.js
2018-03-24 22:51:03,930 - base.py[line:152] - WARNING: Not Found: /static/admin/js/jquery.init.js
2018-03-24 22:51:03,933 - base.py[line:152] - WARNING: Not Found: /static/admin/js/admin/RelatedObjectLookups.js
2018-03-24 22:51:03,936 - base.py[line:152] - WARNING: Not Found: /static/admin/js/actions.min.js
2018-03-24 22:51:03,939 - base.py[line:152] - WARNING: Not Found: /static/admin/js/urlify.js
2018-03-24 22:51:03,943 - base.py[line:152] - WARNING: Not Found: /static/admin/js/prepopulate.min.js
2018-03-24 22:51:03,948 - base.py[line:152] - WARNING: Not Found: /static/admin/js/vendor/xregexp/xregexp.min.js
2018-03-24 22:51:26,906 - base.py[line:152] - WARNING: Not Found: /static/admin/css/base.css
2018-03-24 22:51:26,912 - base.py[line:152] - WARNING: Not Found: /static/admin/js/core.js
2018-03-24 22:51:26,915 - base.py[line:152] - WARNING: Not Found: /static/admin/js/vendor/jquery/jquery.min.js
2018-03-24 22:51:26,916 - base.py[line:152] - WARNING: Not Found: /static/admin/js/jquery.init.js
2018-03-24 22:51:26,918 - base.py[line:152] - WARNING: Not Found: /static/admin/js/admin/RelatedObjectLookups.js
2018-03-24 22:51:26,921 - base.py[line:152] - WARNING: Not Found: /static/admin/js/actions.min.js
2018-03-24 22:51:26,924 - base.py[line:152] - WARNING: Not Found: /static/admin/js/urlify.js
2018-03-24 22:51:26,927 - base.py[line:152] - WARNING: Not Found: /static/admin/js/prepopulate.min.js
2018-03-24 22:51:26,930 - base.py[line:152] - WARNING: Not Found: /static/admin/js/vendor/xregexp/xregexp.min.js
2018-03-24 22:51:26,937 - base.py[line:152] - WARNING: Not Found: /static/admin/js/core.js
2018-03-24 22:51:26,941 - base.py[line:152] - WARNING: Not Found: /static/admin/js/vendor/jquery/jquery.min.js
2018-03-24 22:51:26,945 - base.py[line:152] - WARNING: Not Found: /static/admin/js/jquery.init.js
2018-03-24 22:51:26,948 - base.py[line:152] - WARNING: Not Found: /static/admin/js/admin/RelatedObjectLookups.js
2018-03-24 22:51:26,952 - base.py[line:152] - WARNING: Not Found: /static/admin/js/actions.min.js
2018-03-24 22:51:26,954 - base.py[line:152] - WARNING: Not Found: /static/admin/js/urlify.js
2018-03-24 22:51:26,957 - base.py[line:152] - WARNING: Not Found: /static/admin/js/prepopulate.min.js
2018-03-24 22:51:26,962 - base.py[line:152] - WARNING: Not Found: /static/admin/js/vendor/xregexp/xregexp.min.js
2018-03-24 22:51:31,619 - base.py[line:152] - WARNING: Not Found: /static/admin/css/base.css
2018-03-24 22:51:31,622 - base.py[line:152] - WARNING: Not Found: /static/admin/js/core.js
2018-03-24 22:51:31,624 - base.py[line:152] - WARNING: Not Found: /static/admin/js/jquery.init.js
2018-03-24 22:51:31,625 - base.py[line:152] - WARNING: Not Found: /static/admin/js/vendor/jquery/jquery.min.js
2018-03-24 22:51:31,628 - base.py[line:152] - WARNING: Not Found: /static/admin/js/admin/RelatedObjectLookups.js
2018-03-24 22:51:31,630 - base.py[line:152] - WARNING: Not Found: /static/admin/js/actions.min.js
2018-03-24 22:51:31,633 - base.py[line:152] - WARNING: Not Found: /static/admin/js/urlify.js
2018-03-24 22:51:31,637 - base.py[line:152] - WARNING: Not Found: /static/admin/js/prepopulate.min.js
2018-03-24 22:51:31,639 - base.py[line:152] - WARNING: Not Found: /static/admin/js/vendor/xregexp/xregexp.min.js
2018-03-24 22:51:31,648 - base.py[line:152] - WARNING: Not Found: /static/admin/js/core.js
2018-03-24 22:51:31,651 - base.py[line:152] - WARNING: Not Found: /static/admin/js/vendor/jquery/jquery.min.js
2018-03-24 22:51:31,654 - base.py[line:152] - WARNING: Not Found: /static/admin/js/jquery.init.js
2018-03-24 22:51:31,657 - base.py[line:152] - WARNING: Not Found: /static/admin/js/admin/RelatedObjectLookups.js
2018-03-24 22:51:31,660 - base.py[line:152] - WARNING: Not Found: /static/admin/js/actions.min.js
2018-03-24 22:51:31,665 - base.py[line:152] - WARNING: Not Found: /static/admin/js/urlify.js
2018-03-24 22:51:31,668 - base.py[line:152] - WARNING: Not Found: /static/admin/js/prepopulate.min.js
2018-03-24 22:51:31,671 - base.py[line:152] - WARNING: Not Found: /static/admin/js/vendor/xregexp/xregexp.min.js
2018-03-24 22:55:11,595 - base.py[line:152] - WARNING: Not Found: /static/admin/css/base.css
2018-03-24 22:55:11,597 - base.py[line:152] - WARNING: Not Found: /static/admin/css/changelists.css
2018-03-24 22:55:11,598 - base.py[line:152] - WARNING: Not Found: /static/admin/js/core.js
2018-03-24 22:55:11,601 - base.py[line:152] - WARNING: Not Found: /static/admin/js/vendor/jquery/jquery.min.js
2018-03-24 22:55:11,603 - base.py[line:152] - WARNING: Not Found: /static/admin/js/jquery.init.js
2018-03-24 22:55:11,607 - base.py[line:152] - WARNING: Not Found: /static/admin/js/admin/RelatedObjectLookups.js
2018-03-24 22:55:11,612 - base.py[line:152] - WARNING: Not Found: /static/admin/js/actions.min.js
2018-03-24 22:55:11,613 - base.py[line:152] - WARNING: Not Found: /static/admin/js/urlify.js
2018-03-24 22:55:11,616 - base.py[line:152] - WARNING: Not Found: /static/admin/js/prepopulate.min.js
2018-03-24 22:55:11,618 - base.py[line:152] - WARNING: Not Found: /static/admin/js/vendor/xregexp/xregexp.min.js
2018-03-24 22:55:11,626 - base.py[line:152] - WARNING: Not Found: /static/admin/js/core.js
2018-03-24 22:55:11,629 - base.py[line:152] - WARNING: Not Found: /static/admin/js/vendor/jquery/jquery.min.js
2018-03-24 22:55:11,632 - base.py[line:152] - WARNING: Not Found: /static/admin/js/jquery.init.js
2018-03-24 22:55:11,634 - base.py[line:152] - WARNING: Not Found: /static/admin/js/admin/RelatedObjectLookups.js
2018-03-24 22:55:11,637 - base.py[line:152] - WARNING: Not Found: /static/admin/js/actions.min.js
2018-03-24 22:55:11,641 - base.py[line:152] - WARNING: Not Found: /static/admin/js/urlify.js
2018-03-24 22:55:11,644 - base.py[line:152] - WARNING: Not Found: /static/admin/js/prepopulate.min.js
2018-03-24 22:55:11,647 - base.py[line:152] - WARNING: Not Found: /static/admin/js/vendor/xregexp/xregexp.min.js
2018-03-24 22:55:12,626 - base.py[line:152] - WARNING: Not Found: /static/admin/css/base.css
2018-03-24 22:55:12,630 - base.py[line:152] - WARNING: Not Found: /static/admin/js/core.js
2018-03-24 22:55:12,634 - base.py[line:152] - WARNING: Not Found: /static/admin/js/vendor/jquery/jquery.min.js
2018-03-24 22:55:12,639 - base.py[line:152] - WARNING: Not Found: /static/admin/js/jquery.init.js
2018-03-24 22:55:12,641 - base.py[line:152] - WARNING: Not Found: /static/admin/js/admin/RelatedObjectLookups.js
2018-03-24 22:55:12,643 - base.py[line:152] - WARNING: Not Found: /static/admin/js/actions.min.js
2018-03-24 22:55:12,646 - base.py[line:152] - WARNING: Not Found: /static/admin/js/urlify.js
2018-03-24 22:55:12,650 - base.py[line:152] - WARNING: Not Found: /static/admin/js/prepopulate.min.js
2018-03-24 22:55:12,652 - base.py[line:152] - WARNING: Not Found: /static/admin/js/vendor/xregexp/xregexp.min.js
2018-03-24 22:55:12,661 - base.py[line:152] - WARNING: Not Found: /static/admin/js/core.js
2018-03-24 22:55:12,665 - base.py[line:152] - WARNING: Not Found: /static/admin/js/vendor/jquery/jquery.min.js
2018-03-24 22:55:12,667 - base.py[line:152] - WARNING: Not Found: /static/admin/js/jquery.init.js
2018-03-24 22:55:12,673 - base.py[line:152] - WARNING: Not Found: /static/admin/js/admin/RelatedObjectLookups.js
2018-03-24 22:55:12,696 - base.py[line:152] - WARNING: Not Found: /static/admin/js/actions.min.js
2018-03-24 22:55:12,699 - base.py[line:152] - WARNING: Not Found: /static/admin/js/urlify.js
2018-03-24 22:55:12,702 - base.py[line:152] - WARNING: Not Found: /static/admin/js/prepopulate.min.js
2018-03-24 22:55:12,707 - base.py[line:152] - WARNING: Not Found: /static/admin/js/vendor/xregexp/xregexp.min.js
2018-03-24 22:55:47,873 - base.py[line:152] - WARNING: Not Found: /static/admin/css/base.css
2018-03-24 22:55:47,875 - base.py[line:152] - WARNING: Not Found: /static/admin/css/changelists.css
2018-03-24 22:55:47,880 - base.py[line:152] - WARNING: Not Found: /static/admin/js/core.js
2018-03-24 22:55:47,882 - base.py[line:152] - WARNING: Not Found: /static/admin/js/vendor/jquery/jquery.min.js
2018-03-24 22:55:47,884 - base.py[line:152] - WARNING: Not Found: /static/admin/js/jquery.init.js
2018-03-24 22:55:47,888 - base.py[line:152] - WARNING: Not Found: /static/admin/js/admin/RelatedObjectLookups.js
2018-03-24 22:55:47,889 - base.py[line:152] - WARNING: Not Found: /static/admin/js/actions.min.js
2018-03-24 22:55:47,893 - base.py[line:152] - WARNING: Not Found: /static/admin/js/urlify.js
2018-03-24 22:55:47,897 - base.py[line:152] - WARNING: Not Found: /static/admin/js/prepopulate.min.js
2018-03-24 22:55:47,899 - base.py[line:152] - WARNING: Not Found: /static/admin/js/vendor/xregexp/xregexp.min.js
2018-03-24 22:55:47,904 - base.py[line:152] - WARNING: Not Found: /static/admin/js/core.js
2018-03-24 22:55:47,907 - base.py[line:152] - WARNING: Not Found: /static/admin/js/vendor/jquery/jquery.min.js
2018-03-24 22:55:47,911 - base.py[line:152] - WARNING: Not Found: /static/admin/js/jquery.init.js
2018-03-24 22:55:47,915 - base.py[line:152] - WARNING: Not Found: /static/admin/js/admin/RelatedObjectLookups.js
2018-03-24 22:55:47,918 - base.py[line:152] - WARNING: Not Found: /static/admin/js/actions.min.js
2018-03-24 22:55:47,921 - base.py[line:152] - WARNING: Not Found: /static/admin/js/urlify.js
2018-03-24 22:55:47,928 - base.py[line:152] - WARNING: Not Found: /static/admin/js/prepopulate.min.js
2018-03-24 22:55:47,932 - base.py[line:152] - WARNING: Not Found: /static/admin/js/vendor/xregexp/xregexp.min.js
2018-03-24 22:55:48,751 - base.py[line:152] - WARNING: Not Found: /static/admin/css/base.css
2018-03-24 22:55:48,755 - base.py[line:152] - WARNING: Not Found: /static/admin/js/core.js
2018-03-24 22:55:48,759 - base.py[line:152] - WARNING: Not Found: /static/admin/js/vendor/jquery/jquery.min.js
2018-03-24 22:55:48,761 - base.py[line:152] - WARNING: Not Found: /static/admin/js/jquery.init.js
2018-03-24 22:55:48,764 - base.py[line:152] - WARNING: Not Found: /static/admin/js/admin/RelatedObjectLookups.js
2018-03-24 22:55:48,767 - base.py[line:152] - WARNING: Not Found: /static/admin/js/urlify.js
2018-03-24 22:55:48,768 - base.py[line:152] - WARNING: Not Found: /static/admin/js/actions.min.js
2018-03-24 22:55:48,771 - base.py[line:152] - WARNING: Not Found: /static/admin/js/vendor/xregexp/xregexp.min.js
2018-03-24 22:55:48,772 - base.py[line:152] - WARNING: Not Found: /static/admin/js/prepopulate.min.js
2018-03-24 22:55:48,784 - base.py[line:152] - WARNING: Not Found: /static/admin/js/core.js
2018-03-24 22:55:48,787 - base.py[line:152] - WARNING: Not Found: /static/admin/js/vendor/jquery/jquery.min.js
2018-03-24 22:55:48,790 - base.py[line:152] - WARNING: Not Found: /static/admin/js/jquery.init.js
2018-03-24 22:55:48,793 - base.py[line:152] - WARNING: Not Found: /static/admin/js/admin/RelatedObjectLookups.js
2018-03-24 22:55:48,798 - base.py[line:152] - WARNING: Not Found: /static/admin/js/actions.min.js
2018-03-24 22:55:48,801 - base.py[line:152] - WARNING: Not Found: /static/admin/js/urlify.js
2018-03-24 22:55:48,805 - base.py[line:152] - WARNING: Not Found: /static/admin/js/prepopulate.min.js
2018-03-24 22:55:48,809 - base.py[line:152] - WARNING: Not Found: /static/admin/js/vendor/xregexp/xregexp.min.js
2018-03-24 22:56:43,491 - base.py[line:152] - WARNING: Not Found: /static/admin/css/base.css
2018-03-24 22:56:43,494 - base.py[line:152] - WARNING: Not Found: /static/admin/css/changelists.css
2018-03-24 22:56:43,498 - base.py[line:152] - WARNING: Not Found: /static/admin/js/core.js
2018-03-24 22:56:43,500 - base.py[line:152] - WARNING: Not Found: /static/admin/js/vendor/jquery/jquery.min.js
2018-03-24 22:56:43,502 - base.py[line:152] - WARNING: Not Found: /static/admin/js/jquery.init.js
2018-03-24 22:56:43,506 - base.py[line:152] - WARNING: Not Found: /static/admin/js/admin/RelatedObjectLookups.js
2018-03-24 22:56:43,508 - base.py[line:152] - WARNING: Not Found: /static/admin/js/actions.min.js
2018-03-24 22:56:43,510 - base.py[line:152] - WARNING: Not Found: /static/admin/js/urlify.js
2018-03-24 22:56:43,512 - base.py[line:152] - WARNING: Not Found: /static/admin/js/prepopulate.min.js
2018-03-24 22:56:43,516 - base.py[line:152] - WARNING: Not Found: /static/admin/js/vendor/xregexp/xregexp.min.js
2018-03-24 22:56:43,527 - base.py[line:152] - WARNING: Not Found: /static/admin/js/core.js
2018-03-24 22:56:43,532 - base.py[line:152] - WARNING: Not Found: /static/admin/js/vendor/jquery/jquery.min.js
2018-03-24 22:56:43,535 - base.py[line:152] - WARNING: Not Found: /static/admin/js/jquery.init.js
2018-03-24 22:56:43,540 - base.py[line:152] - WARNING: Not Found: /static/admin/js/admin/RelatedObjectLookups.js
2018-03-24 22:56:43,543 - base.py[line:152] - WARNING: Not Found: /static/admin/js/actions.min.js
2018-03-24 22:56:43,549 - base.py[line:152] - WARNING: Not Found: /static/admin/js/urlify.js
2018-03-24 22:56:43,552 - base.py[line:152] - WARNING: Not Found: /static/admin/js/prepopulate.min.js
2018-03-24 22:56:43,555 - base.py[line:152] - WARNING: Not Found: /static/admin/js/vendor/xregexp/xregexp.min.js
2018-03-24 22:56:45,446 - base.py[line:152] - WARNING: Not Found: /static/admin/css/base.css
2018-03-24 22:56:45,450 - base.py[line:152] - WARNING: Not Found: /static/admin/js/core.js
2018-03-24 22:56:45,453 - base.py[line:152] - WARNING: Not Found: /static/admin/js/vendor/jquery/jquery.min.js
2018-03-24 22:56:45,455 - base.py[line:152] - WARNING: Not Found: /static/admin/js/jquery.init.js
2018-03-24 22:56:45,463 - base.py[line:152] - WARNING: Not Found: /static/admin/js/admin/RelatedObjectLookups.js
2018-03-24 22:56:45,468 - base.py[line:152] - WARNING: Not Found: /static/admin/js/actions.min.js
2018-03-24 22:56:45,473 - base.py[line:152] - WARNING: Not Found: /static/admin/js/urlify.js
2018-03-24 22:56:45,477 - base.py[line:152] - WARNING: Not Found: /static/admin/js/prepopulate.min.js
2018-03-24 22:56:45,479 - base.py[line:152] - WARNING: Not Found: /static/admin/js/vendor/xregexp/xregexp.min.js
2018-03-24 22:56:45,480 - base.py[line:152] - WARNING: Not Found: /static/admin/js/core.js
2018-03-24 22:56:45,489 - base.py[line:152] - WARNING: Not Found: /static/admin/js/vendor/jquery/jquery.min.js
2018-03-24 22:56:45,494 - base.py[line:152] - WARNING: Not Found: /static/admin/js/jquery.init.js
2018-03-24 22:56:45,497 - base.py[line:152] - WARNING: Not Found: /static/admin/js/admin/RelatedObjectLookups.js
2018-03-24 22:56:45,500 - base.py[line:152] - WARNING: Not Found: /static/admin/js/actions.min.js
2018-03-24 22:56:45,504 - base.py[line:152] - WARNING: Not Found: /static/admin/js/urlify.js
2018-03-24 22:56:45,508 - base.py[line:152] - WARNING: Not Found: /static/admin/js/prepopulate.min.js
2018-03-24 22:56:45,511 - base.py[line:152] - WARNING: Not Found: /static/admin/js/vendor/xregexp/xregexp.min.js
2018-03-24 22:56:56,436 - base.py[line:152] - WARNING: Not Found: /static/admin/css/base.css
2018-03-24 22:56:56,438 - base.py[line:152] - WARNING: Not Found: /static/admin/css/changelists.css
2018-03-24 22:56:56,442 - base.py[line:152] - WARNING: Not Found: /static/admin/js/core.js
2018-03-24 22:56:56,446 - base.py[line:152] - WARNING: Not Found: /static/admin/js/vendor/jquery/jquery.min.js
2018-03-24 22:56:56,447 - base.py[line:152] - WARNING: Not Found: /static/admin/js/jquery.init.js
2018-03-24 22:56:56,448 - base.py[line:152] - WARNING: Not Found: /static/admin/js/admin/RelatedObjectLookups.js
2018-03-24 22:56:56,452 - base.py[line:152] - WARNING: Not Found: /static/admin/js/actions.min.js
2018-03-24 22:56:56,453 - base.py[line:152] - WARNING: Not Found: /static/admin/js/urlify.js
2018-03-24 22:56:56,456 - base.py[line:152] - WARNING: Not Found: /static/admin/js/prepopulate.min.js
2018-03-24 22:56:56,460 - base.py[line:152] - WARNING: Not Found: /static/admin/js/vendor/xregexp/xregexp.min.js
2018-03-24 22:56:56,470 - base.py[line:152] - WARNING: Not Found: /static/admin/js/core.js
2018-03-24 22:56:56,474 - base.py[line:152] - WARNING: Not Found: /static/admin/js/vendor/jquery/jquery.min.js
2018-03-24 22:56:56,477 - base.py[line:152] - WARNING: Not Found: /static/admin/js/jquery.init.js
2018-03-24 22:56:56,479 - base.py[line:152] - WARNING: Not Found: /static/admin/js/admin/RelatedObjectLookups.js
2018-03-24 22:56:56,482 - base.py[line:152] - WARNING: Not Found: /static/admin/js/actions.min.js
2018-03-24 22:56:56,486 - base.py[line:152] - WARNING: Not Found: /static/admin/js/urlify.js
2018-03-24 22:56:56,490 - base.py[line:152] - WARNING: Not Found: /static/admin/js/prepopulate.min.js
2018-03-24 22:56:56,494 - base.py[line:152] - WARNING: Not Found: /static/admin/js/vendor/xregexp/xregexp.min.js
2018-03-24 23:11:23,150 - base.py[line:152] - WARNING: Not Found: /static/admin/css/dashboard.css
2018-03-24 23:11:23,150 - base.py[line:152] - WARNING: Not Found: /static/admin/css/base.css
2018-03-24 23:11:24,864 - base.py[line:152] - WARNING: Not Found: /static/admin/css/changelists.css
2018-03-24 23:11:24,865 - base.py[line:152] - WARNING: Not Found: /static/admin/css/base.css
2018-03-24 23:11:24,867 - base.py[line:152] - WARNING: Not Found: /static/admin/js/core.js
2018-03-24 23:11:24,871 - base.py[line:152] - WARNING: Not Found: /static/admin/js/vendor/jquery/jquery.min.js
2018-03-24 23:11:24,873 - base.py[line:152] - WARNING: Not Found: /static/admin/js/jquery.init.js
2018-03-24 23:11:24,877 - base.py[line:152] - WARNING: Not Found: /static/admin/js/actions.min.js
2018-03-24 23:11:24,878 - base.py[line:152] - WARNING: Not Found: /static/admin/js/admin/RelatedObjectLookups.js
2018-03-24 23:11:24,883 - base.py[line:152] - WARNING: Not Found: /static/admin/js/urlify.js
2018-03-24 23:11:24,884 - base.py[line:152] - WARNING: Not Found: /static/admin/js/prepopulate.min.js
2018-03-24 23:11:24,886 - base.py[line:152] - WARNING: Not Found: /static/admin/js/vendor/xregexp/xregexp.min.js
2018-03-24 23:11:24,895 - base.py[line:152] - WARNING: Not Found: /static/admin/js/core.js
2018-03-24 23:11:24,898 - base.py[line:152] - WARNING: Not Found: /static/admin/js/vendor/jquery/jquery.min.js
2018-03-24 23:11:24,901 - base.py[line:152] - WARNING: Not Found: /static/admin/js/jquery.init.js
2018-03-24 23:11:24,904 - base.py[line:152] - WARNING: Not Found: /static/admin/js/admin/RelatedObjectLookups.js
2018-03-24 23:11:24,909 - base.py[line:152] - WARNING: Not Found: /static/admin/js/actions.min.js
2018-03-24 23:11:24,912 - base.py[line:152] - WARNING: Not Found: /static/admin/js/urlify.js
2018-03-24 23:11:24,915 - base.py[line:152] - WARNING: Not Found: /static/admin/js/prepopulate.min.js
2018-03-24 23:11:24,918 - base.py[line:152] - WARNING: Not Found: /static/admin/js/vendor/xregexp/xregexp.min.js
2018-03-24 23:11:30,278 - base.py[line:152] - WARNING: Not Found: /static/admin/css/base.css
2018-03-24 23:11:30,303 - base.py[line:152] - WARNING: Not Found: /static/admin/js/core.js
2018-03-24 23:11:30,305 - base.py[line:152] - WARNING: Not Found: /static/admin/js/vendor/jquery/jquery.min.js
2018-03-24 23:11:30,311 - base.py[line:152] - WARNING: Not Found: /static/admin/js/jquery.init.js
2018-03-24 23:11:30,315 - base.py[line:152] - WARNING: Not Found: /static/admin/js/admin/RelatedObjectLookups.js
2018-03-24 23:11:30,317 - base.py[line:152] - WARNING: Not Found: /static/admin/js/actions.min.js
2018-03-24 23:11:30,320 - base.py[line:152] - WARNING: Not Found: /static/admin/js/urlify.js
2018-03-24 23:11:30,324 - base.py[line:152] - WARNING: Not Found: /static/admin/js/prepopulate.min.js
2018-03-24 23:11:30,328 - base.py[line:152] - WARNING: Not Found: /static/admin/js/vendor/xregexp/xregexp.min.js
2018-03-24 23:11:30,369 - base.py[line:152] - WARNING: Not Found: /static/admin/js/core.js
2018-03-24 23:11:30,375 - base.py[line:152] - WARNING: Not Found: /static/admin/js/vendor/jquery/jquery.min.js
2018-03-24 23:11:30,385 - base.py[line:152] - WARNING: Not Found: /static/admin/js/jquery.init.js
2018-03-24 23:11:30,391 - base.py[line:152] - WARNING: Not Found: /static/admin/js/admin/RelatedObjectLookups.js
2018-03-24 23:11:30,403 - base.py[line:152] - WARNING: Not Found: /static/admin/js/actions.min.js
2018-03-24 23:11:30,408 - base.py[line:152] - WARNING: Not Found: /static/admin/js/urlify.js
2018-03-24 23:11:30,415 - base.py[line:152] - WARNING: Not Found: /static/admin/js/prepopulate.min.js
2018-03-24 23:11:30,423 - base.py[line:152] - WARNING: Not Found: /static/admin/js/vendor/xregexp/xregexp.min.js
2018-03-24 23:11:33,044 - base.py[line:152] - WARNING: Not Found: /static/admin/css/base.css
2018-03-24 23:11:33,053 - base.py[line:152] - WARNING: Not Found: /static/admin/js/core.js
2018-03-24 23:11:33,055 - base.py[line:152] - WARNING: Not Found: /static/admin/js/vendor/jquery/jquery.min.js
2018-03-24 23:11:33,057 - base.py[line:152] - WARNING: Not Found: /static/admin/js/jquery.init.js
2018-03-24 23:11:33,059 - base.py[line:152] - WARNING: Not Found: /static/admin/js/admin/RelatedObjectLookups.js
2018-03-24 23:11:33,061 - base.py[line:152] - WARNING: Not Found: /static/admin/js/urlify.js
2018-03-24 23:11:33,063 - base.py[line:152] - WARNING: Not Found: /static/admin/js/actions.min.js
2018-03-24 23:11:33,066 - base.py[line:152] - WARNING: Not Found: /static/admin/js/prepopulate.min.js
2018-03-24 23:11:33,069 - base.py[line:152] - WARNING: Not Found: /static/admin/js/vendor/xregexp/xregexp.min.js
2018-03-24 23:11:33,078 - base.py[line:152] - WARNING: Not Found: /static/admin/js/core.js
2018-03-24 23:11:33,081 - base.py[line:152] - WARNING: Not Found: /static/admin/js/vendor/jquery/jquery.min.js
2018-03-24 23:11:33,084 - base.py[line:152] - WARNING: Not Found: /static/admin/js/jquery.init.js
2018-03-24 23:11:33,087 - base.py[line:152] - WARNING: Not Found: /static/admin/js/admin/RelatedObjectLookups.js
2018-03-24 23:11:33,091 - base.py[line:152] - WARNING: Not Found: /static/admin/js/actions.min.js
2018-03-24 23:11:33,095 - base.py[line:152] - WARNING: Not Found: /static/admin/js/urlify.js
2018-03-24 23:11:33,097 - base.py[line:152] - WARNING: Not Found: /static/admin/js/prepopulate.min.js
2018-03-24 23:11:33,102 - base.py[line:152] - WARNING: Not Found: /static/admin/js/vendor/xregexp/xregexp.min.js
2018-03-24 23:11:36,471 - base.py[line:152] - WARNING: Not Found: /static/admin/css/base.css
2018-03-24 23:11:36,475 - base.py[line:152] - WARNING: Not Found: /static/admin/js/core.js
2018-03-24 23:11:36,477 - base.py[line:152] - WARNING: Not Found: /static/admin/js/vendor/jquery/jquery.min.js
2018-03-24 23:11:36,481 - base.py[line:152] - WARNING: Not Found: /static/admin/js/jquery.init.js
2018-03-24 23:11:36,483 - base.py[line:152] - WARNING: Not Found: /static/admin/js/admin/RelatedObjectLookups.js
2018-03-24 23:11:36,485 - base.py[line:152] - WARNING: Not Found: /static/admin/js/actions.min.js
2018-03-24 23:11:36,487 - base.py[line:152] - WARNING: Not Found: /static/admin/js/urlify.js
2018-03-24 23:11:36,488 - base.py[line:152] - WARNING: Not Found: /static/admin/js/prepopulate.min.js
2018-03-24 23:11:36,497 - base.py[line:152] - WARNING: Not Found: /static/admin/js/vendor/xregexp/xregexp.min.js
2018-03-24 23:11:36,504 - base.py[line:152] - WARNING: Not Found: /static/admin/js/core.js
2018-03-24 23:11:36,509 - base.py[line:152] - WARNING: Not Found: /static/admin/js/vendor/jquery/jquery.min.js
2018-03-24 23:11:36,514 - base.py[line:152] - WARNING: Not Found: /static/admin/js/jquery.init.js
2018-03-24 23:11:36,517 - base.py[line:152] - WARNING: Not Found: /static/admin/js/admin/RelatedObjectLookups.js
2018-03-24 23:11:36,519 - base.py[line:152] - WARNING: Not Found: /static/admin/js/actions.min.js
2018-03-24 23:11:36,524 - base.py[line:152] - WARNING: Not Found: /static/admin/js/urlify.js
2018-03-24 23:11:36,528 - base.py[line:152] - WARNING: Not Found: /static/admin/js/prepopulate.min.js
2018-03-24 23:11:36,532 - base.py[line:152] - WARNING: Not Found: /static/admin/js/vendor/xregexp/xregexp.min.js
2018-03-24 23:11:38,761 - base.py[line:152] - WARNING: Not Found: /static/admin/css/base.css
2018-03-24 23:11:38,766 - base.py[line:152] - WARNING: Not Found: /static/admin/js/core.js
2018-03-24 23:11:38,767 - base.py[line:152] - WARNING: Not Found: /static/admin/js/vendor/jquery/jquery.min.js
2018-03-24 23:11:38,770 - base.py[line:152] - WARNING: Not Found: /static/admin/js/jquery.init.js
2018-03-24 23:11:38,772 - base.py[line:152] - WARNING: Not Found: /static/admin/js/admin/RelatedObjectLookups.js
2018-03-24 23:11:38,775 - base.py[line:152] - WARNING: Not Found: /static/admin/js/actions.min.js
2018-03-24 23:11:38,776 - base.py[line:152] - WARNING: Not Found: /static/admin/js/urlify.js
2018-03-24 23:11:38,778 - base.py[line:152] - WARNING: Not Found: /static/admin/js/prepopulate.min.js
2018-03-24 23:11:38,780 - base.py[line:152] - WARNING: Not Found: /static/admin/js/vendor/xregexp/xregexp.min.js
2018-03-24 23:11:38,791 - base.py[line:152] - WARNING: Not Found: /static/admin/js/core.js
2018-03-24 23:11:38,794 - base.py[line:152] - WARNING: Not Found: /static/admin/js/vendor/jquery/jquery.min.js
2018-03-24 23:11:38,797 - base.py[line:152] - WARNING: Not Found: /static/admin/js/jquery.init.js
2018-03-24 23:11:38,799 - base.py[line:152] - WARNING: Not Found: /static/admin/js/admin/RelatedObjectLookups.js
2018-03-24 23:11:38,802 - base.py[line:152] - WARNING: Not Found: /static/admin/js/actions.min.js
2018-03-24 23:11:38,806 - base.py[line:152] - WARNING: Not Found: /static/admin/js/urlify.js
2018-03-24 23:11:38,810 - base.py[line:152] - WARNING: Not Found: /static/admin/js/prepopulate.min.js
2018-03-24 23:11:38,812 - base.py[line:152] - WARNING: Not Found: /static/admin/js/vendor/xregexp/xregexp.min.js
2018-03-24 23:11:42,150 - base.py[line:152] - WARNING: Not Found: /static/admin/css/base.css
2018-03-24 23:11:42,156 - base.py[line:152] - WARNING: Not Found: /static/admin/js/core.js
2018-03-24 23:11:42,157 - base.py[line:152] - WARNING: Not Found: /static/admin/js/vendor/jquery/jquery.min.js
2018-03-24 23:11:42,159 - base.py[line:152] - WARNING: Not Found: /static/admin/js/jquery.init.js
2018-03-24 23:11:42,162 - base.py[line:152] - WARNING: Not Found: /static/admin/js/admin/RelatedObjectLookups.js
2018-03-24 23:11:42,165 - base.py[line:152] - WARNING: Not Found: /static/admin/js/actions.min.js
2018-03-24 23:11:42,169 - base.py[line:152] - WARNING: Not Found: /static/admin/js/prepopulate.min.js
2018-03-24 23:11:42,171 - base.py[line:152] - WARNING: Not Found: /static/admin/js/urlify.js
2018-03-24 23:11:42,172 - base.py[line:152] - WARNING: Not Found: /static/admin/js/vendor/xregexp/xregexp.min.js
2018-03-24 23:11:42,182 - base.py[line:152] - WARNING: Not Found: /static/admin/js/core.js
2018-03-24 23:11:42,185 - base.py[line:152] - WARNING: Not Found: /static/admin/js/vendor/jquery/jquery.min.js
2018-03-24 23:11:42,188 - base.py[line:152] - WARNING: Not Found: /static/admin/js/jquery.init.js
2018-03-24 23:11:42,192 - base.py[line:152] - WARNING: Not Found: /static/admin/js/admin/RelatedObjectLookups.js
2018-03-24 23:11:42,196 - base.py[line:152] - WARNING: Not Found: /static/admin/js/actions.min.js
2018-03-24 23:11:42,199 - base.py[line:152] - WARNING: Not Found: /static/admin/js/urlify.js
2018-03-24 23:11:42,202 - base.py[line:152] - WARNING: Not Found: /static/admin/js/prepopulate.min.js
2018-03-24 23:11:42,205 - base.py[line:152] - WARNING: Not Found: /static/admin/js/vendor/xregexp/xregexp.min.js
2018-03-24 23:11:44,548 - base.py[line:152] - WARNING: Not Found: /static/admin/css/base.css
2018-03-24 23:11:44,552 - base.py[line:152] - WARNING: Not Found: /static/admin/js/core.js
2018-03-24 23:11:44,554 - base.py[line:152] - WARNING: Not Found: /static/admin/js/vendor/jquery/jquery.min.js
2018-03-24 23:11:44,558 - base.py[line:152] - WARNING: Not Found: /static/admin/js/jquery.init.js
2018-03-24 23:11:44,561 - base.py[line:152] - WARNING: Not Found: /static/admin/js/actions.min.js
2018-03-24 23:11:44,562 - base.py[line:152] - WARNING: Not Found: /static/admin/js/admin/RelatedObjectLookups.js
2018-03-24 23:11:44,564 - base.py[line:152] - WARNING: Not Found: /static/admin/js/urlify.js
2018-03-24 23:11:44,566 - base.py[line:152] - WARNING: Not Found: /static/admin/js/prepopulate.min.js
2018-03-24 23:11:44,568 - base.py[line:152] - WARNING: Not Found: /static/admin/js/vendor/xregexp/xregexp.min.js
2018-03-24 23:11:44,580 - base.py[line:152] - WARNING: Not Found: /static/admin/js/core.js
2018-03-24 23:11:44,582 - base.py[line:152] - WARNING: Not Found: /static/admin/js/vendor/jquery/jquery.min.js
2018-03-24 23:11:44,585 - base.py[line:152] - WARNING: Not Found: /static/admin/js/jquery.init.js
2018-03-24 23:11:44,588 - base.py[line:152] - WARNING: Not Found: /static/admin/js/admin/RelatedObjectLookups.js
2018-03-24 23:11:44,593 - base.py[line:152] - WARNING: Not Found: /static/admin/js/actions.min.js
2018-03-24 23:11:44,597 - base.py[line:152] - WARNING: Not Found: /static/admin/js/urlify.js
2018-03-24 23:11:44,600 - base.py[line:152] - WARNING: Not Found: /static/admin/js/prepopulate.min.js
2018-03-24 23:11:44,603 - base.py[line:152] - WARNING: Not Found: /static/admin/js/vendor/xregexp/xregexp.min.js
2018-03-25 20:30:45,525 - djcmd.py[line:376] - ERROR: msg: 'Runner' object has no attribute 'thumbedFileList'.
Traceback (most recent call last):
  File "/home/alex/PycharmProjects/dangjianyun/dangjiansite/management/commands/djcmd.py", line 373, in main
    thumbTen(userobj=userobj, run=run)
  File "/home/alex/PycharmProjects/dangjianyun/dangjiansite/management/commands/djcmd.py", line 320, in thumbTen
    thumbedSet.extend(run.thumbedFileList)
AttributeError: 'Runner' object has no attribute 'thumbedFileList'
2018-03-25 20:30:46,790 - djcmd.py[line:376] - ERROR: msg: 'Runner' object has no attribute 'thumbedFileList'.
Traceback (most recent call last):
  File "/home/alex/PycharmProjects/dangjianyun/dangjiansite/management/commands/djcmd.py", line 373, in main
    thumbTen(userobj=userobj, run=run)
  File "/home/alex/PycharmProjects/dangjianyun/dangjiansite/management/commands/djcmd.py", line 320, in thumbTen
    thumbedSet.extend(run.thumbedFileList)
AttributeError: 'Runner' object has no attribute 'thumbedFileList'
2018-03-25 20:30:48,114 - djcmd.py[line:376] - ERROR: msg: 'Runner' object has no attribute 'thumbedFileList'.
Traceback (most recent call last):
  File "/home/alex/PycharmProjects/dangjianyun/dangjiansite/management/commands/djcmd.py", line 373, in main
    thumbTen(userobj=userobj, run=run)
  File "/home/alex/PycharmProjects/dangjianyun/dangjiansite/management/commands/djcmd.py", line 320, in thumbTen
    thumbedSet.extend(run.thumbedFileList)
AttributeError: 'Runner' object has no attribute 'thumbedFileList'
2018-03-25 20:30:49,433 - djcmd.py[line:376] - ERROR: msg: 'Runner' object has no attribute 'thumbedFileList'.
Traceback (most recent call last):
  File "/home/alex/PycharmProjects/dangjianyun/dangjiansite/management/commands/djcmd.py", line 373, in main
    thumbTen(userobj=userobj, run=run)
  File "/home/alex/PycharmProjects/dangjianyun/dangjiansite/management/commands/djcmd.py", line 320, in thumbTen
    thumbedSet.extend(run.thumbedFileList)
AttributeError: 'Runner' object has no attribute 'thumbedFileList'
2018-03-25 20:31:49,615 - djcmd.py[line:378] - ERROR: msg: name 'ThumbInfo' is not defined.
Traceback (most recent call last):
  File "/home/alex/PycharmProjects/dangjianyun/dangjiansite/management/commands/djcmd.py", line 375, in main
    thumbTen(userobj=userobj, run=run)
  File "/home/alex/PycharmProjects/dangjianyun/dangjiansite/management/commands/djcmd.py", line 334, in thumbTen
    ThumbInfo.objects.create(
NameError: name 'ThumbInfo' is not defined
2018-03-25 20:31:51,252 - djcmd.py[line:378] - ERROR: msg: name 'ThumbInfo' is not defined.
Traceback (most recent call last):
  File "/home/alex/PycharmProjects/dangjianyun/dangjiansite/management/commands/djcmd.py", line 375, in main
    thumbTen(userobj=userobj, run=run)
  File "/home/alex/PycharmProjects/dangjianyun/dangjiansite/management/commands/djcmd.py", line 334, in thumbTen
    ThumbInfo.objects.create(
NameError: name 'ThumbInfo' is not defined
2018-03-25 20:31:52,988 - djcmd.py[line:378] - ERROR: msg: name 'ThumbInfo' is not defined.
Traceback (most recent call last):
  File "/home/alex/PycharmProjects/dangjianyun/dangjiansite/management/commands/djcmd.py", line 375, in main
    thumbTen(userobj=userobj, run=run)
  File "/home/alex/PycharmProjects/dangjianyun/dangjiansite/management/commands/djcmd.py", line 334, in thumbTen
    ThumbInfo.objects.create(
NameError: name 'ThumbInfo' is not defined
2018-03-25 20:34:05,194 - djcmd.py[line:378] - ERROR: msg: name 'ThumbInfo' is not defined.
Traceback (most recent call last):
  File "/home/alex/PycharmProjects/dangjianyun/dangjiansite/management/commands/djcmd.py", line 375, in main
    thumbTen(userobj=userobj, run=run)
  File "/home/alex/PycharmProjects/dangjianyun/dangjiansite/management/commands/djcmd.py", line 334, in thumbTen
    ThumbInfo.objects.create(
NameError: name 'ThumbInfo' is not defined
2018-03-25 20:34:06,788 - djcmd.py[line:378] - ERROR: msg: name 'ThumbInfo' is not defined.
Traceback (most recent call last):
  File "/home/alex/PycharmProjects/dangjianyun/dangjiansite/management/commands/djcmd.py", line 375, in main
    thumbTen(userobj=userobj, run=run)
  File "/home/alex/PycharmProjects/dangjianyun/dangjiansite/management/commands/djcmd.py", line 334, in thumbTen
    ThumbInfo.objects.create(
NameError: name 'ThumbInfo' is not defined
2018-03-25 20:34:08,704 - djcmd.py[line:378] - ERROR: msg: name 'ThumbInfo' is not defined.
Traceback (most recent call last):
  File "/home/alex/PycharmProjects/dangjianyun/dangjiansite/management/commands/djcmd.py", line 375, in main
    thumbTen(userobj=userobj, run=run)
  File "/home/alex/PycharmProjects/dangjianyun/dangjiansite/management/commands/djcmd.py", line 334, in thumbTen
    ThumbInfo.objects.create(
NameError: name 'ThumbInfo' is not defined
2018-03-25 20:34:30,265 - djcmd.py[line:378] - ERROR: msg: name 'ThumbInfo' is not defined.
Traceback (most recent call last):
  File "/home/alex/PycharmProjects/dangjianyun/dangjiansite/management/commands/djcmd.py", line 375, in main
    thumbTen(userobj=userobj, run=run)
  File "/home/alex/PycharmProjects/dangjianyun/dangjiansite/management/commands/djcmd.py", line 334, in thumbTen
    ThumbInfo.objects.create(
NameError: name 'ThumbInfo' is not defined
2018-03-25 20:34:32,114 - djcmd.py[line:378] - ERROR: msg: name 'ThumbInfo' is not defined.
Traceback (most recent call last):
  File "/home/alex/PycharmProjects/dangjianyun/dangjiansite/management/commands/djcmd.py", line 375, in main
    thumbTen(userobj=userobj, run=run)
  File "/home/alex/PycharmProjects/dangjianyun/dangjiansite/management/commands/djcmd.py", line 334, in thumbTen
    ThumbInfo.objects.create(
NameError: name 'ThumbInfo' is not defined
2018-03-25 20:34:34,157 - djcmd.py[line:378] - ERROR: msg: name 'ThumbInfo' is not defined.
Traceback (most recent call last):
  File "/home/alex/PycharmProjects/dangjianyun/dangjiansite/management/commands/djcmd.py", line 375, in main
    thumbTen(userobj=userobj, run=run)
  File "/home/alex/PycharmProjects/dangjianyun/dangjiansite/management/commands/djcmd.py", line 334, in thumbTen
    ThumbInfo.objects.create(
NameError: name 'ThumbInfo' is not defined
2018-03-25 20:34:35,841 - djcmd.py[line:378] - ERROR: msg: name 'ThumbInfo' is not defined.
Traceback (most recent call last):
  File "/home/alex/PycharmProjects/dangjianyun/dangjiansite/management/commands/djcmd.py", line 375, in main
    thumbTen(userobj=userobj, run=run)
  File "/home/alex/PycharmProjects/dangjianyun/dangjiansite/management/commands/djcmd.py", line 334, in thumbTen
    ThumbInfo.objects.create(
NameError: name 'ThumbInfo' is not defined
2018-03-25 20:35:05,745 - djcmd.py[line:378] - ERROR: msg: 'NoneType' object is not iterable.
Traceback (most recent call last):
  File "/home/alex/PycharmProjects/dangjianyun/dangjiansite/management/commands/djcmd.py", line 375, in main
    thumbTen(userobj=userobj, run=run)
  File "/home/alex/PycharmProjects/dangjianyun/dangjiansite/management/commands/djcmd.py", line 325, in thumbTen
    detail, thumbInfo = run.doThumb(id=id)
TypeError: 'NoneType' object is not iterable
2018-03-25 20:45:47,501 - dangJianCmd.py[line:376] - ERROR: msg: ('Connection aborted.', RemoteDisconnected('Remote end closed connection without response',)).
Traceback (most recent call last):
  File "/home/alex/.local/lib/python3.5/site-packages/urllib3/connectionpool.py", line 601, in urlopen
    chunked=chunked)
  File "/home/alex/.local/lib/python3.5/site-packages/urllib3/connectionpool.py", line 387, in _make_request
    six.raise_from(e, None)
  File "<string>", line 2, in raise_from
  File "/home/alex/.local/lib/python3.5/site-packages/urllib3/connectionpool.py", line 383, in _make_request
    httplib_response = conn.getresponse()
  File "/usr/lib/python3.5/http/client.py", line 1197, in getresponse
    response.begin()
  File "/usr/lib/python3.5/http/client.py", line 297, in begin
    version, status, reason = self._read_status()
  File "/usr/lib/python3.5/http/client.py", line 266, in _read_status
    raise RemoteDisconnected("Remote end closed connection without"
http.client.RemoteDisconnected: Remote end closed connection without response

During handling of the above exception, another exception occurred:

Traceback (most recent call last):
  File "/home/alex/.local/lib/python3.5/site-packages/requests/adapters.py", line 440, in send
    timeout=timeout
  File "/home/alex/.local/lib/python3.5/site-packages/urllib3/connectionpool.py", line 639, in urlopen
    _stacktrace=sys.exc_info()[2])
  File "/home/alex/.local/lib/python3.5/site-packages/urllib3/util/retry.py", line 357, in increment
    raise six.reraise(type(error), error, _stacktrace)
  File "/home/alex/.local/lib/python3.5/site-packages/urllib3/packages/six.py", line 685, in reraise
    raise value.with_traceback(tb)
  File "/home/alex/.local/lib/python3.5/site-packages/urllib3/connectionpool.py", line 601, in urlopen
    chunked=chunked)
  File "/home/alex/.local/lib/python3.5/site-packages/urllib3/connectionpool.py", line 387, in _make_request
    six.raise_from(e, None)
  File "<string>", line 2, in raise_from
  File "/home/alex/.local/lib/python3.5/site-packages/urllib3/connectionpool.py", line 383, in _make_request
    httplib_response = conn.getresponse()
  File "/usr/lib/python3.5/http/client.py", line 1197, in getresponse
    response.begin()
  File "/usr/lib/python3.5/http/client.py", line 297, in begin
    version, status, reason = self._read_status()
  File "/usr/lib/python3.5/http/client.py", line 266, in _read_status
    raise RemoteDisconnected("Remote end closed connection without"
urllib3.exceptions.ProtocolError: ('Connection aborted.', RemoteDisconnected('Remote end closed connection without response',))

During handling of the above exception, another exception occurred:

Traceback (most recent call last):
  File "/home/alex/PycharmProjects/dangjianyun/dangjiansite/dangJianCmd.py", line 373, in main
    thumbTen(userobj=userobj, run=run)
  File "/home/alex/PycharmProjects/dangjianyun/dangjiansite/dangJianCmd.py", line 322, in thumbTen
    detail, thumbInfo = run.doThumb(id=id)
  File "/home/alex/PycharmProjects/dangjianyun/dangjiansite/runner.py", line 299, in doThumb
    verify=False).json()
  File "/home/alex/.local/lib/python3.5/site-packages/requests/sessions.py", line 555, in post
    return self.request('POST', url, data=data, json=json, **kwargs)
  File "/home/alex/.local/lib/python3.5/site-packages/requests/sessions.py", line 508, in request
    resp = self.send(prep, **send_kwargs)
  File "/home/alex/.local/lib/python3.5/site-packages/requests/sessions.py", line 618, in send
    r = adapter.send(request, **kwargs)
  File "/home/alex/.local/lib/python3.5/site-packages/requests/adapters.py", line 490, in send
    raise ConnectionError(err, request=request)
requests.exceptions.ConnectionError: ('Connection aborted.', RemoteDisconnected('Remote end closed connection without response',))
2018-03-25 20:53:06,749 - dangJianCmd.py[line:376] - ERROR: msg: ('Connection aborted.', RemoteDisconnected('Remote end closed connection without response',)).
Traceback (most recent call last):
  File "/home/alex/.local/lib/python3.5/site-packages/urllib3/connectionpool.py", line 601, in urlopen
    chunked=chunked)
  File "/home/alex/.local/lib/python3.5/site-packages/urllib3/connectionpool.py", line 387, in _make_request
    six.raise_from(e, None)
  File "<string>", line 2, in raise_from
  File "/home/alex/.local/lib/python3.5/site-packages/urllib3/connectionpool.py", line 383, in _make_request
    httplib_response = conn.getresponse()
  File "/usr/lib/python3.5/http/client.py", line 1197, in getresponse
    response.begin()
  File "/usr/lib/python3.5/http/client.py", line 297, in begin
    version, status, reason = self._read_status()
  File "/usr/lib/python3.5/http/client.py", line 266, in _read_status
    raise RemoteDisconnected("Remote end closed connection without"
http.client.RemoteDisconnected: Remote end closed connection without response

During handling of the above exception, another exception occurred:

Traceback (most recent call last):
  File "/home/alex/.local/lib/python3.5/site-packages/requests/adapters.py", line 440, in send
    timeout=timeout
  File "/home/alex/.local/lib/python3.5/site-packages/urllib3/connectionpool.py", line 639, in urlopen
    _stacktrace=sys.exc_info()[2])
  File "/home/alex/.local/lib/python3.5/site-packages/urllib3/util/retry.py", line 357, in increment
    raise six.reraise(type(error), error, _stacktrace)
  File "/home/alex/.local/lib/python3.5/site-packages/urllib3/packages/six.py", line 685, in reraise
    raise value.with_traceback(tb)
  File "/home/alex/.local/lib/python3.5/site-packages/urllib3/connectionpool.py", line 601, in urlopen
    chunked=chunked)
  File "/home/alex/.local/lib/python3.5/site-packages/urllib3/connectionpool.py", line 387, in _make_request
    six.raise_from(e, None)
  File "<string>", line 2, in raise_from
  File "/home/alex/.local/lib/python3.5/site-packages/urllib3/connectionpool.py", line 383, in _make_request
    httplib_response = conn.getresponse()
  File "/usr/lib/python3.5/http/client.py", line 1197, in getresponse
    response.begin()
  File "/usr/lib/python3.5/http/client.py", line 297, in begin
    version, status, reason = self._read_status()
  File "/usr/lib/python3.5/http/client.py", line 266, in _read_status
    raise RemoteDisconnected("Remote end closed connection without"
urllib3.exceptions.ProtocolError: ('Connection aborted.', RemoteDisconnected('Remote end closed connection without response',))

During handling of the above exception, another exception occurred:

Traceback (most recent call last):
  File "/home/alex/PycharmProjects/dangjianyun/dangjiansite/dangJianCmd.py", line 373, in main
    thumbTen(userobj=userobj, run=run)
  File "/home/alex/PycharmProjects/dangjianyun/dangjiansite/dangJianCmd.py", line 322, in thumbTen
    detail, thumbInfo = run.doThumb(id=id)
  File "/home/alex/PycharmProjects/dangjianyun/dangjiansite/runner.py", line 299, in doThumb
    verify=False).json()
  File "/home/alex/.local/lib/python3.5/site-packages/requests/sessions.py", line 555, in post
    return self.request('POST', url, data=data, json=json, **kwargs)
  File "/home/alex/.local/lib/python3.5/site-packages/requests/sessions.py", line 508, in request
    resp = self.send(prep, **send_kwargs)
  File "/home/alex/.local/lib/python3.5/site-packages/requests/sessions.py", line 618, in send
    r = adapter.send(request, **kwargs)
  File "/home/alex/.local/lib/python3.5/site-packages/requests/adapters.py", line 490, in send
    raise ConnectionError(err, request=request)
requests.exceptions.ConnectionError: ('Connection aborted.', RemoteDisconnected('Remote end closed connection without response',))
2018-03-26 08:55:11,927 - base.py[line:152] - WARNING: Not Found: /favicon.ico
2018-03-26 08:55:16,062 - base.py[line:152] - WARNING: Not Found: /static/admin/js/vendor/xregexp/xregexp.min.js
2018-03-26 08:55:16,065 - base.py[line:152] - WARNING: Not Found: /static/admin/js/prepopulate.min.js
2018-03-26 08:55:16,068 - base.py[line:152] - WARNING: Not Found: /static/admin/js/actions.min.js
2018-03-26 08:55:16,070 - base.py[line:152] - WARNING: Not Found: /static/admin/js/vendor/jquery/jquery.min.js
2018-03-26 08:55:16,277 - base.py[line:152] - WARNING: Not Found: /static/admin/js/vendor/jquery/jquery.min.js
2018-03-26 08:55:16,285 - base.py[line:152] - WARNING: Not Found: /static/admin/js/actions.min.js
2018-03-26 08:55:16,296 - base.py[line:152] - WARNING: Not Found: /static/admin/js/prepopulate.min.js
2018-03-26 08:55:16,308 - base.py[line:152] - WARNING: Not Found: /static/admin/js/vendor/xregexp/xregexp.min.js
2018-03-26 08:55:20,563 - base.py[line:152] - WARNING: Not Found: /static/admin/js/actions.min.js
2018-03-26 08:55:20,565 - base.py[line:152] - WARNING: Not Found: /static/admin/js/prepopulate.min.js
2018-03-26 08:55:20,567 - base.py[line:152] - WARNING: Not Found: /static/admin/js/vendor/jquery/jquery.min.js
2018-03-26 08:55:20,570 - base.py[line:152] - WARNING: Not Found: /static/admin/js/vendor/xregexp/xregexp.min.js
2018-03-26 08:55:20,587 - base.py[line:152] - WARNING: Not Found: /static/admin/js/vendor/jquery/jquery.min.js
2018-03-26 08:55:20,595 - base.py[line:152] - WARNING: Not Found: /static/admin/js/actions.min.js
2018-03-26 08:55:20,600 - base.py[line:152] - WARNING: Not Found: /static/admin/js/prepopulate.min.js
2018-03-26 08:55:20,615 - base.py[line:152] - WARNING: Not Found: /static/admin/js/vendor/xregexp/xregexp.min.js
2018-03-26 08:55:20,633 - base.py[line:152] - WARNING: Not Found: /static/admin/img/icon-alert.svg
2018-03-26 08:55:31,150 - base.py[line:152] - WARNING: Not Found: /static/admin/css/base.css
2018-03-26 08:55:31,156 - base.py[line:152] - WARNING: Not Found: /static/admin/css/changelists.css
2018-03-26 08:55:31,159 - base.py[line:152] - WARNING: Not Found: /static/admin/js/jquery.init.js
2018-03-26 08:55:31,163 - base.py[line:152] - WARNING: Not Found: /static/admin/js/vendor/jquery/jquery.min.js
2018-03-26 08:55:31,167 - base.py[line:152] - WARNING: Not Found: /static/admin/js/core.js
2018-03-26 08:55:31,174 - base.py[line:152] - WARNING: Not Found: /static/admin/js/actions.min.js
2018-03-26 08:55:31,175 - base.py[line:152] - WARNING: Not Found: /static/admin/js/admin/RelatedObjectLookups.js
2018-03-26 08:55:31,177 - base.py[line:152] - WARNING: Not Found: /static/admin/js/urlify.js
2018-03-26 08:55:31,187 - base.py[line:152] - WARNING: Not Found: /static/admin/js/vendor/xregexp/xregexp.min.js
2018-03-26 08:55:31,190 - base.py[line:152] - WARNING: Not Found: /static/admin/js/prepopulate.min.js
2018-03-26 08:55:31,192 - base.py[line:152] - WARNING: Not Found: /static/admin/js/core.js
2018-03-26 08:55:31,202 - base.py[line:152] - WARNING: Not Found: /static/admin/js/vendor/jquery/jquery.min.js
2018-03-26 08:55:31,208 - base.py[line:152] - WARNING: Not Found: /static/admin/js/jquery.init.js
2018-03-26 08:55:31,213 - base.py[line:152] - WARNING: Not Found: /static/admin/js/admin/RelatedObjectLookups.js
2018-03-26 08:55:31,216 - base.py[line:152] - WARNING: Not Found: /static/admin/js/actions.min.js
2018-03-26 08:55:31,221 - base.py[line:152] - WARNING: Not Found: /static/admin/js/urlify.js
2018-03-26 08:55:31,229 - base.py[line:152] - WARNING: Not Found: /static/admin/js/prepopulate.min.js
2018-03-26 08:55:31,233 - base.py[line:152] - WARNING: Not Found: /static/admin/js/vendor/xregexp/xregexp.min.js
2018-03-26 08:55:33,096 - base.py[line:152] - WARNING: Not Found: /static/admin/css/changelists.css
2018-03-26 08:55:33,099 - base.py[line:152] - WARNING: Not Found: /static/admin/css/base.css
2018-03-26 08:55:33,103 - base.py[line:152] - WARNING: Not Found: /static/admin/js/core.js
2018-03-26 08:55:33,106 - base.py[line:152] - WARNING: Not Found: /static/admin/js/vendor/jquery/jquery.min.js
2018-03-26 08:55:33,109 - base.py[line:152] - WARNING: Not Found: /static/admin/js/jquery.init.js
2018-03-26 08:55:33,112 - base.py[line:152] - WARNING: Not Found: /static/admin/js/admin/RelatedObjectLookups.js
2018-03-26 08:55:33,114 - base.py[line:152] - WARNING: Not Found: /static/admin/js/actions.min.js
2018-03-26 08:55:33,120 - base.py[line:152] - WARNING: Not Found: /static/admin/js/urlify.js
2018-03-26 08:55:33,125 - base.py[line:152] - WARNING: Not Found: /static/admin/js/prepopulate.min.js
2018-03-26 08:55:33,128 - base.py[line:152] - WARNING: Not Found: /static/admin/js/vendor/xregexp/xregexp.min.js
2018-03-26 08:55:33,139 - base.py[line:152] - WARNING: Not Found: /static/admin/js/core.js
2018-03-26 08:55:33,143 - base.py[line:152] - WARNING: Not Found: /static/admin/js/vendor/jquery/jquery.min.js
2018-03-26 08:55:33,148 - base.py[line:152] - WARNING: Not Found: /static/admin/js/jquery.init.js
2018-03-26 08:55:33,161 - base.py[line:152] - WARNING: Not Found: /static/admin/js/admin/RelatedObjectLookups.js
2018-03-26 08:55:33,170 - base.py[line:152] - WARNING: Not Found: /static/admin/js/actions.min.js
2018-03-26 08:55:33,176 - base.py[line:152] - WARNING: Not Found: /static/admin/js/urlify.js
2018-03-26 08:55:33,181 - base.py[line:152] - WARNING: Not Found: /static/admin/js/prepopulate.min.js
2018-03-26 08:55:33,186 - base.py[line:152] - WARNING: Not Found: /static/admin/js/vendor/xregexp/xregexp.min.js
2018-03-26 08:56:03,411 - base.py[line:152] - WARNING: Not Found: /static/admin/css/base.css
2018-03-26 08:56:03,423 - base.py[line:152] - WARNING: Not Found: /static/admin/css/changelists.css
2018-03-26 08:56:03,426 - base.py[line:152] - WARNING: Not Found: /static/admin/js/jquery.init.js
2018-03-26 08:56:03,430 - base.py[line:152] - WARNING: Not Found: /static/admin/js/core.js
2018-03-26 08:56:03,433 - base.py[line:152] - WARNING: Not Found: /static/admin/js/vendor/jquery/jquery.min.js
2018-03-26 08:56:03,443 - base.py[line:152] - WARNING: Not Found: /static/admin/js/admin/RelatedObjectLookups.js
2018-03-26 08:56:03,447 - base.py[line:152] - WARNING: Not Found: /static/admin/js/actions.min.js
2018-03-26 08:56:03,449 - base.py[line:152] - WARNING: Not Found: /static/admin/js/urlify.js
2018-03-26 08:56:03,455 - base.py[line:152] - WARNING: Not Found: /static/admin/js/prepopulate.min.js
2018-03-26 08:56:03,460 - base.py[line:152] - WARNING: Not Found: /static/admin/js/vendor/xregexp/xregexp.min.js
2018-03-26 08:56:03,479 - base.py[line:152] - WARNING: Not Found: /static/admin/js/core.js
2018-03-26 08:56:03,491 - base.py[line:152] - WARNING: Not Found: /static/admin/js/vendor/jquery/jquery.min.js
2018-03-26 08:56:03,497 - base.py[line:152] - WARNING: Not Found: /static/admin/js/jquery.init.js
2018-03-26 08:56:03,504 - base.py[line:152] - WARNING: Not Found: /static/admin/js/admin/RelatedObjectLookups.js
2018-03-26 08:56:03,513 - base.py[line:152] - WARNING: Not Found: /static/admin/js/actions.min.js
2018-03-26 08:56:03,524 - base.py[line:152] - WARNING: Not Found: /static/admin/js/urlify.js
2018-03-26 08:56:03,528 - base.py[line:152] - WARNING: Not Found: /static/admin/js/prepopulate.min.js
2018-03-26 08:56:03,541 - base.py[line:152] - WARNING: Not Found: /static/admin/js/vendor/xregexp/xregexp.min.js
2018-03-26 08:56:04,285 - base.py[line:152] - WARNING: Not Found: /static/admin/css/base.css
2018-03-26 08:56:04,295 - base.py[line:152] - WARNING: Not Found: /static/admin/css/changelists.css
2018-03-26 08:56:04,297 - base.py[line:152] - WARNING: Not Found: /static/admin/js/core.js
2018-03-26 08:56:04,301 - base.py[line:152] - WARNING: Not Found: /static/admin/js/vendor/jquery/jquery.min.js
2018-03-26 08:56:04,304 - base.py[line:152] - WARNING: Not Found: /static/admin/js/jquery.init.js
2018-03-26 08:56:04,308 - base.py[line:152] - WARNING: Not Found: /static/admin/js/actions.min.js
2018-03-26 08:56:04,310 - base.py[line:152] - WARNING: Not Found: /static/admin/js/admin/RelatedObjectLookups.js
2018-03-26 08:56:04,314 - base.py[line:152] - WARNING: Not Found: /static/admin/js/urlify.js
2018-03-26 08:56:04,316 - base.py[line:152] - WARNING: Not Found: /static/admin/js/prepopulate.min.js
2018-03-26 08:56:04,320 - base.py[line:152] - WARNING: Not Found: /static/admin/js/vendor/xregexp/xregexp.min.js
2018-03-26 08:56:04,334 - base.py[line:152] - WARNING: Not Found: /static/admin/js/core.js
2018-03-26 08:56:04,340 - base.py[line:152] - WARNING: Not Found: /static/admin/js/vendor/jquery/jquery.min.js
2018-03-26 08:56:04,347 - base.py[line:152] - WARNING: Not Found: /static/admin/js/jquery.init.js
2018-03-26 08:56:04,351 - base.py[line:152] - WARNING: Not Found: /static/admin/js/admin/RelatedObjectLookups.js
2018-03-26 08:56:04,357 - base.py[line:152] - WARNING: Not Found: /static/admin/js/actions.min.js
2018-03-26 08:56:04,361 - base.py[line:152] - WARNING: Not Found: /static/admin/js/urlify.js
2018-03-26 08:56:04,365 - base.py[line:152] - WARNING: Not Found: /static/admin/js/prepopulate.min.js
2018-03-26 08:56:04,370 - base.py[line:152] - WARNING: Not Found: /static/admin/js/vendor/xregexp/xregexp.min.js
2018-03-26 09:04:58,382 - base.py[line:152] - WARNING: Not Found: /static/admin/css/base.css
2018-03-26 09:04:58,386 - base.py[line:152] - WARNING: Not Found: /static/admin/js/vendor/jquery/jquery.min.js
2018-03-26 09:04:58,388 - base.py[line:152] - WARNING: Not Found: /static/admin/css/changelists.css
2018-03-26 09:04:58,388 - base.py[line:152] - WARNING: Not Found: /static/admin/js/core.js
2018-03-26 09:04:58,400 - base.py[line:152] - WARNING: Not Found: /static/admin/js/jquery.init.js
2018-03-26 09:04:58,404 - base.py[line:152] - WARNING: Not Found: /static/admin/js/admin/RelatedObjectLookups.js
2018-03-26 09:04:58,408 - base.py[line:152] - WARNING: Not Found: /static/admin/js/actions.min.js
2018-03-26 09:04:58,410 - base.py[line:152] - WARNING: Not Found: /static/admin/js/urlify.js
2018-03-26 09:04:58,413 - base.py[line:152] - WARNING: Not Found: /static/admin/js/prepopulate.min.js
2018-03-26 09:04:58,415 - base.py[line:152] - WARNING: Not Found: /static/admin/js/vendor/xregexp/xregexp.min.js
2018-03-26 09:04:58,420 - base.py[line:152] - WARNING: Not Found: /static/admin/js/core.js
2018-03-26 09:04:58,424 - base.py[line:152] - WARNING: Not Found: /static/admin/js/vendor/jquery/jquery.min.js
2018-03-26 09:04:58,432 - base.py[line:152] - WARNING: Not Found: /static/admin/js/jquery.init.js
2018-03-26 09:04:58,436 - base.py[line:152] - WARNING: Not Found: /static/admin/js/admin/RelatedObjectLookups.js
2018-03-26 09:04:58,440 - base.py[line:152] - WARNING: Not Found: /static/admin/js/actions.min.js
2018-03-26 09:04:58,445 - base.py[line:152] - WARNING: Not Found: /static/admin/js/urlify.js
2018-03-26 09:04:58,449 - base.py[line:152] - WARNING: Not Found: /static/admin/js/prepopulate.min.js
2018-03-26 09:04:58,457 - base.py[line:152] - WARNING: Not Found: /static/admin/js/vendor/xregexp/xregexp.min.js
2018-03-26 09:04:59,527 - base.py[line:152] - WARNING: Not Found: /static/admin/css/base.css
2018-03-26 09:04:59,529 - base.py[line:152] - WARNING: Not Found: /static/admin/css/changelists.css
2018-03-26 09:04:59,535 - base.py[line:152] - WARNING: Not Found: /static/admin/js/core.js
2018-03-26 09:04:59,539 - base.py[line:152] - WARNING: Not Found: /static/admin/js/vendor/jquery/jquery.min.js
2018-03-26 09:04:59,543 - base.py[line:152] - WARNING: Not Found: /static/admin/js/jquery.init.js
2018-03-26 09:04:59,549 - base.py[line:152] - WARNING: Not Found: /static/admin/js/admin/RelatedObjectLookups.js
2018-03-26 09:04:59,550 - base.py[line:152] - WARNING: Not Found: /static/admin/js/actions.min.js
2018-03-26 09:04:59,555 - base.py[line:152] - WARNING: Not Found: /static/admin/js/urlify.js
2018-03-26 09:04:59,557 - base.py[line:152] - WARNING: Not Found: /static/admin/js/prepopulate.min.js
2018-03-26 09:04:59,561 - base.py[line:152] - WARNING: Not Found: /static/admin/js/vendor/xregexp/xregexp.min.js
2018-03-26 09:04:59,570 - base.py[line:152] - WARNING: Not Found: /static/admin/js/core.js
2018-03-26 09:04:59,574 - base.py[line:152] - WARNING: Not Found: /static/admin/js/vendor/jquery/jquery.min.js
2018-03-26 09:04:59,579 - base.py[line:152] - WARNING: Not Found: /static/admin/js/jquery.init.js
2018-03-26 09:04:59,584 - base.py[line:152] - WARNING: Not Found: /static/admin/js/admin/RelatedObjectLookups.js
2018-03-26 09:04:59,587 - base.py[line:152] - WARNING: Not Found: /static/admin/js/actions.min.js
2018-03-26 09:04:59,592 - base.py[line:152] - WARNING: Not Found: /static/admin/js/urlify.js
2018-03-26 09:04:59,597 - base.py[line:152] - WARNING: Not Found: /static/admin/js/prepopulate.min.js
2018-03-26 09:04:59,602 - base.py[line:152] - WARNING: Not Found: /static/admin/js/vendor/xregexp/xregexp.min.js
2018-03-26 09:05:00,329 - base.py[line:152] - WARNING: Not Found: /static/admin/css/base.css
2018-03-26 09:05:00,332 - base.py[line:152] - WARNING: Not Found: /static/admin/css/changelists.css
2018-03-26 09:05:00,340 - base.py[line:152] - WARNING: Not Found: /static/admin/js/core.js
2018-03-26 09:05:00,344 - base.py[line:152] - WARNING: Not Found: /static/admin/js/vendor/jquery/jquery.min.js
2018-03-26 09:05:00,349 - base.py[line:152] - WARNING: Not Found: /static/admin/js/jquery.init.js
2018-03-26 09:05:00,350 - base.py[line:152] - WARNING: Not Found: /static/admin/js/admin/RelatedObjectLookups.js
2018-03-26 09:05:00,354 - base.py[line:152] - WARNING: Not Found: /static/admin/js/actions.min.js
2018-03-26 09:05:00,357 - base.py[line:152] - WARNING: Not Found: /static/admin/js/urlify.js
2018-03-26 09:05:00,359 - base.py[line:152] - WARNING: Not Found: /static/admin/js/prepopulate.min.js
2018-03-26 09:05:00,363 - base.py[line:152] - WARNING: Not Found: /static/admin/js/vendor/xregexp/xregexp.min.js
2018-03-26 09:05:00,375 - base.py[line:152] - WARNING: Not Found: /static/admin/js/core.js
2018-03-26 09:05:00,379 - base.py[line:152] - WARNING: Not Found: /static/admin/js/vendor/jquery/jquery.min.js
2018-03-26 09:05:00,388 - base.py[line:152] - WARNING: Not Found: /static/admin/js/jquery.init.js
2018-03-26 09:05:00,392 - base.py[line:152] - WARNING: Not Found: /static/admin/js/admin/RelatedObjectLookups.js
2018-03-26 09:05:00,396 - base.py[line:152] - WARNING: Not Found: /static/admin/js/actions.min.js
2018-03-26 09:05:00,402 - base.py[line:152] - WARNING: Not Found: /static/admin/js/urlify.js
2018-03-26 09:05:00,406 - base.py[line:152] - WARNING: Not Found: /static/admin/js/prepopulate.min.js
2018-03-26 09:05:00,410 - base.py[line:152] - WARNING: Not Found: /static/admin/js/vendor/xregexp/xregexp.min.js
2018-03-26 09:06:40,143 - base.py[line:152] - WARNING: Not Found: /static/admin/css/base.css
2018-03-26 09:06:40,151 - base.py[line:152] - WARNING: Not Found: /static/admin/css/changelists.css
2018-03-26 09:06:40,155 - base.py[line:152] - WARNING: Not Found: /static/admin/js/jquery.init.js
2018-03-26 09:06:40,158 - base.py[line:152] - WARNING: Not Found: /static/admin/js/vendor/jquery/jquery.min.js
2018-03-26 09:06:40,163 - base.py[line:152] - WARNING: Not Found: /static/admin/js/core.js
2018-03-26 09:06:40,165 - base.py[line:152] - WARNING: Not Found: /static/admin/js/admin/RelatedObjectLookups.js
2018-03-26 09:06:40,167 - base.py[line:152] - WARNING: Not Found: /static/admin/js/actions.min.js
2018-03-26 09:06:40,171 - base.py[line:152] - WARNING: Not Found: /static/admin/js/urlify.js
2018-03-26 09:06:40,172 - base.py[line:152] - WARNING: Not Found: /static/admin/js/prepopulate.min.js
2018-03-26 09:06:40,177 - base.py[line:152] - WARNING: Not Found: /static/admin/js/vendor/xregexp/xregexp.min.js
2018-03-26 09:06:40,194 - base.py[line:152] - WARNING: Not Found: /static/admin/js/core.js
2018-03-26 09:06:40,198 - base.py[line:152] - WARNING: Not Found: /static/admin/js/vendor/jquery/jquery.min.js
2018-03-26 09:06:40,202 - base.py[line:152] - WARNING: Not Found: /static/admin/js/jquery.init.js
2018-03-26 09:06:40,207 - base.py[line:152] - WARNING: Not Found: /static/admin/js/admin/RelatedObjectLookups.js
2018-03-26 09:06:40,211 - base.py[line:152] - WARNING: Not Found: /static/admin/js/actions.min.js
2018-03-26 09:06:40,223 - base.py[line:152] - WARNING: Not Found: /static/admin/js/urlify.js
2018-03-26 09:06:40,227 - base.py[line:152] - WARNING: Not Found: /static/admin/js/prepopulate.min.js
2018-03-26 09:06:40,231 - base.py[line:152] - WARNING: Not Found: /static/admin/js/vendor/xregexp/xregexp.min.js
2018-03-26 09:06:41,233 - base.py[line:152] - WARNING: Not Found: /static/admin/css/base.css
2018-03-26 09:06:41,235 - base.py[line:152] - WARNING: Not Found: /static/admin/css/changelists.css
2018-03-26 09:06:41,242 - base.py[line:152] - WARNING: Not Found: /static/admin/js/core.js
2018-03-26 09:06:41,246 - base.py[line:152] - WARNING: Not Found: /static/admin/js/vendor/jquery/jquery.min.js
2018-03-26 09:06:41,249 - base.py[line:152] - WARNING: Not Found: /static/admin/js/jquery.init.js
2018-03-26 09:06:41,252 - base.py[line:152] - WARNING: Not Found: /static/admin/js/admin/RelatedObjectLookups.js
2018-03-26 09:06:41,253 - base.py[line:152] - WARNING: Not Found: /static/admin/js/actions.min.js
2018-03-26 09:06:41,256 - base.py[line:152] - WARNING: Not Found: /static/admin/js/urlify.js
2018-03-26 09:06:41,260 - base.py[line:152] - WARNING: Not Found: /static/admin/js/prepopulate.min.js
2018-03-26 09:06:41,264 - base.py[line:152] - WARNING: Not Found: /static/admin/js/vendor/xregexp/xregexp.min.js
2018-03-26 09:06:41,290 - base.py[line:152] - WARNING: Not Found: /static/admin/js/core.js
2018-03-26 09:06:41,294 - base.py[line:152] - WARNING: Not Found: /static/admin/js/vendor/jquery/jquery.min.js
2018-03-26 09:06:41,298 - base.py[line:152] - WARNING: Not Found: /static/admin/js/jquery.init.js
2018-03-26 09:06:41,303 - base.py[line:152] - WARNING: Not Found: /static/admin/js/admin/RelatedObjectLookups.js
2018-03-26 09:06:41,308 - base.py[line:152] - WARNING: Not Found: /static/admin/js/actions.min.js
2018-03-26 09:06:41,313 - base.py[line:152] - WARNING: Not Found: /static/admin/js/urlify.js
2018-03-26 09:06:41,318 - base.py[line:152] - WARNING: Not Found: /static/admin/js/prepopulate.min.js
2018-03-26 09:06:41,322 - base.py[line:152] - WARNING: Not Found: /static/admin/js/vendor/xregexp/xregexp.min.js
2018-03-26 09:06:42,733 - base.py[line:152] - WARNING: Not Found: /static/admin/css/base.css
2018-03-26 09:06:42,735 - base.py[line:152] - WARNING: Not Found: /static/admin/css/changelists.css
2018-03-26 09:06:42,741 - base.py[line:152] - WARNING: Not Found: /static/admin/js/core.js
2018-03-26 09:06:42,744 - base.py[line:152] - WARNING: Not Found: /static/admin/js/vendor/jquery/jquery.min.js
2018-03-26 09:06:42,747 - base.py[line:152] - WARNING: Not Found: /static/admin/js/jquery.init.js
2018-03-26 09:06:42,752 - base.py[line:152] - WARNING: Not Found: /static/admin/js/admin/RelatedObjectLookups.js
2018-03-26 09:06:42,755 - base.py[line:152] - WARNING: Not Found: /static/admin/js/actions.min.js
2018-03-26 09:06:42,758 - base.py[line:152] - WARNING: Not Found: /static/admin/js/urlify.js
2018-03-26 09:06:42,761 - base.py[line:152] - WARNING: Not Found: /static/admin/js/prepopulate.min.js
2018-03-26 09:06:42,764 - base.py[line:152] - WARNING: Not Found: /static/admin/js/vendor/xregexp/xregexp.min.js
2018-03-26 09:06:42,777 - base.py[line:152] - WARNING: Not Found: /static/admin/js/core.js
2018-03-26 09:06:42,781 - base.py[line:152] - WARNING: Not Found: /static/admin/js/vendor/jquery/jquery.min.js
2018-03-26 09:06:42,786 - base.py[line:152] - WARNING: Not Found: /static/admin/js/jquery.init.js
2018-03-26 09:06:42,794 - base.py[line:152] - WARNING: Not Found: /static/admin/js/admin/RelatedObjectLookups.js
2018-03-26 09:06:42,800 - base.py[line:152] - WARNING: Not Found: /static/admin/js/actions.min.js
2018-03-26 09:06:42,805 - base.py[line:152] - WARNING: Not Found: /static/admin/js/urlify.js
2018-03-26 09:06:42,809 - base.py[line:152] - WARNING: Not Found: /static/admin/js/prepopulate.min.js
2018-03-26 09:06:42,813 - base.py[line:152] - WARNING: Not Found: /static/admin/js/vendor/xregexp/xregexp.min.js
2018-03-26 09:06:43,805 - base.py[line:152] - WARNING: Not Found: /static/admin/css/base.css
2018-03-26 09:06:43,807 - base.py[line:152] - WARNING: Not Found: /static/admin/css/changelists.css
2018-03-26 09:06:43,813 - base.py[line:152] - WARNING: Not Found: /static/admin/js/core.js
2018-03-26 09:06:43,817 - base.py[line:152] - WARNING: Not Found: /static/admin/js/vendor/jquery/jquery.min.js
2018-03-26 09:06:43,818 - base.py[line:152] - WARNING: Not Found: /static/admin/js/jquery.init.js
2018-03-26 09:06:43,821 - base.py[line:152] - WARNING: Not Found: /static/admin/js/admin/RelatedObjectLookups.js
2018-03-26 09:06:43,828 - base.py[line:152] - WARNING: Not Found: /static/admin/js/actions.min.js
2018-03-26 09:06:43,831 - base.py[line:152] - WARNING: Not Found: /static/admin/js/urlify.js
2018-03-26 09:06:43,833 - base.py[line:152] - WARNING: Not Found: /static/admin/js/prepopulate.min.js
2018-03-26 09:06:43,839 - base.py[line:152] - WARNING: Not Found: /static/admin/js/vendor/xregexp/xregexp.min.js
2018-03-26 09:06:43,844 - base.py[line:152] - WARNING: Not Found: /static/admin/js/core.js
2018-03-26 09:06:43,848 - base.py[line:152] - WARNING: Not Found: /static/admin/js/vendor/jquery/jquery.min.js
2018-03-26 09:06:43,852 - base.py[line:152] - WARNING: Not Found: /static/admin/js/jquery.init.js
2018-03-26 09:06:43,856 - base.py[line:152] - WARNING: Not Found: /static/admin/js/admin/RelatedObjectLookups.js
2018-03-26 09:06:43,860 - base.py[line:152] - WARNING: Not Found: /static/admin/js/actions.min.js
2018-03-26 09:06:43,865 - base.py[line:152] - WARNING: Not Found: /static/admin/js/urlify.js
2018-03-26 09:06:43,870 - base.py[line:152] - WARNING: Not Found: /static/admin/js/prepopulate.min.js
2018-03-26 09:06:43,874 - base.py[line:152] - WARNING: Not Found: /static/admin/js/vendor/xregexp/xregexp.min.js
2018-03-26 09:06:44,350 - base.py[line:152] - WARNING: Not Found: /static/admin/css/changelists.css
2018-03-26 09:06:44,353 - base.py[line:152] - WARNING: Not Found: /static/admin/css/base.css
2018-03-26 09:06:44,360 - base.py[line:152] - WARNING: Not Found: /static/admin/js/core.js
2018-03-26 09:06:44,362 - base.py[line:152] - WARNING: Not Found: /static/admin/js/vendor/jquery/jquery.min.js
2018-03-26 09:06:44,367 - base.py[line:152] - WARNING: Not Found: /static/admin/js/jquery.init.js
2018-03-26 09:06:44,369 - base.py[line:152] - WARNING: Not Found: /static/admin/js/admin/RelatedObjectLookups.js
2018-03-26 09:06:44,374 - base.py[line:152] - WARNING: Not Found: /static/admin/js/actions.min.js
2018-03-26 09:06:44,376 - base.py[line:152] - WARNING: Not Found: /static/admin/js/urlify.js
2018-03-26 09:06:44,383 - base.py[line:152] - WARNING: Not Found: /static/admin/js/prepopulate.min.js
2018-03-26 09:06:44,386 - base.py[line:152] - WARNING: Not Found: /static/admin/js/vendor/xregexp/xregexp.min.js
2018-03-26 09:06:44,389 - base.py[line:152] - WARNING: Not Found: /static/admin/js/core.js
2018-03-26 09:06:44,394 - base.py[line:152] - WARNING: Not Found: /static/admin/js/vendor/jquery/jquery.min.js
2018-03-26 09:06:44,398 - base.py[line:152] - WARNING: Not Found: /static/admin/js/jquery.init.js
2018-03-26 09:06:44,401 - base.py[line:152] - WARNING: Not Found: /static/admin/js/admin/RelatedObjectLookups.js
2018-03-26 09:06:44,405 - base.py[line:152] - WARNING: Not Found: /static/admin/js/actions.min.js
2018-03-26 09:06:44,410 - base.py[line:152] - WARNING: Not Found: /static/admin/js/urlify.js
2018-03-26 09:06:44,414 - base.py[line:152] - WARNING: Not Found: /static/admin/js/prepopulate.min.js
2018-03-26 09:06:44,418 - base.py[line:152] - WARNING: Not Found: /static/admin/js/vendor/xregexp/xregexp.min.js
2018-03-26 09:06:44,933 - base.py[line:152] - WARNING: Not Found: /static/admin/css/base.css
2018-03-26 09:06:44,935 - base.py[line:152] - WARNING: Not Found: /static/admin/css/changelists.css
2018-03-26 09:06:44,942 - base.py[line:152] - WARNING: Not Found: /static/admin/js/core.js
2018-03-26 09:06:44,945 - base.py[line:152] - WARNING: Not Found: /static/admin/js/vendor/jquery/jquery.min.js
2018-03-26 09:06:44,947 - base.py[line:152] - WARNING: Not Found: /static/admin/js/jquery.init.js
2018-03-26 09:06:44,948 - base.py[line:152] - WARNING: Not Found: /static/admin/js/admin/RelatedObjectLookups.js
2018-03-26 09:06:44,952 - base.py[line:152] - WARNING: Not Found: /static/admin/js/actions.min.js
2018-03-26 09:06:44,957 - base.py[line:152] - WARNING: Not Found: /static/admin/js/urlify.js
2018-03-26 09:06:44,961 - base.py[line:152] - WARNING: Not Found: /static/admin/js/prepopulate.min.js
2018-03-26 09:06:44,966 - base.py[line:152] - WARNING: Not Found: /static/admin/js/vendor/xregexp/xregexp.min.js
2018-03-26 09:06:44,975 - base.py[line:152] - WARNING: Not Found: /static/admin/js/core.js
2018-03-26 09:06:44,979 - base.py[line:152] - WARNING: Not Found: /static/admin/js/vendor/jquery/jquery.min.js
2018-03-26 09:06:44,983 - base.py[line:152] - WARNING: Not Found: /static/admin/js/jquery.init.js
2018-03-26 09:06:44,991 - base.py[line:152] - WARNING: Not Found: /static/admin/js/admin/RelatedObjectLookups.js
2018-03-26 09:06:44,995 - base.py[line:152] - WARNING: Not Found: /static/admin/js/actions.min.js
2018-03-26 09:06:45,000 - base.py[line:152] - WARNING: Not Found: /static/admin/js/urlify.js
2018-03-26 09:06:45,005 - base.py[line:152] - WARNING: Not Found: /static/admin/js/prepopulate.min.js
2018-03-26 09:06:45,009 - base.py[line:152] - WARNING: Not Found: /static/admin/js/vendor/xregexp/xregexp.min.js
2018-03-26 09:06:47,823 - base.py[line:152] - WARNING: Not Found: /static/admin/css/base.css
2018-03-26 09:06:47,826 - base.py[line:152] - WARNING: Not Found: /static/admin/css/changelists.css
2018-03-26 09:06:47,832 - base.py[line:152] - WARNING: Not Found: /static/admin/js/core.js
2018-03-26 09:06:47,834 - base.py[line:152] - WARNING: Not Found: /static/admin/js/vendor/jquery/jquery.min.js
2018-03-26 09:06:47,836 - base.py[line:152] - WARNING: Not Found: /static/admin/js/jquery.init.js
2018-03-26 09:06:47,840 - base.py[line:152] - WARNING: Not Found: /static/admin/js/admin/RelatedObjectLookups.js
2018-03-26 09:06:47,842 - base.py[line:152] - WARNING: Not Found: /static/admin/js/actions.min.js
2018-03-26 09:06:47,851 - base.py[line:152] - WARNING: Not Found: /static/admin/js/urlify.js
2018-03-26 09:06:47,854 - base.py[line:152] - WARNING: Not Found: /static/admin/js/vendor/xregexp/xregexp.min.js
2018-03-26 09:06:47,856 - base.py[line:152] - WARNING: Not Found: /static/admin/js/prepopulate.min.js
2018-03-26 09:06:47,867 - base.py[line:152] - WARNING: Not Found: /static/admin/js/core.js
2018-03-26 09:06:47,870 - base.py[line:152] - WARNING: Not Found: /static/admin/js/vendor/jquery/jquery.min.js
2018-03-26 09:06:47,875 - base.py[line:152] - WARNING: Not Found: /static/admin/js/jquery.init.js
2018-03-26 09:06:47,879 - base.py[line:152] - WARNING: Not Found: /static/admin/js/admin/RelatedObjectLookups.js
2018-03-26 09:06:47,883 - base.py[line:152] - WARNING: Not Found: /static/admin/js/actions.min.js
2018-03-26 09:06:47,887 - base.py[line:152] - WARNING: Not Found: /static/admin/js/urlify.js
2018-03-26 09:06:47,892 - base.py[line:152] - WARNING: Not Found: /static/admin/js/prepopulate.min.js
2018-03-26 09:06:47,896 - base.py[line:152] - WARNING: Not Found: /static/admin/js/vendor/xregexp/xregexp.min.js
2018-03-26 09:07:25,366 - base.py[line:152] - WARNING: Not Found: /static/admin/css/base.css
2018-03-26 09:07:25,369 - base.py[line:152] - WARNING: Not Found: /static/admin/js/vendor/jquery/jquery.min.js
2018-03-26 09:07:25,371 - base.py[line:152] - WARNING: Not Found: /static/admin/js/core.js
2018-03-26 09:07:25,373 - base.py[line:152] - WARNING: Not Found: /static/admin/js/jquery.init.js
2018-03-26 09:07:25,376 - base.py[line:152] - WARNING: Not Found: /static/admin/js/admin/RelatedObjectLookups.js
2018-03-26 09:07:25,381 - base.py[line:152] - WARNING: Not Found: /static/admin/js/actions.min.js
2018-03-26 09:07:25,383 - base.py[line:152] - WARNING: Not Found: /static/admin/js/urlify.js
2018-03-26 09:07:25,385 - base.py[line:152] - WARNING: Not Found: /static/admin/js/prepopulate.min.js
2018-03-26 09:07:25,387 - base.py[line:152] - WARNING: Not Found: /static/admin/js/vendor/xregexp/xregexp.min.js
2018-03-26 09:07:25,391 - base.py[line:152] - WARNING: Not Found: /static/admin/js/vendor/jquery/jquery.min.js
2018-03-26 09:07:25,396 - base.py[line:152] - WARNING: Not Found: /static/admin/js/jquery.init.js
2018-03-26 09:07:25,400 - base.py[line:152] - WARNING: Not Found: /static/admin/js/admin/RelatedObjectLookups.js
2018-03-26 09:07:25,404 - base.py[line:152] - WARNING: Not Found: /static/admin/js/actions.min.js
2018-03-26 09:07:25,407 - base.py[line:152] - WARNING: Not Found: /static/admin/js/urlify.js
2018-03-26 09:07:25,411 - base.py[line:152] - WARNING: Not Found: /static/admin/js/prepopulate.min.js
2018-03-26 09:07:25,417 - base.py[line:152] - WARNING: Not Found: /static/admin/js/vendor/xregexp/xregexp.min.js
2018-03-26 09:07:26,986 - base.py[line:152] - WARNING: Not Found: /static/admin/css/base.css
2018-03-26 09:07:26,992 - base.py[line:152] - WARNING: Not Found: /static/admin/css/changelists.css
2018-03-26 09:07:26,994 - base.py[line:152] - WARNING: Not Found: /static/admin/js/vendor/jquery/jquery.min.js
2018-03-26 09:07:26,996 - base.py[line:152] - WARNING: Not Found: /static/admin/js/core.js
2018-03-26 09:07:27,001 - base.py[line:152] - WARNING: Not Found: /static/admin/js/jquery.init.js
2018-03-26 09:07:27,004 - base.py[line:152] - WARNING: Not Found: /static/admin/js/admin/RelatedObjectLookups.js
2018-03-26 09:07:27,007 - base.py[line:152] - WARNING: Not Found: /static/admin/js/actions.min.js
2018-03-26 09:07:27,010 - base.py[line:152] - WARNING: Not Found: /static/admin/js/urlify.js
2018-03-26 09:07:27,013 - base.py[line:152] - WARNING: Not Found: /static/admin/js/prepopulate.min.js
2018-03-26 09:07:27,020 - base.py[line:152] - WARNING: Not Found: /static/admin/js/vendor/xregexp/xregexp.min.js
2018-03-26 09:07:27,029 - base.py[line:152] - WARNING: Not Found: /static/admin/js/core.js
2018-03-26 09:07:27,038 - base.py[line:152] - WARNING: Not Found: /static/admin/js/vendor/jquery/jquery.min.js
2018-03-26 09:07:27,042 - base.py[line:152] - WARNING: Not Found: /static/admin/js/jquery.init.js
2018-03-26 09:07:27,046 - base.py[line:152] - WARNING: Not Found: /static/admin/js/admin/RelatedObjectLookups.js
2018-03-26 09:07:27,051 - base.py[line:152] - WARNING: Not Found: /static/admin/js/actions.min.js
2018-03-26 09:07:27,056 - base.py[line:152] - WARNING: Not Found: /static/admin/js/urlify.js
2018-03-26 09:07:27,060 - base.py[line:152] - WARNING: Not Found: /static/admin/js/prepopulate.min.js
2018-03-26 09:07:27,067 - base.py[line:152] - WARNING: Not Found: /static/admin/js/vendor/xregexp/xregexp.min.js
2018-03-26 09:07:28,080 - base.py[line:152] - WARNING: Not Found: /static/admin/css/base.css
2018-03-26 09:07:28,089 - base.py[line:152] - WARNING: Not Found: /static/admin/js/core.js
2018-03-26 09:07:28,092 - base.py[line:152] - WARNING: Not Found: /static/admin/js/vendor/jquery/jquery.min.js
2018-03-26 09:07:28,094 - base.py[line:152] - WARNING: Not Found: /static/admin/js/admin/RelatedObjectLookups.js
2018-03-26 09:07:28,096 - base.py[line:152] - WARNING: Not Found: /static/admin/js/jquery.init.js
2018-03-26 09:07:28,099 - base.py[line:152] - WARNING: Not Found: /static/admin/js/actions.min.js
2018-03-26 09:07:28,103 - base.py[line:152] - WARNING: Not Found: /static/admin/js/urlify.js
2018-03-26 09:07:28,105 - base.py[line:152] - WARNING: Not Found: /static/admin/js/prepopulate.min.js
2018-03-26 09:07:28,109 - base.py[line:152] - WARNING: Not Found: /static/admin/js/vendor/xregexp/xregexp.min.js
2018-03-26 09:07:28,130 - base.py[line:152] - WARNING: Not Found: /static/admin/js/core.js
2018-03-26 09:07:28,136 - base.py[line:152] - WARNING: Not Found: /static/admin/js/vendor/jquery/jquery.min.js
2018-03-26 09:07:28,141 - base.py[line:152] - WARNING: Not Found: /static/admin/js/jquery.init.js
2018-03-26 09:07:28,145 - base.py[line:152] - WARNING: Not Found: /static/admin/js/admin/RelatedObjectLookups.js
2018-03-26 09:07:28,149 - base.py[line:152] - WARNING: Not Found: /static/admin/js/actions.min.js
2018-03-26 09:07:28,154 - base.py[line:152] - WARNING: Not Found: /static/admin/js/urlify.js
2018-03-26 09:07:28,158 - base.py[line:152] - WARNING: Not Found: /static/admin/js/prepopulate.min.js
2018-03-26 09:07:28,162 - base.py[line:152] - WARNING: Not Found: /static/admin/js/vendor/xregexp/xregexp.min.js
2018-03-26 09:07:29,833 - base.py[line:152] - WARNING: Not Found: /static/admin/css/base.css
2018-03-26 09:07:31,074 - base.py[line:152] - WARNING: Not Found: /static/admin/css/base.css
2018-03-26 09:07:31,076 - base.py[line:152] - WARNING: Not Found: /static/admin/css/changelists.css
2018-03-26 09:07:31,081 - base.py[line:152] - WARNING: Not Found: /static/admin/js/core.js
2018-03-26 09:07:31,084 - base.py[line:152] - WARNING: Not Found: /static/admin/js/vendor/jquery/jquery.min.js
2018-03-26 09:07:31,086 - base.py[line:152] - WARNING: Not Found: /static/admin/js/jquery.init.js
2018-03-26 09:07:31,092 - base.py[line:152] - WARNING: Not Found: /static/admin/js/actions.min.js
2018-03-26 09:07:31,094 - base.py[line:152] - WARNING: Not Found: /static/admin/js/admin/RelatedObjectLookups.js
2018-03-26 09:07:31,098 - base.py[line:152] - WARNING: Not Found: /static/admin/js/urlify.js
2018-03-26 09:07:31,100 - base.py[line:152] - WARNING: Not Found: /static/admin/js/prepopulate.min.js
2018-03-26 09:07:31,103 - base.py[line:152] - WARNING: Not Found: /static/admin/js/vendor/xregexp/xregexp.min.js
2018-03-26 09:07:31,119 - base.py[line:152] - WARNING: Not Found: /static/admin/js/core.js
2018-03-26 09:07:31,123 - base.py[line:152] - WARNING: Not Found: /static/admin/js/vendor/jquery/jquery.min.js
2018-03-26 09:07:31,127 - base.py[line:152] - WARNING: Not Found: /static/admin/js/jquery.init.js
2018-03-26 09:07:31,133 - base.py[line:152] - WARNING: Not Found: /static/admin/js/admin/RelatedObjectLookups.js
2018-03-26 09:07:31,137 - base.py[line:152] - WARNING: Not Found: /static/admin/js/actions.min.js
2018-03-26 09:07:31,142 - base.py[line:152] - WARNING: Not Found: /static/admin/js/urlify.js
2018-03-26 09:07:31,148 - base.py[line:152] - WARNING: Not Found: /static/admin/js/prepopulate.min.js
2018-03-26 09:07:31,153 - base.py[line:152] - WARNING: Not Found: /static/admin/js/vendor/xregexp/xregexp.min.js
2018-03-26 09:07:53,396 - base.py[line:152] - WARNING: Not Found: /static/admin/css/base.css
2018-03-26 09:07:53,403 - base.py[line:152] - WARNING: Not Found: /static/admin/css/changelists.css
2018-03-26 09:07:53,404 - base.py[line:152] - WARNING: Not Found: /static/admin/js/jquery.init.js
2018-03-26 09:07:53,408 - base.py[line:152] - WARNING: Not Found: /static/admin/js/vendor/jquery/jquery.min.js
2018-03-26 09:07:53,413 - base.py[line:152] - WARNING: Not Found: /static/admin/js/core.js
2018-03-26 09:07:53,415 - base.py[line:152] - WARNING: Not Found: /static/admin/js/admin/RelatedObjectLookups.js
2018-03-26 09:07:53,419 - base.py[line:152] - WARNING: Not Found: /static/admin/js/urlify.js
2018-03-26 09:07:53,420 - base.py[line:152] - WARNING: Not Found: /static/admin/js/actions.min.js
2018-03-26 09:07:53,427 - base.py[line:152] - WARNING: Not Found: /static/admin/js/prepopulate.min.js
2018-03-26 09:07:53,432 - base.py[line:152] - WARNING: Not Found: /static/admin/js/vendor/xregexp/xregexp.min.js
2018-03-26 09:07:53,443 - base.py[line:152] - WARNING: Not Found: /static/admin/js/core.js
2018-03-26 09:07:53,450 - base.py[line:152] - WARNING: Not Found: /static/admin/js/vendor/jquery/jquery.min.js
2018-03-26 09:07:53,456 - base.py[line:152] - WARNING: Not Found: /static/admin/js/jquery.init.js
2018-03-26 09:07:53,461 - base.py[line:152] - WARNING: Not Found: /static/admin/js/admin/RelatedObjectLookups.js
2018-03-26 09:07:53,469 - base.py[line:152] - WARNING: Not Found: /static/admin/js/actions.min.js
2018-03-26 09:07:53,474 - base.py[line:152] - WARNING: Not Found: /static/admin/js/urlify.js
2018-03-26 09:07:53,480 - base.py[line:152] - WARNING: Not Found: /static/admin/js/prepopulate.min.js
2018-03-26 09:07:53,488 - base.py[line:152] - WARNING: Not Found: /static/admin/js/vendor/xregexp/xregexp.min.js
2018-03-26 09:08:08,657 - base.py[line:152] - WARNING: Not Found: /static/admin/css/base.css
2018-03-26 09:08:08,659 - base.py[line:152] - WARNING: Not Found: /static/admin/css/changelists.css
2018-03-26 09:08:08,666 - base.py[line:152] - WARNING: Not Found: /static/admin/js/core.js
2018-03-26 09:08:08,669 - base.py[line:152] - WARNING: Not Found: /static/admin/js/vendor/jquery/jquery.min.js
2018-03-26 09:08:08,672 - base.py[line:152] - WARNING: Not Found: /static/admin/js/jquery.init.js
2018-03-26 09:08:08,675 - base.py[line:152] - WARNING: Not Found: /static/admin/js/admin/RelatedObjectLookups.js
2018-03-26 09:08:08,678 - base.py[line:152] - WARNING: Not Found: /static/admin/js/actions.min.js
2018-03-26 09:08:08,681 - base.py[line:152] - WARNING: Not Found: /static/admin/js/urlify.js
2018-03-26 09:08:08,686 - base.py[line:152] - WARNING: Not Found: /static/admin/js/prepopulate.min.js
2018-03-26 09:08:08,690 - base.py[line:152] - WARNING: Not Found: /static/admin/js/vendor/xregexp/xregexp.min.js
2018-03-26 09:08:08,707 - base.py[line:152] - WARNING: Not Found: /static/admin/js/core.js
2018-03-26 09:08:08,711 - base.py[line:152] - WARNING: Not Found: /static/admin/js/vendor/jquery/jquery.min.js
2018-03-26 09:08:08,715 - base.py[line:152] - WARNING: Not Found: /static/admin/js/jquery.init.js
2018-03-26 09:08:08,719 - base.py[line:152] - WARNING: Not Found: /static/admin/js/admin/RelatedObjectLookups.js
2018-03-26 09:08:08,724 - base.py[line:152] - WARNING: Not Found: /static/admin/js/actions.min.js
2018-03-26 09:08:08,729 - base.py[line:152] - WARNING: Not Found: /static/admin/js/urlify.js
2018-03-26 09:08:08,733 - base.py[line:152] - WARNING: Not Found: /static/admin/js/prepopulate.min.js
2018-03-26 09:08:08,737 - base.py[line:152] - WARNING: Not Found: /static/admin/js/vendor/xregexp/xregexp.min.js
2018-03-26 09:09:11,990 - base.py[line:152] - WARNING: Not Found: /static/admin/css/base.css
2018-03-26 09:09:11,995 - base.py[line:152] - WARNING: Not Found: /static/admin/css/changelists.css
2018-03-26 09:09:11,997 - base.py[line:152] - WARNING: Not Found: /static/admin/js/core.js
2018-03-26 09:09:12,000 - base.py[line:152] - WARNING: Not Found: /static/admin/js/vendor/jquery/jquery.min.js
2018-03-26 09:09:12,005 - base.py[line:152] - WARNING: Not Found: /static/admin/js/jquery.init.js
2018-03-26 09:09:12,008 - base.py[line:152] - WARNING: Not Found: /static/admin/js/admin/RelatedObjectLookups.js
2018-03-26 09:09:12,010 - base.py[line:152] - WARNING: Not Found: /static/admin/js/actions.min.js
2018-03-26 09:09:12,013 - base.py[line:152] - WARNING: Not Found: /static/admin/js/prepopulate.min.js
2018-03-26 09:09:12,016 - base.py[line:152] - WARNING: Not Found: /static/admin/js/urlify.js
2018-03-26 09:09:12,019 - base.py[line:152] - WARNING: Not Found: /static/admin/js/vendor/xregexp/xregexp.min.js
2018-03-26 09:09:12,030 - base.py[line:152] - WARNING: Not Found: /static/admin/js/core.js
2018-03-26 09:09:12,034 - base.py[line:152] - WARNING: Not Found: /static/admin/js/vendor/jquery/jquery.min.js
2018-03-26 09:09:12,038 - base.py[line:152] - WARNING: Not Found: /static/admin/js/jquery.init.js
2018-03-26 09:09:12,043 - base.py[line:152] - WARNING: Not Found: /static/admin/js/admin/RelatedObjectLookups.js
2018-03-26 09:09:12,046 - base.py[line:152] - WARNING: Not Found: /static/admin/js/actions.min.js
2018-03-26 09:09:12,052 - base.py[line:152] - WARNING: Not Found: /static/admin/js/urlify.js
2018-03-26 09:09:12,059 - base.py[line:152] - WARNING: Not Found: /static/admin/js/prepopulate.min.js
2018-03-26 09:09:12,064 - base.py[line:152] - WARNING: Not Found: /static/admin/js/vendor/xregexp/xregexp.min.js
2018-03-26 09:09:14,871 - base.py[line:152] - WARNING: Not Found: /static/admin/css/base.css
2018-03-26 09:09:14,876 - base.py[line:152] - WARNING: Not Found: /static/admin/css/changelists.css
2018-03-26 09:09:14,879 - base.py[line:152] - WARNING: Not Found: /static/admin/js/core.js
2018-03-26 09:09:14,882 - base.py[line:152] - WARNING: Not Found: /static/admin/js/vendor/jquery/jquery.min.js
2018-03-26 09:09:14,885 - base.py[line:152] - WARNING: Not Found: /static/admin/js/jquery.init.js
2018-03-26 09:09:14,888 - base.py[line:152] - WARNING: Not Found: /static/admin/js/admin/RelatedObjectLookups.js
2018-03-26 09:09:14,892 - base.py[line:152] - WARNING: Not Found: /static/admin/js/actions.min.js
2018-03-26 09:09:14,897 - base.py[line:152] - WARNING: Not Found: /static/admin/js/urlify.js
2018-03-26 09:09:14,899 - base.py[line:152] - WARNING: Not Found: /static/admin/js/prepopulate.min.js
2018-03-26 09:09:14,905 - base.py[line:152] - WARNING: Not Found: /static/admin/js/vendor/xregexp/xregexp.min.js
2018-03-26 09:09:14,916 - base.py[line:152] - WARNING: Not Found: /static/admin/js/core.js
2018-03-26 09:09:14,923 - base.py[line:152] - WARNING: Not Found: /static/admin/js/vendor/jquery/jquery.min.js
2018-03-26 09:09:14,927 - base.py[line:152] - WARNING: Not Found: /static/admin/js/jquery.init.js
2018-03-26 09:09:14,938 - base.py[line:152] - WARNING: Not Found: /static/admin/js/admin/RelatedObjectLookups.js
2018-03-26 09:09:14,942 - base.py[line:152] - WARNING: Not Found: /static/admin/js/actions.min.js
2018-03-26 09:09:14,951 - base.py[line:152] - WARNING: Not Found: /static/admin/js/urlify.js
2018-03-26 09:09:14,956 - base.py[line:152] - WARNING: Not Found: /static/admin/js/prepopulate.min.js
2018-03-26 09:09:14,961 - base.py[line:152] - WARNING: Not Found: /static/admin/js/vendor/xregexp/xregexp.min.js
2018-03-26 09:09:48,789 - base.py[line:152] - WARNING: Not Found: /static/admin/css/base.css
2018-03-26 09:09:48,791 - base.py[line:152] - WARNING: Not Found: /static/admin/css/changelists.css
2018-03-26 09:09:48,800 - base.py[line:152] - WARNING: Not Found: /static/admin/js/jquery.init.js
2018-03-26 09:09:48,803 - base.py[line:152] - WARNING: Not Found: /static/admin/js/vendor/jquery/jquery.min.js
2018-03-26 09:09:48,807 - base.py[line:152] - WARNING: Not Found: /static/admin/js/core.js
2018-03-26 09:09:48,809 - base.py[line:152] - WARNING: Not Found: /static/admin/js/actions.min.js
2018-03-26 09:09:48,810 - base.py[line:152] - WARNING: Not Found: /static/admin/js/admin/RelatedObjectLookups.js
2018-03-26 09:09:48,820 - base.py[line:152] - WARNING: Not Found: /static/admin/js/prepopulate.min.js
2018-03-26 09:09:48,821 - base.py[line:152] - WARNING: Not Found: /static/admin/js/urlify.js
2018-03-26 09:09:48,822 - base.py[line:152] - WARNING: Not Found: /static/admin/js/vendor/xregexp/xregexp.min.js
2018-03-26 09:09:48,833 - base.py[line:152] - WARNING: Not Found: /static/admin/js/core.js
2018-03-26 09:09:48,837 - base.py[line:152] - WARNING: Not Found: /static/admin/js/vendor/jquery/jquery.min.js
2018-03-26 09:09:48,841 - base.py[line:152] - WARNING: Not Found: /static/admin/js/jquery.init.js
2018-03-26 09:09:48,845 - base.py[line:152] - WARNING: Not Found: /static/admin/js/admin/RelatedObjectLookups.js
2018-03-26 09:09:48,849 - base.py[line:152] - WARNING: Not Found: /static/admin/js/actions.min.js
2018-03-26 09:09:48,854 - base.py[line:152] - WARNING: Not Found: /static/admin/js/urlify.js
2018-03-26 09:09:48,858 - base.py[line:152] - WARNING: Not Found: /static/admin/js/prepopulate.min.js
2018-03-26 09:09:48,863 - base.py[line:152] - WARNING: Not Found: /static/admin/js/vendor/xregexp/xregexp.min.js
2018-03-26 09:09:49,623 - base.py[line:152] - WARNING: Not Found: /static/admin/css/base.css
2018-03-26 09:09:49,625 - base.py[line:152] - WARNING: Not Found: /static/admin/css/changelists.css
2018-03-26 09:09:49,630 - base.py[line:152] - WARNING: Not Found: /static/admin/js/core.js
2018-03-26 09:09:49,633 - base.py[line:152] - WARNING: Not Found: /static/admin/js/vendor/jquery/jquery.min.js
2018-03-26 09:09:49,637 - base.py[line:152] - WARNING: Not Found: /static/admin/js/jquery.init.js
2018-03-26 09:09:49,641 - base.py[line:152] - WARNING: Not Found: /static/admin/js/admin/RelatedObjectLookups.js
2018-03-26 09:09:49,642 - base.py[line:152] - WARNING: Not Found: /static/admin/js/actions.min.js
2018-03-26 09:09:49,645 - base.py[line:152] - WARNING: Not Found: /static/admin/js/urlify.js
2018-03-26 09:09:49,648 - base.py[line:152] - WARNING: Not Found: /static/admin/js/prepopulate.min.js
2018-03-26 09:09:49,654 - base.py[line:152] - WARNING: Not Found: /static/admin/js/vendor/xregexp/xregexp.min.js
2018-03-26 09:09:49,662 - base.py[line:152] - WARNING: Not Found: /static/admin/js/core.js
2018-03-26 09:09:49,666 - base.py[line:152] - WARNING: Not Found: /static/admin/js/vendor/jquery/jquery.min.js
2018-03-26 09:09:49,671 - base.py[line:152] - WARNING: Not Found: /static/admin/js/jquery.init.js
2018-03-26 09:09:49,675 - base.py[line:152] - WARNING: Not Found: /static/admin/js/admin/RelatedObjectLookups.js
2018-03-26 09:09:49,679 - base.py[line:152] - WARNING: Not Found: /static/admin/js/actions.min.js
2018-03-26 09:09:49,683 - base.py[line:152] - WARNING: Not Found: /static/admin/js/urlify.js
2018-03-26 09:09:49,689 - base.py[line:152] - WARNING: Not Found: /static/admin/js/prepopulate.min.js
2018-03-26 09:09:49,695 - base.py[line:152] - WARNING: Not Found: /static/admin/js/vendor/xregexp/xregexp.min.js
2018-03-26 09:09:50,379 - base.py[line:152] - WARNING: Not Found: /static/admin/css/base.css
2018-03-26 09:09:50,383 - base.py[line:152] - WARNING: Not Found: /static/admin/css/changelists.css
2018-03-26 09:09:50,388 - base.py[line:152] - WARNING: Not Found: /static/admin/js/core.js
2018-03-26 09:09:50,390 - base.py[line:152] - WARNING: Not Found: /static/admin/js/vendor/jquery/jquery.min.js
2018-03-26 09:09:50,393 - base.py[line:152] - WARNING: Not Found: /static/admin/js/jquery.init.js
2018-03-26 09:09:50,396 - base.py[line:152] - WARNING: Not Found: /static/admin/js/admin/RelatedObjectLookups.js
2018-03-26 09:09:50,400 - base.py[line:152] - WARNING: Not Found: /static/admin/js/actions.min.js
2018-03-26 09:09:50,403 - base.py[line:152] - WARNING: Not Found: /static/admin/js/urlify.js
2018-03-26 09:09:50,407 - base.py[line:152] - WARNING: Not Found: /static/admin/js/prepopulate.min.js
2018-03-26 09:09:50,440 - base.py[line:152] - WARNING: Not Found: /static/admin/js/vendor/xregexp/xregexp.min.js
2018-03-26 09:09:50,452 - base.py[line:152] - WARNING: Not Found: /static/admin/js/core.js
2018-03-26 09:09:50,456 - base.py[line:152] - WARNING: Not Found: /static/admin/js/vendor/jquery/jquery.min.js
2018-03-26 09:09:50,460 - base.py[line:152] - WARNING: Not Found: /static/admin/js/jquery.init.js
2018-03-26 09:09:50,464 - base.py[line:152] - WARNING: Not Found: /static/admin/js/admin/RelatedObjectLookups.js
2018-03-26 09:09:50,472 - base.py[line:152] - WARNING: Not Found: /static/admin/js/actions.min.js
2018-03-26 09:09:50,477 - base.py[line:152] - WARNING: Not Found: /static/admin/js/urlify.js
2018-03-26 09:09:50,481 - base.py[line:152] - WARNING: Not Found: /static/admin/js/prepopulate.min.js
2018-03-26 09:09:50,485 - base.py[line:152] - WARNING: Not Found: /static/admin/js/vendor/xregexp/xregexp.min.js
2018-03-26 09:11:07,934 - base.py[line:152] - WARNING: Not Found: /static/admin/css/changelists.css
2018-03-26 09:11:07,938 - base.py[line:152] - WARNING: Not Found: /static/admin/css/base.css
2018-03-26 09:11:07,940 - base.py[line:152] - WARNING: Not Found: /static/admin/js/core.js
2018-03-26 09:11:07,944 - base.py[line:152] - WARNING: Not Found: /static/admin/js/vendor/jquery/jquery.min.js
2018-03-26 09:11:07,947 - base.py[line:152] - WARNING: Not Found: /static/admin/js/jquery.init.js
2018-03-26 09:11:07,975 - base.py[line:152] - WARNING: Not Found: /static/admin/js/admin/RelatedObjectLookups.js
2018-03-26 09:11:07,978 - base.py[line:152] - WARNING: Not Found: /static/admin/js/actions.min.js
2018-03-26 09:11:07,980 - base.py[line:152] - WARNING: Not Found: /static/admin/js/urlify.js
2018-03-26 09:11:07,982 - base.py[line:152] - WARNING: Not Found: /static/admin/js/prepopulate.min.js
2018-03-26 09:11:07,984 - base.py[line:152] - WARNING: Not Found: /static/admin/js/vendor/xregexp/xregexp.min.js
2018-03-26 09:11:07,987 - base.py[line:152] - WARNING: Not Found: /static/admin/js/core.js
2018-03-26 09:11:08,001 - base.py[line:152] - WARNING: Not Found: /static/admin/js/vendor/jquery/jquery.min.js
2018-03-26 09:11:08,007 - base.py[line:152] - WARNING: Not Found: /static/admin/js/jquery.init.js
2018-03-26 09:11:08,012 - base.py[line:152] - WARNING: Not Found: /static/admin/js/admin/RelatedObjectLookups.js
2018-03-26 09:11:08,017 - base.py[line:152] - WARNING: Not Found: /static/admin/js/actions.min.js
2018-03-26 09:11:08,021 - base.py[line:152] - WARNING: Not Found: /static/admin/js/urlify.js
2018-03-26 09:11:08,025 - base.py[line:152] - WARNING: Not Found: /static/admin/js/prepopulate.min.js
2018-03-26 09:11:08,032 - base.py[line:152] - WARNING: Not Found: /static/admin/js/vendor/xregexp/xregexp.min.js
2018-03-26 09:11:33,525 - base.py[line:152] - WARNING: Not Found: /static/admin/css/base.css
2018-03-26 09:11:33,527 - base.py[line:152] - WARNING: Not Found: /static/admin/js/core.js
2018-03-26 09:11:33,533 - base.py[line:152] - WARNING: Not Found: /static/admin/js/vendor/jquery/jquery.min.js
2018-03-26 09:11:33,537 - base.py[line:152] - WARNING: Not Found: /static/admin/js/jquery.init.js
2018-03-26 09:11:33,539 - base.py[line:152] - WARNING: Not Found: /static/admin/js/admin/RelatedObjectLookups.js
2018-03-26 09:11:33,542 - base.py[line:152] - WARNING: Not Found: /static/admin/js/actions.min.js
2018-03-26 09:11:33,545 - base.py[line:152] - WARNING: Not Found: /static/admin/js/urlify.js
2018-03-26 09:11:33,549 - base.py[line:152] - WARNING: Not Found: /static/admin/js/prepopulate.min.js
2018-03-26 09:11:33,551 - base.py[line:152] - WARNING: Not Found: /static/admin/js/vendor/xregexp/xregexp.min.js
2018-03-26 09:11:33,556 - base.py[line:152] - WARNING: Not Found: /static/admin/js/vendor/xregexp/xregexp.min.js
2018-03-26 09:11:38,306 - base.py[line:152] - WARNING: Not Found: /static/admin/css/base.css
2018-03-26 09:11:38,309 - base.py[line:152] - WARNING: Not Found: /static/admin/css/changelists.css
2018-03-26 09:11:38,316 - base.py[line:152] - WARNING: Not Found: /static/admin/js/core.js
2018-03-26 09:11:38,319 - base.py[line:152] - WARNING: Not Found: /static/admin/js/vendor/jquery/jquery.min.js
2018-03-26 09:11:38,322 - base.py[line:152] - WARNING: Not Found: /static/admin/js/jquery.init.js
2018-03-26 09:11:38,326 - base.py[line:152] - WARNING: Not Found: /static/admin/js/admin/RelatedObjectLookups.js
2018-03-26 09:11:38,328 - base.py[line:152] - WARNING: Not Found: /static/admin/js/actions.min.js
2018-03-26 09:11:38,332 - base.py[line:152] - WARNING: Not Found: /static/admin/js/urlify.js
2018-03-26 09:11:38,336 - base.py[line:152] - WARNING: Not Found: /static/admin/js/prepopulate.min.js
2018-03-26 09:11:38,345 - base.py[line:152] - WARNING: Not Found: /static/admin/js/vendor/xregexp/xregexp.min.js
2018-03-26 09:11:38,349 - base.py[line:152] - WARNING: Not Found: /static/admin/js/core.js
2018-03-26 09:11:38,352 - base.py[line:152] - WARNING: Not Found: /static/admin/js/vendor/jquery/jquery.min.js
2018-03-26 09:11:38,356 - base.py[line:152] - WARNING: Not Found: /static/admin/js/jquery.init.js
2018-03-26 09:11:38,360 - base.py[line:152] - WARNING: Not Found: /static/admin/js/admin/RelatedObjectLookups.js
2018-03-26 09:11:38,365 - base.py[line:152] - WARNING: Not Found: /static/admin/js/actions.min.js
2018-03-26 09:11:38,369 - base.py[line:152] - WARNING: Not Found: /static/admin/js/urlify.js
2018-03-26 09:11:38,374 - base.py[line:152] - WARNING: Not Found: /static/admin/js/prepopulate.min.js
2018-03-26 09:11:38,378 - base.py[line:152] - WARNING: Not Found: /static/admin/js/vendor/xregexp/xregexp.min.js
2018-03-26 09:11:38,901 - base.py[line:152] - WARNING: Not Found: /static/admin/css/base.css
2018-03-26 09:11:38,904 - base.py[line:152] - WARNING: Not Found: /static/admin/css/changelists.css
2018-03-26 09:11:38,908 - base.py[line:152] - WARNING: Not Found: /static/admin/js/core.js
2018-03-26 09:11:38,912 - base.py[line:152] - WARNING: Not Found: /static/admin/js/vendor/jquery/jquery.min.js
2018-03-26 09:11:38,916 - base.py[line:152] - WARNING: Not Found: /static/admin/js/jquery.init.js
2018-03-26 09:11:38,918 - base.py[line:152] - WARNING: Not Found: /static/admin/js/admin/RelatedObjectLookups.js
2018-03-26 09:11:38,921 - base.py[line:152] - WARNING: Not Found: /static/admin/js/actions.min.js
2018-03-26 09:11:38,924 - base.py[line:152] - WARNING: Not Found: /static/admin/js/urlify.js
2018-03-26 09:11:38,927 - base.py[line:152] - WARNING: Not Found: /static/admin/js/prepopulate.min.js
2018-03-26 09:11:38,931 - base.py[line:152] - WARNING: Not Found: /static/admin/js/vendor/xregexp/xregexp.min.js
2018-03-26 09:11:38,942 - base.py[line:152] - WARNING: Not Found: /static/admin/js/core.js
2018-03-26 09:11:38,947 - base.py[line:152] - WARNING: Not Found: /static/admin/js/vendor/jquery/jquery.min.js
2018-03-26 09:11:38,951 - base.py[line:152] - WARNING: Not Found: /static/admin/js/jquery.init.js
2018-03-26 09:11:38,955 - base.py[line:152] - WARNING: Not Found: /static/admin/js/admin/RelatedObjectLookups.js
2018-03-26 09:11:38,960 - base.py[line:152] - WARNING: Not Found: /static/admin/js/actions.min.js
2018-03-26 09:11:38,965 - base.py[line:152] - WARNING: Not Found: /static/admin/js/urlify.js
2018-03-26 09:11:38,969 - base.py[line:152] - WARNING: Not Found: /static/admin/js/prepopulate.min.js
2018-03-26 09:11:38,973 - base.py[line:152] - WARNING: Not Found: /static/admin/js/vendor/xregexp/xregexp.min.js
2018-03-26 09:22:20,444 - base.py[line:152] - WARNING: Not Found: /static/admin/css/base.css
2018-03-26 09:22:20,448 - base.py[line:152] - WARNING: Not Found: /static/admin/css/changelists.css
2018-03-26 09:22:20,453 - base.py[line:152] - WARNING: Not Found: /static/admin/js/core.js
2018-03-26 09:22:20,455 - base.py[line:152] - WARNING: Not Found: /static/admin/js/jquery.init.js
2018-03-26 09:22:20,457 - base.py[line:152] - WARNING: Not Found: /static/admin/js/vendor/jquery/jquery.min.js
2018-03-26 09:22:20,463 - base.py[line:152] - WARNING: Not Found: /static/admin/js/admin/RelatedObjectLookups.js
2018-03-26 09:22:20,465 - base.py[line:152] - WARNING: Not Found: /static/admin/js/actions.min.js
2018-03-26 09:22:20,468 - base.py[line:152] - WARNING: Not Found: /static/admin/js/urlify.js
2018-03-26 09:22:20,473 - base.py[line:152] - WARNING: Not Found: /static/admin/js/prepopulate.min.js
2018-03-26 09:22:20,475 - base.py[line:152] - WARNING: Not Found: /static/admin/js/vendor/xregexp/xregexp.min.js
2018-03-26 09:22:20,489 - base.py[line:152] - WARNING: Not Found: /static/admin/js/core.js
2018-03-26 09:22:20,493 - base.py[line:152] - WARNING: Not Found: /static/admin/js/vendor/jquery/jquery.min.js
2018-03-26 09:22:20,497 - base.py[line:152] - WARNING: Not Found: /static/admin/js/jquery.init.js
2018-03-26 09:22:20,506 - base.py[line:152] - WARNING: Not Found: /static/admin/js/admin/RelatedObjectLookups.js
2018-03-26 09:22:20,512 - base.py[line:152] - WARNING: Not Found: /static/admin/js/actions.min.js
2018-03-26 09:22:20,516 - base.py[line:152] - WARNING: Not Found: /static/admin/js/urlify.js
2018-03-26 09:22:20,524 - base.py[line:152] - WARNING: Not Found: /static/admin/js/prepopulate.min.js
2018-03-26 09:22:20,528 - base.py[line:152] - WARNING: Not Found: /static/admin/js/vendor/xregexp/xregexp.min.js
2018-03-26 09:22:22,212 - base.py[line:152] - WARNING: Not Found: /static/admin/css/base.css
2018-03-26 09:22:24,807 - base.py[line:152] - WARNING: Not Found: /static/admin/css/base.css
2018-03-26 09:22:24,809 - base.py[line:152] - WARNING: Not Found: /static/admin/css/changelists.css
2018-03-26 09:22:24,812 - base.py[line:152] - WARNING: Not Found: /static/admin/js/core.js
2018-03-26 09:22:24,820 - base.py[line:152] - WARNING: Not Found: /static/admin/js/vendor/jquery/jquery.min.js
2018-03-26 09:22:24,821 - base.py[line:152] - WARNING: Not Found: /static/admin/js/jquery.init.js
2018-03-26 09:22:24,824 - base.py[line:152] - WARNING: Not Found: /static/admin/js/admin/RelatedObjectLookups.js
2018-03-26 09:22:24,826 - base.py[line:152] - WARNING: Not Found: /static/admin/js/actions.min.js
2018-03-26 09:22:24,838 - base.py[line:152] - WARNING: Not Found: /static/admin/js/urlify.js
2018-03-26 09:22:24,839 - base.py[line:152] - WARNING: Not Found: /static/admin/js/prepopulate.min.js
2018-03-26 09:22:24,842 - base.py[line:152] - WARNING: Not Found: /static/admin/js/vendor/xregexp/xregexp.min.js
2018-03-26 09:22:24,844 - base.py[line:152] - WARNING: Not Found: /static/admin/js/core.js
2018-03-26 09:22:24,849 - base.py[line:152] - WARNING: Not Found: /static/admin/js/vendor/jquery/jquery.min.js
2018-03-26 09:22:24,855 - base.py[line:152] - WARNING: Not Found: /static/admin/js/jquery.init.js
2018-03-26 09:22:24,859 - base.py[line:152] - WARNING: Not Found: /static/admin/js/admin/RelatedObjectLookups.js
2018-03-26 09:22:24,863 - base.py[line:152] - WARNING: Not Found: /static/admin/js/actions.min.js
2018-03-26 09:22:24,867 - base.py[line:152] - WARNING: Not Found: /static/admin/js/urlify.js
2018-03-26 09:22:24,872 - base.py[line:152] - WARNING: Not Found: /static/admin/js/prepopulate.min.js
2018-03-26 09:22:24,876 - base.py[line:152] - WARNING: Not Found: /static/admin/js/vendor/xregexp/xregexp.min.js
2018-03-26 16:53:07,911 - base.py[line:152] - WARNING: Not Found: /static/admin/css/base.css
2018-03-26 16:53:07,913 - base.py[line:152] - WARNING: Not Found: /static/admin/css/changelists.css
2018-03-26 16:53:07,918 - base.py[line:152] - WARNING: Not Found: /static/admin/js/core.js
2018-03-26 16:53:07,921 - base.py[line:152] - WARNING: Not Found: /static/admin/js/vendor/jquery/jquery.min.js
2018-03-26 16:53:07,925 - base.py[line:152] - WARNING: Not Found: /static/admin/js/jquery.init.js
2018-03-26 16:53:07,927 - base.py[line:152] - WARNING: Not Found: /static/admin/js/admin/RelatedObjectLookups.js
2018-03-26 16:53:07,932 - base.py[line:152] - WARNING: Not Found: /static/admin/js/actions.min.js
2018-03-26 16:53:07,936 - base.py[line:152] - WARNING: Not Found: /static/admin/js/urlify.js
2018-03-26 16:53:07,939 - base.py[line:152] - WARNING: Not Found: /static/admin/js/prepopulate.min.js
2018-03-26 16:53:07,942 - base.py[line:152] - WARNING: Not Found: /static/admin/js/vendor/xregexp/xregexp.min.js
2018-03-26 16:53:07,957 - base.py[line:152] - WARNING: Not Found: /static/admin/js/core.js
2018-03-26 16:53:07,961 - base.py[line:152] - WARNING: Not Found: /static/admin/js/vendor/jquery/jquery.min.js
2018-03-26 16:53:07,964 - base.py[line:152] - WARNING: Not Found: /static/admin/js/jquery.init.js
2018-03-26 16:53:07,968 - base.py[line:152] - WARNING: Not Found: /static/admin/js/admin/RelatedObjectLookups.js
2018-03-26 16:53:07,972 - base.py[line:152] - WARNING: Not Found: /static/admin/js/actions.min.js
2018-03-26 16:53:07,977 - base.py[line:152] - WARNING: Not Found: /static/admin/js/urlify.js
2018-03-26 16:53:07,981 - base.py[line:152] - WARNING: Not Found: /static/admin/js/prepopulate.min.js
2018-03-26 16:53:07,985 - base.py[line:152] - WARNING: Not Found: /static/admin/js/vendor/xregexp/xregexp.min.js
2018-03-26 19:51:31,441 - base.py[line:152] - WARNING: Not Found: /static/css/mycss.css
2018-03-26 19:51:31,614 - base.py[line:152] - WARNING: Not Found: /favicon.ico
2018-03-26 19:51:35,700 - base.py[line:152] - WARNING: Not Found: /static/admin/css/base.css
2018-03-26 19:51:35,703 - base.py[line:152] - WARNING: Not Found: /static/admin/css/dashboard.css
2018-03-26 19:51:39,584 - base.py[line:152] - WARNING: Not Found: /static/admin/css/base.css
2018-03-26 19:51:39,587 - base.py[line:152] - WARNING: Not Found: /static/admin/css/changelists.css
2018-03-26 19:51:39,591 - base.py[line:152] - WARNING: Not Found: /static/admin/js/core.js
2018-03-26 19:51:39,594 - base.py[line:152] - WARNING: Not Found: /static/admin/js/vendor/jquery/jquery.min.js
2018-03-26 19:51:39,598 - base.py[line:152] - WARNING: Not Found: /static/admin/js/jquery.init.js
2018-03-26 19:51:39,601 - base.py[line:152] - WARNING: Not Found: /static/admin/js/admin/RelatedObjectLookups.js
2018-03-26 19:51:39,604 - base.py[line:152] - WARNING: Not Found: /static/admin/js/actions.min.js
2018-03-26 19:51:39,608 - base.py[line:152] - WARNING: Not Found: /static/admin/js/urlify.js
2018-03-26 19:51:39,617 - base.py[line:152] - WARNING: Not Found: /static/admin/js/prepopulate.min.js
2018-03-26 19:51:39,618 - base.py[line:152] - WARNING: Not Found: /static/admin/js/vendor/xregexp/xregexp.min.js
2018-03-26 19:51:39,623 - base.py[line:152] - WARNING: Not Found: /static/admin/js/core.js
2018-03-26 19:51:39,629 - base.py[line:152] - WARNING: Not Found: /static/admin/js/vendor/jquery/jquery.min.js
2018-03-26 19:51:39,636 - base.py[line:152] - WARNING: Not Found: /static/admin/js/jquery.init.js
2018-03-26 19:51:39,646 - base.py[line:152] - WARNING: Not Found: /static/admin/js/admin/RelatedObjectLookups.js
2018-03-26 19:51:39,649 - base.py[line:152] - WARNING: Not Found: /static/admin/js/actions.min.js
2018-03-26 19:51:39,656 - base.py[line:152] - WARNING: Not Found: /static/admin/js/urlify.js
2018-03-26 19:51:39,664 - base.py[line:152] - WARNING: Not Found: /static/admin/js/prepopulate.min.js
2018-03-26 19:51:39,667 - base.py[line:152] - WARNING: Not Found: /static/admin/js/vendor/xregexp/xregexp.min.js
2018-03-26 19:51:42,930 - base.py[line:152] - WARNING: Not Found: /static/admin/css/base.css
2018-03-26 19:51:42,934 - base.py[line:152] - WARNING: Not Found: /static/admin/js/vendor/jquery/jquery.min.js
2018-03-26 19:51:42,935 - base.py[line:152] - WARNING: Not Found: /static/admin/js/jquery.init.js
2018-03-26 19:51:42,941 - base.py[line:152] - WARNING: Not Found: /static/admin/js/core.js
2018-03-26 19:51:42,944 - base.py[line:152] - WARNING: Not Found: /static/admin/js/admin/RelatedObjectLookups.js
2018-03-26 19:51:42,945 - base.py[line:152] - WARNING: Not Found: /static/admin/css/changelists.css
2018-03-26 19:51:42,947 - base.py[line:152] - WARNING: Not Found: /static/admin/js/actions.min.js
2018-03-26 19:51:42,949 - base.py[line:152] - WARNING: Not Found: /static/admin/js/urlify.js
2018-03-26 19:51:42,962 - base.py[line:152] - WARNING: Not Found: /static/admin/js/prepopulate.min.js
2018-03-26 19:51:42,963 - base.py[line:152] - WARNING: Not Found: /static/admin/js/vendor/xregexp/xregexp.min.js
2018-03-26 19:51:42,975 - base.py[line:152] - WARNING: Not Found: /static/admin/js/core.js
2018-03-26 19:51:42,981 - base.py[line:152] - WARNING: Not Found: /static/admin/js/vendor/jquery/jquery.min.js
2018-03-26 19:51:42,985 - base.py[line:152] - WARNING: Not Found: /static/admin/js/jquery.init.js
2018-03-26 19:51:42,992 - base.py[line:152] - WARNING: Not Found: /static/admin/js/admin/RelatedObjectLookups.js
2018-03-26 19:51:42,998 - base.py[line:152] - WARNING: Not Found: /static/admin/js/actions.min.js
2018-03-26 19:51:43,002 - base.py[line:152] - WARNING: Not Found: /static/admin/js/urlify.js
2018-03-26 19:51:43,004 - base.py[line:152] - WARNING: Not Found: /static/admin/js/prepopulate.min.js
2018-03-26 19:51:43,015 - base.py[line:152] - WARNING: Not Found: /static/admin/js/vendor/xregexp/xregexp.min.js
2018-03-26 19:55:54,280 - base.py[line:152] - WARNING: Not Found: /static/admin/css/base.css
2018-03-26 19:55:54,283 - base.py[line:152] - WARNING: Not Found: /static/admin/js/core.js
2018-03-26 19:55:54,290 - base.py[line:152] - WARNING: Not Found: /static/admin/js/vendor/jquery/jquery.min.js
2018-03-26 19:55:54,292 - base.py[line:152] - WARNING: Not Found: /static/admin/js/jquery.init.js
2018-03-26 19:55:54,294 - base.py[line:152] - WARNING: Not Found: /static/admin/js/admin/RelatedObjectLookups.js
2018-03-26 19:55:54,296 - base.py[line:152] - WARNING: Not Found: /static/admin/js/actions.min.js
2018-03-26 19:55:54,299 - base.py[line:152] - WARNING: Not Found: /static/admin/js/urlify.js
2018-03-26 19:55:54,300 - base.py[line:152] - WARNING: Not Found: /static/admin/js/prepopulate.min.js
2018-03-26 19:55:54,302 - base.py[line:152] - WARNING: Not Found: /static/admin/js/vendor/xregexp/xregexp.min.js
2018-03-26 19:55:54,313 - base.py[line:152] - WARNING: Not Found: /static/admin/js/core.js
2018-03-26 19:55:54,315 - base.py[line:152] - WARNING: Not Found: /static/admin/js/vendor/jquery/jquery.min.js
2018-03-26 19:55:54,318 - base.py[line:152] - WARNING: Not Found: /static/admin/js/jquery.init.js
2018-03-26 19:55:54,322 - base.py[line:152] - WARNING: Not Found: /static/admin/js/admin/RelatedObjectLookups.js
2018-03-26 19:55:54,325 - base.py[line:152] - WARNING: Not Found: /static/admin/js/actions.min.js
2018-03-26 19:55:54,329 - base.py[line:152] - WARNING: Not Found: /static/admin/js/urlify.js
2018-03-26 19:55:54,332 - base.py[line:152] - WARNING: Not Found: /static/admin/js/prepopulate.min.js
2018-03-26 19:55:54,336 - base.py[line:152] - WARNING: Not Found: /static/admin/js/vendor/xregexp/xregexp.min.js
2018-03-26 19:56:03,529 - base.py[line:152] - WARNING: Not Found: /static/admin/css/base.css
2018-03-26 19:56:03,532 - base.py[line:152] - WARNING: Not Found: /static/admin/css/changelists.css
2018-03-26 19:56:03,536 - base.py[line:152] - WARNING: Not Found: /static/admin/js/core.js
2018-03-26 19:56:03,539 - base.py[line:152] - WARNING: Not Found: /static/admin/js/vendor/jquery/jquery.min.js
2018-03-26 19:56:03,541 - base.py[line:152] - WARNING: Not Found: /static/admin/js/jquery.init.js
2018-03-26 19:56:03,543 - base.py[line:152] - WARNING: Not Found: /static/admin/js/admin/RelatedObjectLookups.js
2018-03-26 19:56:03,547 - base.py[line:152] - WARNING: Not Found: /static/admin/js/actions.min.js
2018-03-26 19:56:03,550 - base.py[line:152] - WARNING: Not Found: /static/admin/js/prepopulate.min.js
2018-03-26 19:56:03,551 - base.py[line:152] - WARNING: Not Found: /static/admin/js/urlify.js
2018-03-26 19:56:03,555 - base.py[line:152] - WARNING: Not Found: /static/admin/js/vendor/xregexp/xregexp.min.js
2018-03-26 19:56:03,565 - base.py[line:152] - WARNING: Not Found: /static/admin/js/core.js
2018-03-26 19:56:03,569 - base.py[line:152] - WARNING: Not Found: /static/admin/js/vendor/jquery/jquery.min.js
2018-03-26 19:56:03,572 - base.py[line:152] - WARNING: Not Found: /static/admin/js/jquery.init.js
2018-03-26 19:56:03,576 - base.py[line:152] - WARNING: Not Found: /static/admin/js/admin/RelatedObjectLookups.js
2018-03-26 19:56:03,580 - base.py[line:152] - WARNING: Not Found: /static/admin/js/actions.min.js
2018-03-26 19:56:03,584 - base.py[line:152] - WARNING: Not Found: /static/admin/js/urlify.js
2018-03-26 19:56:03,587 - base.py[line:152] - WARNING: Not Found: /static/admin/js/prepopulate.min.js
2018-03-26 19:56:03,590 - base.py[line:152] - WARNING: Not Found: /static/admin/js/vendor/xregexp/xregexp.min.js
2018-03-26 19:56:05,169 - base.py[line:152] - WARNING: Not Found: /static/admin/css/base.css
2018-03-26 19:56:05,171 - base.py[line:152] - WARNING: Not Found: /static/admin/js/core.js
2018-03-26 19:56:05,175 - base.py[line:152] - WARNING: Not Found: /static/admin/js/vendor/jquery/jquery.min.js
2018-03-26 19:56:05,179 - base.py[line:152] - WARNING: Not Found: /static/admin/js/jquery.init.js
2018-03-26 19:56:05,181 - base.py[line:152] - WARNING: Not Found: /static/admin/js/admin/RelatedObjectLookups.js
2018-03-26 19:56:05,183 - base.py[line:152] - WARNING: Not Found: /static/admin/js/actions.min.js
2018-03-26 19:56:05,186 - base.py[line:152] - WARNING: Not Found: /static/admin/js/prepopulate.min.js
2018-03-26 19:56:05,188 - base.py[line:152] - WARNING: Not Found: /static/admin/js/urlify.js
2018-03-26 19:56:05,194 - base.py[line:152] - WARNING: Not Found: /static/admin/js/vendor/xregexp/xregexp.min.js
2018-03-26 19:56:05,198 - base.py[line:152] - WARNING: Not Found: /static/admin/js/core.js
2018-03-26 19:56:05,201 - base.py[line:152] - WARNING: Not Found: /static/admin/js/vendor/jquery/jquery.min.js
2018-03-26 19:56:05,204 - base.py[line:152] - WARNING: Not Found: /static/admin/js/jquery.init.js
2018-03-26 19:56:05,207 - base.py[line:152] - WARNING: Not Found: /static/admin/js/admin/RelatedObjectLookups.js
2018-03-26 19:56:05,211 - base.py[line:152] - WARNING: Not Found: /static/admin/js/actions.min.js
2018-03-26 19:56:05,214 - base.py[line:152] - WARNING: Not Found: /static/admin/js/urlify.js
2018-03-26 19:56:05,218 - base.py[line:152] - WARNING: Not Found: /static/admin/js/prepopulate.min.js
2018-03-26 19:56:05,221 - base.py[line:152] - WARNING: Not Found: /static/admin/js/vendor/xregexp/xregexp.min.js
2018-03-26 19:57:56,280 - base.py[line:152] - WARNING: Not Found: /static/admin/css/base.css
2018-03-26 19:57:56,282 - base.py[line:152] - WARNING: Not Found: /static/admin/css/changelists.css
2018-03-26 19:57:56,286 - base.py[line:152] - WARNING: Not Found: /static/admin/js/core.js
2018-03-26 19:57:56,288 - base.py[line:152] - WARNING: Not Found: /static/admin/js/vendor/jquery/jquery.min.js
2018-03-26 19:57:56,291 - base.py[line:152] - WARNING: Not Found: /static/admin/js/jquery.init.js
2018-03-26 19:57:56,292 - base.py[line:152] - WARNING: Not Found: /static/admin/js/admin/RelatedObjectLookups.js
2018-03-26 19:57:56,298 - base.py[line:152] - WARNING: Not Found: /static/admin/js/urlify.js
2018-03-26 19:57:56,299 - base.py[line:152] - WARNING: Not Found: /static/admin/js/actions.min.js
2018-03-26 19:57:56,300 - base.py[line:152] - WARNING: Not Found: /static/admin/js/prepopulate.min.js
2018-03-26 19:57:56,304 - base.py[line:152] - WARNING: Not Found: /static/admin/js/vendor/xregexp/xregexp.min.js
2018-03-26 19:57:56,314 - base.py[line:152] - WARNING: Not Found: /static/admin/js/core.js
2018-03-26 19:57:56,317 - base.py[line:152] - WARNING: Not Found: /static/admin/js/vendor/jquery/jquery.min.js
2018-03-26 19:57:56,320 - base.py[line:152] - WARNING: Not Found: /static/admin/js/jquery.init.js
2018-03-26 19:57:56,325 - base.py[line:152] - WARNING: Not Found: /static/admin/js/admin/RelatedObjectLookups.js
2018-03-26 19:57:56,329 - base.py[line:152] - WARNING: Not Found: /static/admin/js/actions.min.js
2018-03-26 19:57:56,333 - base.py[line:152] - WARNING: Not Found: /static/admin/js/urlify.js
2018-03-26 19:57:56,337 - base.py[line:152] - WARNING: Not Found: /static/admin/js/prepopulate.min.js
2018-03-26 19:57:56,340 - base.py[line:152] - WARNING: Not Found: /static/admin/js/vendor/xregexp/xregexp.min.js
2018-03-26 19:58:01,799 - base.py[line:152] - WARNING: Not Found: /static/admin/css/base.css
2018-03-26 19:58:01,801 - base.py[line:152] - WARNING: Not Found: /static/admin/js/core.js
2018-03-26 19:58:01,804 - base.py[line:152] - WARNING: Not Found: /static/admin/js/jquery.init.js
2018-03-26 19:58:01,808 - base.py[line:152] - WARNING: Not Found: /static/admin/js/admin/RelatedObjectLookups.js
2018-03-26 19:58:01,810 - base.py[line:152] - WARNING: Not Found: /static/admin/js/vendor/jquery/jquery.min.js
2018-03-26 19:58:01,815 - base.py[line:152] - WARNING: Not Found: /static/admin/js/actions.min.js
2018-03-26 19:58:01,817 - base.py[line:152] - WARNING: Not Found: /static/admin/js/prepopulate.min.js
2018-03-26 19:58:01,818 - base.py[line:152] - WARNING: Not Found: /static/admin/js/urlify.js
2018-03-26 19:58:01,822 - base.py[line:152] - WARNING: Not Found: /static/admin/js/vendor/xregexp/xregexp.min.js
2018-03-26 19:58:01,832 - base.py[line:152] - WARNING: Not Found: /static/admin/js/core.js
2018-03-26 19:58:01,835 - base.py[line:152] - WARNING: Not Found: /static/admin/js/vendor/jquery/jquery.min.js
2018-03-26 19:58:01,838 - base.py[line:152] - WARNING: Not Found: /static/admin/js/jquery.init.js
2018-03-26 19:58:01,842 - base.py[line:152] - WARNING: Not Found: /static/admin/js/admin/RelatedObjectLookups.js
2018-03-26 19:58:01,844 - base.py[line:152] - WARNING: Not Found: /static/admin/js/actions.min.js
2018-03-26 19:58:01,848 - base.py[line:152] - WARNING: Not Found: /static/admin/js/urlify.js
2018-03-26 19:58:01,850 - base.py[line:152] - WARNING: Not Found: /static/admin/js/prepopulate.min.js
2018-03-26 19:58:01,854 - base.py[line:152] - WARNING: Not Found: /static/admin/js/vendor/xregexp/xregexp.min.js
2018-03-26 20:15:51,494 - base.py[line:152] - WARNING: Not Found: /favicon.ico
2018-03-26 21:32:50,991 - base.py[line:152] - WARNING: Not Found: /cache/global/img/gs.gif
2018-03-26 22:11:37,894 - base.py[line:152] - WARNING: Not Found: /
2018-03-27 01:27:12,585 - base.py[line:152] - WARNING: Not Found: /
2018-03-27 01:43:27,126 - base.py[line:152] - WARNING: Not Found: /
2018-03-27 01:43:27,130 - base.py[line:152] - WARNING: Not Found: /
2018-03-27 01:43:27,152 - base.py[line:152] - WARNING: Not Found: /
2018-03-27 01:43:27,156 - base.py[line:152] - WARNING: Not Found: /
2018-03-27 01:43:34,197 - base.py[line:152] - WARNING: Not Found: /
2018-03-27 01:43:34,206 - base.py[line:152] - WARNING: Not Found: /
2018-03-27 06:00:11,550 - base.py[line:152] - WARNING: Not Found: /404/search_children.js
2018-03-27 06:10:53,076 - base.py[line:152] - WARNING: Not Found: /
2018-03-27 08:47:18,552 - dangJianCmd.py[line:394] - ERROR: msg: Expecting value: line 1 column 1 (char 0).
Traceback (most recent call last):
  File "/root/www/dangjianyun/dangjiansite/dangJianCmd.py", line 391, in main
    viewPublic(userobj=userobj, run=run)
  File "/root/www/dangjianyun/dangjiansite/dangJianCmd.py", line 212, in viewPublic
    detail, publicContent = run.doView()
  File "/root/www/dangjianyun/dangjiansite/runner.py", line 411, in doView
    verify=False).json()
  File "/usr/local/python3/lib/python3.6/site-packages/requests/models.py", line 892, in json
    return complexjson.loads(self.text, **kwargs)
  File "/usr/local/python3/lib/python3.6/json/__init__.py", line 354, in loads
    return _default_decoder.decode(s)
  File "/usr/local/python3/lib/python3.6/json/decoder.py", line 339, in decode
    obj, end = self.raw_decode(s, idx=_w(s, 0).end())
  File "/usr/local/python3/lib/python3.6/json/decoder.py", line 357, in raw_decode
    raise JSONDecodeError("Expecting value", s, err.value) from None
json.decoder.JSONDecodeError: Expecting value: line 1 column 1 (char 0)
2018-03-27 08:50:10,492 - base.py[line:152] - WARNING: Not Found: /favicon.ico
2018-03-27 08:53:52,825 - dangJianCmd.py[line:408] - ERROR: msg: 'NoneType' object is not iterable.
Traceback (most recent call last):
  File "/root/www/dangjianyun/dangjiansite/dangJianCmd.py", line 405, in main
    study(userobj=userobj, run=run)
  File "/root/www/dangjianyun/dangjiansite/dangJianCmd.py", line 258, in study
    run.doStudy(mid=mid)
  File "/root/www/dangjianyun/dangjiansite/runner.py", line 570, in doStudy
    self.studyRsults.update(recordFeeling(content=content))
TypeError: 'NoneType' object is not iterable
2018-03-27 08:53:52,854 - dangJianCmd.py[line:449] - ERROR: msg: ''.
Traceback (most recent call last):
  File "/root/www/dangjianyun/dangjiansite/dangJianCmd.py", line 413, in main
    if isFinish(userobj=userobj, run=run):
  File "/root/www/dangjianyun/dangjiansite/dangJianCmd.py", line 66, in isFinish
    scores = checkScore(run)
  File "/root/www/dangjianyun/dangjiansite/views.py", line 335, in checkScore
    'thumb': credInfo[1][''],
KeyError: ''
2018-03-27 09:01:38,459 - base.py[line:152] - WARNING: Not Found: /favicon.ico
2018-03-27 20:45:08,758 - base.py[line:152] - WARNING: Not Found: /cache/global/img/gs.gif
2018-03-27 20:45:12,106 - base.py[line:152] - WARNING: Not Found: /cache/global/img/gs.gif
2018-03-28 00:19:38,858 - dangJianCmd.py[line:408] - ERROR: msg: 'NoneType' object is not iterable.
Traceback (most recent call last):
  File "/root/www/dangjianyun/dangjiansite/dangJianCmd.py", line 405, in main
    study(userobj=userobj, run=run)
  File "/root/www/dangjianyun/dangjiansite/dangJianCmd.py", line 258, in study
    run.doStudy(mid=mid)
  File "/root/www/dangjianyun/dangjiansite/runner.py", line 570, in doStudy
    self.studyRsults.update(recordFeeling(content=content))
TypeError: 'NoneType' object is not iterable
2018-03-28 00:24:50,737 - dangJianCmd.py[line:408] - ERROR: msg: 'NoneType' object is not iterable.
Traceback (most recent call last):
  File "/root/www/dangjianyun/dangjiansite/dangJianCmd.py", line 405, in main
    study(userobj=userobj, run=run)
  File "/root/www/dangjianyun/dangjiansite/dangJianCmd.py", line 258, in study
    run.doStudy(mid=mid)
  File "/root/www/dangjianyun/dangjiansite/runner.py", line 570, in doStudy
    self.studyRsults.update(recordFeeling(content=content))
TypeError: 'NoneType' object is not iterable
2018-03-28 00:30:02,293 - dangJianCmd.py[line:408] - ERROR: msg: 'NoneType' object is not iterable.
Traceback (most recent call last):
  File "/root/www/dangjianyun/dangjiansite/dangJianCmd.py", line 405, in main
    study(userobj=userobj, run=run)
  File "/root/www/dangjianyun/dangjiansite/dangJianCmd.py", line 258, in study
    run.doStudy(mid=mid)
  File "/root/www/dangjianyun/dangjiansite/runner.py", line 570, in doStudy
    self.studyRsults.update(recordFeeling(content=content))
TypeError: 'NoneType' object is not iterable
2018-03-28 00:32:55,777 - base.py[line:152] - WARNING: Not Found: /
2018-03-28 00:32:55,954 - base.py[line:152] - WARNING: Not Found: /
2018-03-28 00:33:01,233 - base.py[line:152] - WARNING: Not Found: /
2018-03-28 00:33:01,246 - base.py[line:152] - WARNING: Not Found: /
2018-03-28 00:33:01,247 - base.py[line:152] - WARNING: Not Found: /
2018-03-28 00:33:01,249 - base.py[line:152] - WARNING: Not Found: /
2018-03-28 00:33:01,250 - base.py[line:152] - WARNING: Not Found: /
2018-03-28 00:33:06,763 - base.py[line:152] - WARNING: Not Found: /
2018-03-28 06:13:55,457 - base.py[line:152] - WARNING: Not Found: /
2018-03-28 08:30:10,386 - base.py[line:152] - WARNING: Not Found: /favicon.ico
2018-03-28 09:05:02,514 - base.py[line:152] - WARNING: Not Found: /
2018-03-28 09:27:28,493 - base.py[line:152] - WARNING: Not Found: /
2018-03-28 17:27:15,508 - base.py[line:152] - WARNING: Not Found: /
2018-03-28 17:40:42,545 - base.py[line:152] - WARNING: Not Found: /favicon.ico
2018-03-29 00:34:43,138 - dangJianCmd.py[line:408] - ERROR: msg: 'NoneType' object is not iterable.
Traceback (most recent call last):
  File "/root/www/dangjianyun/dangjiansite/dangJianCmd.py", line 405, in main
    study(userobj=userobj, run=run)
  File "/root/www/dangjianyun/dangjiansite/dangJianCmd.py", line 258, in study
    run.doStudy(mid=mid)
  File "/root/www/dangjianyun/dangjiansite/runner.py", line 570, in doStudy
    self.studyRsults.update(recordFeeling(content=content))
TypeError: 'NoneType' object is not iterable
2018-03-29 01:23:11,746 - base.py[line:152] - WARNING: Not Found: /check_proxy
2018-03-29 01:39:34,583 - base.py[line:152] - WARNING: Not Found: /
2018-03-29 06:11:48,549 - base.py[line:152] - WARNING: Not Found: /
2018-03-29 08:19:35,233 - base.py[line:152] - WARNING: Not Found: /favicon.ico
2018-03-29 08:19:45,954 - base.py[line:152] - WARNING: Not Found: /favicon.ico
2018-03-29 08:39:51,544 - base.py[line:152] - WARNING: Not Found: /favicon.ico
2018-03-29 08:50:26,996 - base.py[line:152] - WARNING: Not Found: /favicon.ico
2018-03-29 09:27:57,834 - base.py[line:152] - WARNING: Not Found: /
2018-03-29 17:35:34,502 - base.py[line:152] - WARNING: Not Found: /
2018-03-29 17:36:27,558 - base.py[line:152] - WARNING: Not Found: /cache/global/img/gs.gif
2018-03-29 20:38:48,096 - base.py[line:152] - WARNING: Not Found: /favicon.ico
2018-03-29 23:01:25,728 - base.py[line:152] - WARNING: Not Found: /
2018-03-29 23:01:46,893 - base.py[line:152] - WARNING: Not Found: /favicon.ico
2018-03-30 01:29:51,584 - base.py[line:152] - WARNING: Not Found: /
2018-03-30 01:52:05,731 - base.py[line:152] - WARNING: Not Found: /cache/global/img/gs.gif
2018-03-30 03:39:17,383 - base.py[line:152] - WARNING: Not Found: /
2018-03-30 05:15:34,048 - base.py[line:152] - WARNING: Not Found: /
2018-03-30 06:22:01,980 - base.py[line:152] - WARNING: Not Found: /404/search_children.js
2018-03-30 09:30:23,258 - base.py[line:152] - WARNING: Not Found: /
2018-03-30 13:52:00,491 - base.py[line:152] - WARNING: Not Found: /favicon.ico
2018-03-30 14:17:35,053 - base.py[line:152] - WARNING: Not Found: /favicon.ico
2018-03-30 14:18:49,253 - base.py[line:152] - WARNING: Not Found: /favicon.ico
2018-03-30 17:03:15,208 - base.py[line:152] - WARNING: Not Found: /manager/html
2018-03-30 17:29:20,269 - base.py[line:152] - WARNING: Not Found: /
2018-03-31 01:29:41,052 - base.py[line:152] - WARNING: Not Found: /
2018-03-31 06:11:31,353 - base.py[line:152] - WARNING: Not Found: /
2018-03-31 09:27:30,885 - base.py[line:152] - WARNING: Not Found: /
2018-03-31 17:27:28,720 - base.py[line:152] - WARNING: Not Found: /
2018-03-31 23:20:56,216 - base.py[line:152] - WARNING: Not Found: /manager/html
2018-04-01 00:24:57,827 - dangJianCmd.py[line:408] - ERROR: msg: 'NoneType' object is not iterable.
Traceback (most recent call last):
  File "/root/www/dangjianyun/dangjiansite/dangJianCmd.py", line 405, in main
    study(userobj=userobj, run=run)
  File "/root/www/dangjianyun/dangjiansite/dangJianCmd.py", line 258, in study
    run.doStudy(mid=mid)
  File "/root/www/dangjianyun/dangjiansite/runner.py", line 570, in doStudy
    self.studyRsults.update(recordFeeling(content=content))
TypeError: 'NoneType' object is not iterable
2018-04-01 01:31:02,333 - base.py[line:152] - WARNING: Not Found: /
2018-04-01 07:40:33,198 - base.py[line:152] - WARNING: Not Found: /
2018-04-01 09:28:37,835 - base.py[line:152] - WARNING: Not Found: /
2018-04-01 10:33:57,442 - base.py[line:152] - WARNING: Not Found: /
2018-04-01 10:33:57,744 - base.py[line:152] - WARNING: Not Found: /favicon.ico
2018-04-01 10:34:07,573 - base.py[line:152] - WARNING: Not Found: /image/test.jpg
2018-04-01 10:36:00,278 - base.py[line:152] - WARNING: Not Found: /images/swiper
2018-04-01 10:36:03,872 - base.py[line:152] - WARNING: Not Found: /images/swiper/1.jpg
2018-04-01 11:18:45,920 - base.py[line:152] - WARNING: Not Found: /
2018-04-01 11:22:18,625 - base.py[line:152] - WARNING: Not Found: /manager/html
2018-04-01 11:26:20,894 - base.py[line:152] - WARNING: Not Found: /
2018-04-01 11:26:20,920 - base.py[line:152] - WARNING: Not Found: /
2018-04-01 13:28:16,272 - base.py[line:152] - WARNING: Not Found: /cache/global/img/gs.gif
2018-04-01 13:44:03,123 - base.py[line:152] - WARNING: Not Found: /1qiWaz2wRsx3eXdc4rDfv5tgb6yhn7Uujm8Lik999
2018-04-01 16:35:37,972 - base.py[line:152] - WARNING: Not Found: /favicon.ico
2018-04-01 16:37:39,626 - base.py[line:152] - WARNING: Not Found: /favicon.ico
2018-04-01 17:32:55,551 - base.py[line:152] - WARNING: Not Found: /
2018-04-01 18:52:17,789 - base.py[line:152] - WARNING: Not Found: /
2018-04-01 22:16:42,015 - base.py[line:152] - WARNING: Not Found: /favicon.ico
